Using pre-set license
Built from '2021.3/staging' branch; Version is '2021.3.24f1 (cf10dcf7010d) revision 13570268'; Using compiler version '192829333'; Build Type 'Release'
OS: 'Windows 10  (10.0.19045) 64bit Education' Language: 'ko' Physical Memory: 32613 MB
BatchMode: 1, IsHumanControllingUs: 0, StartBugReporterOnCrash: 0, Is64bit: 1, IsPro: 1

COMMAND LINE ARGUMENTS:
C:\Program Files\Unity\Hub\Editor\2021.3.24f1\Editor\Unity.exe
-adb2
-batchMode
-noUpm
-name
AssetImportWorker0
-projectPath
C:/Users/Administrator/Desktop/새 폴더/UnityTutorial
-logFile
Logs/AssetImportWorker0.log
-srvPort
50050
Successfully changed project path to: C:/Users/Administrator/Desktop/새 폴더/UnityTutorial
C:/Users/Administrator/Desktop/새 폴더/UnityTutorial
[UnityMemory] Configuration Parameters - Can be set up in boot.config
    "memorysetup-bucket-allocator-granularity=16"
    "memorysetup-bucket-allocator-bucket-count=8"
    "memorysetup-bucket-allocator-block-size=33554432"
    "memorysetup-bucket-allocator-block-count=8"
    "memorysetup-main-allocator-block-size=16777216"
    "memorysetup-thread-allocator-block-size=16777216"
    "memorysetup-gfx-main-allocator-block-size=16777216"
    "memorysetup-gfx-thread-allocator-block-size=16777216"
    "memorysetup-cache-allocator-block-size=4194304"
    "memorysetup-typetree-allocator-block-size=2097152"
    "memorysetup-profiler-bucket-allocator-granularity=16"
    "memorysetup-profiler-bucket-allocator-bucket-count=8"
    "memorysetup-profiler-bucket-allocator-block-size=33554432"
    "memorysetup-profiler-bucket-allocator-block-count=8"
    "memorysetup-profiler-allocator-block-size=16777216"
    "memorysetup-profiler-editor-allocator-block-size=1048576"
    "memorysetup-temp-allocator-size-main=16777216"
    "memorysetup-job-temp-allocator-block-size=2097152"
    "memorysetup-job-temp-allocator-block-size-background=1048576"
    "memorysetup-job-temp-allocator-reduction-small-platforms=262144"
    "memorysetup-temp-allocator-size-background-worker=32768"
    "memorysetup-temp-allocator-size-job-worker=262144"
    "memorysetup-temp-allocator-size-preload-manager=33554432"
    "memorysetup-temp-allocator-size-nav-mesh-worker=65536"
    "memorysetup-temp-allocator-size-audio-worker=65536"
    "memorysetup-temp-allocator-size-cloud-worker=32768"
    "memorysetup-temp-allocator-size-gi-baking-worker=262144"
    "memorysetup-temp-allocator-size-gfx=262144"
Player connection [17596] Host "[IP] 192.168.0.62 [Port] 0 [Flags] 2 [Guid] 602995950 [EditorId] 602995950 [Version] 1048832 [Id] WindowsEditor(7,DESKTOP-772CCFJ) [Debug] 1 [PackageName] WindowsEditor [ProjectName] Editor" joined multi-casting on [225.0.0.222:54997]...

Player connection [17596] Host "[IP] 192.168.0.62 [Port] 0 [Flags] 2 [Guid] 602995950 [EditorId] 602995950 [Version] 1048832 [Id] WindowsEditor(7,DESKTOP-772CCFJ) [Debug] 1 [PackageName] WindowsEditor [ProjectName] Editor" joined alternative multi-casting on [225.0.0.222:34997]...

Refreshing native plugins compatible for Editor in 64.09 ms, found 3 plugins.
Preloading 0 native plugins for Editor in 0.00 ms.
Initialize engine version: 2021.3.24f1 (cf10dcf7010d)
[Subsystems] Discovering subsystems at path C:/Program Files/Unity/Hub/Editor/2021.3.24f1/Editor/Data/Resources/UnitySubsystems
[Subsystems] Discovering subsystems at path C:/Users/Administrator/Desktop/새 폴더/UnityTutorial/Assets
GfxDevice: creating device client; threaded=0; jobified=0
Direct3D:
    Version:  Direct3D 11.0 [level 11.1]
    Renderer: NVIDIA GeForce RTX 3060 (ID=0x2504)
    Vendor:   NVIDIA
    VRAM:     12129 MB
    Driver:   31.0.15.3179
Initialize mono
Mono path[0] = 'C:/Program Files/Unity/Hub/Editor/2021.3.24f1/Editor/Data/Managed'
Mono path[1] = 'C:/Program Files/Unity/Hub/Editor/2021.3.24f1/Editor/Data/MonoBleedingEdge/lib/mono/unityjit-win32'
Mono config path = 'C:/Program Files/Unity/Hub/Editor/2021.3.24f1/Editor/Data/MonoBleedingEdge/etc'
Using monoOptions --debugger-agent=transport=dt_socket,embedding=1,server=y,suspend=n,address=127.0.0.1:56536
Begin MonoManager ReloadAssembly
Registering precompiled unity dll's ...
Register platform support module: C:/Program Files/Unity/Hub/Editor/2021.3.24f1/Editor/Data/PlaybackEngines/WebGLSupport/UnityEditor.WebGL.Extensions.dll
Register platform support module: C:/Program Files/Unity/Hub/Editor/2021.3.24f1/Editor/Data/PlaybackEngines/WindowsStandaloneSupport/UnityEditor.WindowsStandalone.Extensions.dll
Registered in 0.005592 seconds.
Native extension for WindowsStandalone target not found
Native extension for WebGL target not found
Refreshing native plugins compatible for Editor in 66.63 ms, found 3 plugins.
Preloading 0 native plugins for Editor in 0.00 ms.
Mono: successfully reloaded assembly
- Completed reload, in  0.535 seconds
Domain Reload Profiling:
	ReloadAssembly (535ms)
		BeginReloadAssembly (77ms)
			ExecutionOrderSort (0ms)
			DisableScriptedObjects (0ms)
			BackupInstance (0ms)
			ReleaseScriptingObjects (0ms)
			CreateAndSetChildDomain (1ms)
		EndReloadAssembly (375ms)
			LoadAssemblies (75ms)
			RebuildTransferFunctionScriptingTraits (0ms)
			SetupTypeCache (90ms)
			ReleaseScriptCaches (0ms)
			RebuildScriptCaches (23ms)
			SetupLoadedEditorAssemblies (221ms)
				LogAssemblyErrors (0ms)
				InitializePlatformSupportModulesInManaged (8ms)
				SetLoadedEditorAssemblies (0ms)
				RefreshPlugins (67ms)
				BeforeProcessingInitializeOnLoad (1ms)
				ProcessInitializeOnLoadAttributes (108ms)
				ProcessInitializeOnLoadMethodAttributes (37ms)
				AfterProcessingInitializeOnLoad (0ms)
				EditorAssembliesLoaded (0ms)
			ExecutionOrderSort2 (0ms)
			AwakeInstancesAfterBackupRestoration (0ms)
Platform modules already initialized, skipping
Registering precompiled user dll's ...
Registered in 0.003615 seconds.
Begin MonoManager ReloadAssembly
Symbol file LoadedFromMemory doesn't match image C:\Users\Administrator\Desktop\새 폴더\UnityTutorial\Library\PackageCache\com.unity.visualscripting@1.8.0\Editor\VisualScripting.Core\Dependencies\YamlDotNet\Unity.VisualScripting.YamlDotNet.dll
Symbol file LoadedFromMemory doesn't match image C:\Users\Administrator\Desktop\새 폴더\UnityTutorial\Library\PackageCache\com.unity.visualscripting@1.8.0\Editor\VisualScripting.Core\Dependencies\DotNetZip\Unity.VisualScripting.IonicZip.dll
Native extension for WindowsStandalone target not found
Native extension for WebGL target not found
Refreshing native plugins compatible for Editor in 0.41 ms, found 3 plugins.
Preloading 0 native plugins for Editor in 0.00 ms.
Mono: successfully reloaded assembly
- Completed reload, in  0.835 seconds
Domain Reload Profiling:
	ReloadAssembly (836ms)
		BeginReloadAssembly (100ms)
			ExecutionOrderSort (0ms)
			DisableScriptedObjects (5ms)
			BackupInstance (0ms)
			ReleaseScriptingObjects (0ms)
			CreateAndSetChildDomain (16ms)
		EndReloadAssembly (647ms)
			LoadAssemblies (69ms)
			RebuildTransferFunctionScriptingTraits (0ms)
			SetupTypeCache (220ms)
			ReleaseScriptCaches (1ms)
			RebuildScriptCaches (41ms)
			SetupLoadedEditorAssemblies (290ms)
				LogAssemblyErrors (0ms)
				InitializePlatformSupportModulesInManaged (5ms)
				SetLoadedEditorAssemblies (0ms)
				RefreshPlugins (0ms)
				BeforeProcessingInitializeOnLoad (69ms)
				ProcessInitializeOnLoadAttributes (194ms)
				ProcessInitializeOnLoadMethodAttributes (15ms)
				AfterProcessingInitializeOnLoad (6ms)
				EditorAssembliesLoaded (0ms)
			ExecutionOrderSort2 (0ms)
			AwakeInstancesAfterBackupRestoration (5ms)
Platform modules already initialized, skipping
========================================================================
Worker process is ready to serve import requests
Launched and connected shader compiler UnityShaderCompiler.exe after 0.03 seconds
Refreshing native plugins compatible for Editor in 0.44 ms, found 3 plugins.
Preloading 0 native plugins for Editor in 0.00 ms.
Unloading 3057 Unused Serialized files (Serialized files now loaded: 0)
Unloading 24 unused Assets / (113.4 KB). Loaded Objects now: 3521.
Memory consumption went from 108.4 MB to 108.3 MB.
Total: 2.314100 ms (FindLiveObjects: 0.228600 ms CreateObjectMapping: 0.171300 ms MarkObjects: 1.831300 ms  DeleteObjects: 0.082000 ms)

AssetImportParameters requested are different than current active one (requested -> active):
  custom:video-decoder-ogg-theora: a1e56fd34408186e4bbccfd4996cb3dc -> 
  custom:container-muxer-webm: aa71ff27fc2769a1b78a27578f13a17b -> 
  custom:container-demuxer-webm: 4f35f7cbe854078d1ac9338744f61a02 -> 
  custom:video-encoder-webm-vp8: eb34c28f22e8b96e1ab97ce403110664 -> 
  custom:audio-encoder-webm-vorbis: bf7c407c2cedff20999df2af8eb42d56 -> 
  custom:framework-win-MediaFoundation: 216162199b28c13a410421893ffa2e32 -> 
  custom:container-demuxer-ogg: 62fdf1f143b41e24485cea50d1cbac27 -> 
  custom:video-decoder-webm-vp8: 9c59270c3fd7afecdb556c50c9e8de78 -> 
  custom:audio-decoder-ogg-vorbis: bf7c407c2cedff20999df2af8eb42d56 -> 
========================================================================
Received Import Request.
  Time since last request: 476.908726 seconds.
  path: Assets/Unity Prefab System/Scene
  artifactKey: Guid(442d05fc7579e2e488579b48a0f835f1) Importer(815301076,1909f56bfc062723c751e8b465ee728b)
Start importing Assets/Unity Prefab System/Scene using Guid(442d05fc7579e2e488579b48a0f835f1) Importer(815301076,1909f56bfc062723c751e8b465ee728b)  -> (artifact id: '1ca6dd1c83bee47b19f1cf5d3eaa980c') in 0.012644 seconds 
========================================================================
Received Import Request.
  Time since last request: 11.963488 seconds.
  path: Assets/Unity Prefab System/Script
  artifactKey: Guid(bbde7a2251ab20e4d88dd4d36734959e) Importer(815301076,1909f56bfc062723c751e8b465ee728b)
Start importing Assets/Unity Prefab System/Script using Guid(bbde7a2251ab20e4d88dd4d36734959e) Importer(815301076,1909f56bfc062723c751e8b465ee728b)  -> (artifact id: '8439b8f5b376f9ffd1b765720f8be7fc') in 0.008380 seconds 
========================================================================
Received Import Request.
  Time since last request: 35.160386 seconds.
  path: Assets/Unity Prefab System/Scene/Prefab System.unity
  artifactKey: Guid(23f10a48332ebea40ac4e47cf9bf7832) Importer(815301076,1909f56bfc062723c751e8b465ee728b)
Start importing Assets/Unity Prefab System/Scene/Prefab System.unity using Guid(23f10a48332ebea40ac4e47cf9bf7832) Importer(815301076,1909f56bfc062723c751e8b465ee728b)  -> (artifact id: '5be06805be41b69643279a0d7a56d0fa') in 0.007443 seconds 
========================================================================
Received Import Request.
  Time since last request: 545.130364 seconds.
  path: Assets/Unity Prefab System/Prefabs
  artifactKey: Guid(0d962e55f20f4fb4d839a5f69f555804) Importer(815301076,1909f56bfc062723c751e8b465ee728b)
Start importing Assets/Unity Prefab System/Prefabs using Guid(0d962e55f20f4fb4d839a5f69f555804) Importer(815301076,1909f56bfc062723c751e8b465ee728b)  -> (artifact id: 'e74c10c0b7f6b78af20778c40cfc7c5e') in 0.007344 seconds 
========================================================================
Received Import Request.
  Time since last request: 112.488504 seconds.
  path: Assets/Unity Prefab System/Prefabs/Prefab Object.prefab
  artifactKey: Guid(477c3ec85aed391429ea7afd13b8fe19) Importer(815301076,1909f56bfc062723c751e8b465ee728b)
Start importing Assets/Unity Prefab System/Prefabs/Prefab Object.prefab using Guid(477c3ec85aed391429ea7afd13b8fe19) Importer(815301076,1909f56bfc062723c751e8b465ee728b)  -> (artifact id: 'f0bbb270f8e970c623756410bb002b97') in 0.098568 seconds 
========================================================================
Received Import Request.
  Time since last request: 186.638565 seconds.
  path: Assets/Unity Prefab System/Prefabs/Prefab Object.prefab
  artifactKey: Guid(477c3ec85aed391429ea7afd13b8fe19) Importer(815301076,1909f56bfc062723c751e8b465ee728b)
Start importing Assets/Unity Prefab System/Prefabs/Prefab Object.prefab using Guid(477c3ec85aed391429ea7afd13b8fe19) Importer(815301076,1909f56bfc062723c751e8b465ee728b)  -> (artifact id: '59146cb6963fab2a2f24cf3fa3a425df') in 0.025069 seconds 
========================================================================
Received Import Request.
  Time since last request: 1.169503 seconds.
  path: Assets/Unity Prefab System/Prefabs/Prefab Object.prefab
  artifactKey: Guid(477c3ec85aed391429ea7afd13b8fe19) Importer(815301076,1909f56bfc062723c751e8b465ee728b)
Start importing Assets/Unity Prefab System/Prefabs/Prefab Object.prefab using Guid(477c3ec85aed391429ea7afd13b8fe19) Importer(815301076,1909f56bfc062723c751e8b465ee728b)  -> (artifact id: '352ea289971d29e8e56826783cffc67e') in 0.011477 seconds 
========================================================================
Received Import Request.
  Time since last request: 2.209036 seconds.
  path: Assets/Unity Prefab System/Prefabs/Prefab Object.prefab
  artifactKey: Guid(477c3ec85aed391429ea7afd13b8fe19) Importer(815301076,1909f56bfc062723c751e8b465ee728b)
Start importing Assets/Unity Prefab System/Prefabs/Prefab Object.prefab using Guid(477c3ec85aed391429ea7afd13b8fe19) Importer(815301076,1909f56bfc062723c751e8b465ee728b)  -> (artifact id: '17dbae9d5ba6d6ee531b6232e889478b') in 0.006176 seconds 
========================================================================
Received Import Request.
  Time since last request: 4.144749 seconds.
  path: Assets/Unity Prefab System/Prefabs/Prefab Object.prefab
  artifactKey: Guid(477c3ec85aed391429ea7afd13b8fe19) Importer(815301076,1909f56bfc062723c751e8b465ee728b)
Start importing Assets/Unity Prefab System/Prefabs/Prefab Object.prefab using Guid(477c3ec85aed391429ea7afd13b8fe19) Importer(815301076,1909f56bfc062723c751e8b465ee728b)  -> (artifact id: 'c813b48eab68857086dc72912bb2dc17') in 0.013299 seconds 
========================================================================
Received Import Request.
  Time since last request: 7.181410 seconds.
  path: Assets/Unity Prefab System/Prefabs/Prefab Object.prefab
  artifactKey: Guid(477c3ec85aed391429ea7afd13b8fe19) Importer(815301076,1909f56bfc062723c751e8b465ee728b)
Start importing Assets/Unity Prefab System/Prefabs/Prefab Object.prefab using Guid(477c3ec85aed391429ea7afd13b8fe19) Importer(815301076,1909f56bfc062723c751e8b465ee728b)  -> (artifact id: 'e6a24374927c7d9cfcf94fd4646802c9') in 0.010085 seconds 
========================================================================
Received Import Request.
  Time since last request: 473.900502 seconds.
  path: Assets/Unity Prefab System/Prefabs/Prefab Object.prefab
  artifactKey: Guid(477c3ec85aed391429ea7afd13b8fe19) Importer(815301076,1909f56bfc062723c751e8b465ee728b)
Start importing Assets/Unity Prefab System/Prefabs/Prefab Object.prefab using Guid(477c3ec85aed391429ea7afd13b8fe19) Importer(815301076,1909f56bfc062723c751e8b465ee728b)  -> (artifact id: '754d2661f20cc6dc5b208a179714934f') in 0.023053 seconds 
========================================================================
Received Import Request.
  Time since last request: 0.566781 seconds.
  path: Assets/Unity Prefab System/Prefabs/Prefab Object.prefab
  artifactKey: Guid(477c3ec85aed391429ea7afd13b8fe19) Importer(815301076,1909f56bfc062723c751e8b465ee728b)
Start importing Assets/Unity Prefab System/Prefabs/Prefab Object.prefab using Guid(477c3ec85aed391429ea7afd13b8fe19) Importer(815301076,1909f56bfc062723c751e8b465ee728b)  -> (artifact id: 'fd9282547cfa4bacc03bbdfdce341e49') in 0.011442 seconds 
========================================================================
Received Import Request.
  Time since last request: 0.590452 seconds.
  path: Assets/Unity Prefab System/Prefabs/Prefab Object.prefab
  artifactKey: Guid(477c3ec85aed391429ea7afd13b8fe19) Importer(815301076,1909f56bfc062723c751e8b465ee728b)
Start importing Assets/Unity Prefab System/Prefabs/Prefab Object.prefab using Guid(477c3ec85aed391429ea7afd13b8fe19) Importer(815301076,1909f56bfc062723c751e8b465ee728b)  -> (artifact id: 'a7b5e81d0e84647fcfd3d4e524952b5f') in 0.005677 seconds 
========================================================================
Received Import Request.
  Time since last request: 4.665589 seconds.
  path: Assets/Unity Prefab System/Prefabs/Prefab Object.prefab
  artifactKey: Guid(477c3ec85aed391429ea7afd13b8fe19) Importer(815301076,1909f56bfc062723c751e8b465ee728b)
Start importing Assets/Unity Prefab System/Prefabs/Prefab Object.prefab using Guid(477c3ec85aed391429ea7afd13b8fe19) Importer(815301076,1909f56bfc062723c751e8b465ee728b)  -> (artifact id: 'd67cfe5e4e77cbb2ee402bb999650379') in 0.017624 seconds 
========================================================================
Received Import Request.
  Time since last request: 1.189650 seconds.
  path: Assets/Unity Prefab System/Prefabs/Prefab Object.prefab
  artifactKey: Guid(477c3ec85aed391429ea7afd13b8fe19) Importer(815301076,1909f56bfc062723c751e8b465ee728b)
Start importing Assets/Unity Prefab System/Prefabs/Prefab Object.prefab using Guid(477c3ec85aed391429ea7afd13b8fe19) Importer(815301076,1909f56bfc062723c751e8b465ee728b)  -> (artifact id: '9b9c5f722ad3824169a827dac54ba0ba') in 0.010510 seconds 
========================================================================
Received Import Request.
  Time since last request: 325.284572 seconds.
  path: Assets/Unity Prefab System/Script/Cube.cs
  artifactKey: Guid(ff3a4cdac33ba6b4e98145888331b045) Importer(815301076,1909f56bfc062723c751e8b465ee728b)
Start importing Assets/Unity Prefab System/Script/Cube.cs using Guid(ff3a4cdac33ba6b4e98145888331b045) Importer(815301076,1909f56bfc062723c751e8b465ee728b)  -> (artifact id: '3e352512f4131de314f4c52b6043461b') in 0.017830 seconds 
========================================================================
Received Prepare
Registering precompiled user dll's ...
Registered in 0.003488 seconds.
Begin MonoManager ReloadAssembly
Symbol file LoadedFromMemory doesn't match image C:\Users\Administrator\Desktop\새 폴더\UnityTutorial\Library\PackageCache\com.unity.visualscripting@1.8.0\Editor\VisualScripting.Core\Dependencies\YamlDotNet\Unity.VisualScripting.YamlDotNet.dll
Symbol file LoadedFromMemory doesn't match image C:\Users\Administrator\Desktop\새 폴더\UnityTutorial\Library\PackageCache\com.unity.visualscripting@1.8.0\Editor\VisualScripting.Core\Dependencies\DotNetZip\Unity.VisualScripting.IonicZip.dll
Native extension for WindowsStandalone target not found
Native extension for WebGL target not found
Refreshing native plugins compatible for Editor in 0.44 ms, found 3 plugins.
Preloading 0 native plugins for Editor in 0.00 ms.
Mono: successfully reloaded assembly
- Completed reload, in  0.794 seconds
Domain Reload Profiling:
	ReloadAssembly (795ms)
		BeginReloadAssembly (118ms)
			ExecutionOrderSort (0ms)
			DisableScriptedObjects (4ms)
			BackupInstance (0ms)
			ReleaseScriptingObjects (0ms)
			CreateAndSetChildDomain (29ms)
		EndReloadAssembly (597ms)
			LoadAssemblies (71ms)
			RebuildTransferFunctionScriptingTraits (0ms)
			SetupTypeCache (221ms)
			ReleaseScriptCaches (1ms)
			RebuildScriptCaches (35ms)
			SetupLoadedEditorAssemblies (237ms)
				LogAssemblyErrors (0ms)
				InitializePlatformSupportModulesInManaged (5ms)
				SetLoadedEditorAssemblies (0ms)
				RefreshPlugins (0ms)
				BeforeProcessingInitializeOnLoad (49ms)
				ProcessInitializeOnLoadAttributes (160ms)
				ProcessInitializeOnLoadMethodAttributes (15ms)
				AfterProcessingInitializeOnLoad (6ms)
				EditorAssembliesLoaded (0ms)
			ExecutionOrderSort2 (0ms)
			AwakeInstancesAfterBackupRestoration (5ms)
Platform modules already initialized, skipping
Refreshing native plugins compatible for Editor in 1.25 ms, found 3 plugins.
Preloading 0 native plugins for Editor in 0.00 ms.
Unloading 3053 Unused Serialized files (Serialized files now loaded: 0)
Unloading 17 unused Assets / (79.9 KB). Loaded Objects now: 3535.
Memory consumption went from 112.7 MB to 112.6 MB.
Total: 2.246300 ms (FindLiveObjects: 0.223700 ms CreateObjectMapping: 0.176300 ms MarkObjects: 1.782500 ms  DeleteObjects: 0.063300 ms)

AssetImportParameters requested are different than current active one (requested -> active):
  custom:video-decoder-ogg-theora: a1e56fd34408186e4bbccfd4996cb3dc -> 
  custom:container-muxer-webm: aa71ff27fc2769a1b78a27578f13a17b -> 
  custom:container-demuxer-webm: 4f35f7cbe854078d1ac9338744f61a02 -> 
  custom:video-encoder-webm-vp8: eb34c28f22e8b96e1ab97ce403110664 -> 
  custom:audio-encoder-webm-vorbis: bf7c407c2cedff20999df2af8eb42d56 -> 
  custom:framework-win-MediaFoundation: 216162199b28c13a410421893ffa2e32 -> 
  custom:container-demuxer-ogg: 62fdf1f143b41e24485cea50d1cbac27 -> 
  custom:video-decoder-webm-vp8: 9c59270c3fd7afecdb556c50c9e8de78 -> 
  custom:audio-decoder-ogg-vorbis: bf7c407c2cedff20999df2af8eb42d56 -> 
========================================================================
Received Import Request.
  Time since last request: 262.796880 seconds.
  path: Assets/Unity Prefab System/Script/Cube.cs
  artifactKey: Guid(ff3a4cdac33ba6b4e98145888331b045) Importer(815301076,1909f56bfc062723c751e8b465ee728b)
Start importing Assets/Unity Prefab System/Script/Cube.cs using Guid(ff3a4cdac33ba6b4e98145888331b045) Importer(815301076,1909f56bfc062723c751e8b465ee728b)  -> (artifact id: '935b155639e5998ded32c037b094262c') in 0.006663 seconds 
========================================================================
Received Prepare
Registering precompiled user dll's ...
Registered in 0.003330 seconds.
Begin MonoManager ReloadAssembly
Symbol file LoadedFromMemory doesn't match image C:\Users\Administrator\Desktop\새 폴더\UnityTutorial\Library\PackageCache\com.unity.visualscripting@1.8.0\Editor\VisualScripting.Core\Dependencies\YamlDotNet\Unity.VisualScripting.YamlDotNet.dll
Symbol file LoadedFromMemory doesn't match image C:\Users\Administrator\Desktop\새 폴더\UnityTutorial\Library\PackageCache\com.unity.visualscripting@1.8.0\Editor\VisualScripting.Core\Dependencies\DotNetZip\Unity.VisualScripting.IonicZip.dll
Native extension for WindowsStandalone target not found
Native extension for WebGL target not found
Refreshing native plugins compatible for Editor in 0.49 ms, found 3 plugins.
Preloading 0 native plugins for Editor in 0.00 ms.
Mono: successfully reloaded assembly
- Completed reload, in  0.787 seconds
Domain Reload Profiling:
	ReloadAssembly (788ms)
		BeginReloadAssembly (118ms)
			ExecutionOrderSort (0ms)
			DisableScriptedObjects (5ms)
			BackupInstance (0ms)
			ReleaseScriptingObjects (0ms)
			CreateAndSetChildDomain (26ms)
		EndReloadAssembly (587ms)
			LoadAssemblies (73ms)
			RebuildTransferFunctionScriptingTraits (0ms)
			SetupTypeCache (212ms)
			ReleaseScriptCaches (1ms)
			RebuildScriptCaches (35ms)
			SetupLoadedEditorAssemblies (242ms)
				LogAssemblyErrors (0ms)
				InitializePlatformSupportModulesInManaged (6ms)
				SetLoadedEditorAssemblies (0ms)
				RefreshPlugins (1ms)
				BeforeProcessingInitializeOnLoad (52ms)
				ProcessInitializeOnLoadAttributes (160ms)
				ProcessInitializeOnLoadMethodAttributes (16ms)
				AfterProcessingInitializeOnLoad (6ms)
				EditorAssembliesLoaded (0ms)
			ExecutionOrderSort2 (0ms)
			AwakeInstancesAfterBackupRestoration (5ms)
Platform modules already initialized, skipping
Refreshing native plugins compatible for Editor in 1.33 ms, found 3 plugins.
Preloading 0 native plugins for Editor in 0.00 ms.
Unloading 3053 Unused Serialized files (Serialized files now loaded: 0)
Unloading 17 unused Assets / (79.9 KB). Loaded Objects now: 3538.
Memory consumption went from 112.7 MB to 112.7 MB.
Total: 2.399300 ms (FindLiveObjects: 0.243300 ms CreateObjectMapping: 0.167800 ms MarkObjects: 1.913000 ms  DeleteObjects: 0.074400 ms)

AssetImportParameters requested are different than current active one (requested -> active):
  custom:video-decoder-ogg-theora: a1e56fd34408186e4bbccfd4996cb3dc -> 
  custom:container-muxer-webm: aa71ff27fc2769a1b78a27578f13a17b -> 
  custom:container-demuxer-webm: 4f35f7cbe854078d1ac9338744f61a02 -> 
  custom:video-encoder-webm-vp8: eb34c28f22e8b96e1ab97ce403110664 -> 
  custom:audio-encoder-webm-vorbis: bf7c407c2cedff20999df2af8eb42d56 -> 
  custom:framework-win-MediaFoundation: 216162199b28c13a410421893ffa2e32 -> 
  custom:container-demuxer-ogg: 62fdf1f143b41e24485cea50d1cbac27 -> 
  custom:video-decoder-webm-vp8: 9c59270c3fd7afecdb556c50c9e8de78 -> 
  custom:audio-decoder-ogg-vorbis: bf7c407c2cedff20999df2af8eb42d56 -> 
========================================================================
Received Prepare
Registering precompiled user dll's ...
Registered in 0.003363 seconds.
Begin MonoManager ReloadAssembly
Symbol file LoadedFromMemory doesn't match image C:\Users\Administrator\Desktop\새 폴더\UnityTutorial\Library\PackageCache\com.unity.visualscripting@1.8.0\Editor\VisualScripting.Core\Dependencies\YamlDotNet\Unity.VisualScripting.YamlDotNet.dll
Symbol file LoadedFromMemory doesn't match image C:\Users\Administrator\Desktop\새 폴더\UnityTutorial\Library\PackageCache\com.unity.visualscripting@1.8.0\Editor\VisualScripting.Core\Dependencies\DotNetZip\Unity.VisualScripting.IonicZip.dll
Native extension for WindowsStandalone target not found
Native extension for WebGL target not found
Refreshing native plugins compatible for Editor in 0.50 ms, found 3 plugins.
Preloading 0 native plugins for Editor in 0.00 ms.
Mono: successfully reloaded assembly
- Completed reload, in  0.846 seconds
Domain Reload Profiling:
	ReloadAssembly (846ms)
		BeginReloadAssembly (120ms)
			ExecutionOrderSort (0ms)
			DisableScriptedObjects (7ms)
			BackupInstance (0ms)
			ReleaseScriptingObjects (0ms)
			CreateAndSetChildDomain (25ms)
		EndReloadAssembly (647ms)
			LoadAssemblies (71ms)
			RebuildTransferFunctionScriptingTraits (0ms)
			SetupTypeCache (239ms)
			ReleaseScriptCaches (1ms)
			RebuildScriptCaches (39ms)
			SetupLoadedEditorAssemblies (269ms)
				LogAssemblyErrors (0ms)
				InitializePlatformSupportModulesInManaged (7ms)
				SetLoadedEditorAssemblies (0ms)
				RefreshPlugins (1ms)
				BeforeProcessingInitializeOnLoad (54ms)
				ProcessInitializeOnLoadAttributes (183ms)
				ProcessInitializeOnLoadMethodAttributes (17ms)
				AfterProcessingInitializeOnLoad (6ms)
				EditorAssembliesLoaded (0ms)
			ExecutionOrderSort2 (0ms)
			AwakeInstancesAfterBackupRestoration (5ms)
Platform modules already initialized, skipping
Refreshing native plugins compatible for Editor in 1.47 ms, found 3 plugins.
Preloading 0 native plugins for Editor in 0.00 ms.
Unloading 3053 Unused Serialized files (Serialized files now loaded: 0)
Unloading 17 unused Assets / (80.0 KB). Loaded Objects now: 3541.
Memory consumption went from 112.7 MB to 112.7 MB.
Total: 2.295200 ms (FindLiveObjects: 0.225800 ms CreateObjectMapping: 0.136700 ms MarkObjects: 1.861100 ms  DeleteObjects: 0.070700 ms)

AssetImportParameters requested are different than current active one (requested -> active):
  custom:video-decoder-ogg-theora: a1e56fd34408186e4bbccfd4996cb3dc -> 
  custom:container-muxer-webm: aa71ff27fc2769a1b78a27578f13a17b -> 
  custom:container-demuxer-webm: 4f35f7cbe854078d1ac9338744f61a02 -> 
  custom:video-encoder-webm-vp8: eb34c28f22e8b96e1ab97ce403110664 -> 
  custom:audio-encoder-webm-vorbis: bf7c407c2cedff20999df2af8eb42d56 -> 
  custom:framework-win-MediaFoundation: 216162199b28c13a410421893ffa2e32 -> 
  custom:container-demuxer-ogg: 62fdf1f143b41e24485cea50d1cbac27 -> 
  custom:video-decoder-webm-vp8: 9c59270c3fd7afecdb556c50c9e8de78 -> 
  custom:audio-decoder-ogg-vorbis: bf7c407c2cedff20999df2af8eb42d56 -> 
========================================================================
Received Import Request.
  Time since last request: 67.216774 seconds.
  path: Assets/Unity Prefab System/Prefabs/Prefab Object.prefab
  artifactKey: Guid(477c3ec85aed391429ea7afd13b8fe19) Importer(815301076,1909f56bfc062723c751e8b465ee728b)
Start importing Assets/Unity Prefab System/Prefabs/Prefab Object.prefab using Guid(477c3ec85aed391429ea7afd13b8fe19) Importer(815301076,1909f56bfc062723c751e8b465ee728b)  -> (artifact id: 'a71707e5c206712463b615cbada38ef2') in 0.048584 seconds 
========================================================================
Received Prepare
Registering precompiled user dll's ...
Registered in 0.003335 seconds.
Begin MonoManager ReloadAssembly
Symbol file LoadedFromMemory doesn't match image C:\Users\Administrator\Desktop\새 폴더\UnityTutorial\Library\PackageCache\com.unity.visualscripting@1.8.0\Editor\VisualScripting.Core\Dependencies\YamlDotNet\Unity.VisualScripting.YamlDotNet.dll
Symbol file LoadedFromMemory doesn't match image C:\Users\Administrator\Desktop\새 폴더\UnityTutorial\Library\PackageCache\com.unity.visualscripting@1.8.0\Editor\VisualScripting.Core\Dependencies\DotNetZip\Unity.VisualScripting.IonicZip.dll
Native extension for WindowsStandalone target not found
Native extension for WebGL target not found
Refreshing native plugins compatible for Editor in 0.51 ms, found 3 plugins.
Preloading 0 native plugins for Editor in 0.00 ms.
Mono: successfully reloaded assembly
- Completed reload, in  0.877 seconds
Domain Reload Profiling:
	ReloadAssembly (878ms)
		BeginReloadAssembly (117ms)
			ExecutionOrderSort (0ms)
			DisableScriptedObjects (4ms)
			BackupInstance (0ms)
			ReleaseScriptingObjects (0ms)
			CreateAndSetChildDomain (26ms)
		EndReloadAssembly (681ms)
			LoadAssemblies (77ms)
			RebuildTransferFunctionScriptingTraits (0ms)
			SetupTypeCache (254ms)
			ReleaseScriptCaches (1ms)
			RebuildScriptCaches (39ms)
			SetupLoadedEditorAssemblies (276ms)
				LogAssemblyErrors (0ms)
				InitializePlatformSupportModulesInManaged (7ms)
				SetLoadedEditorAssemblies (0ms)
				RefreshPlugins (1ms)
				BeforeProcessingInitializeOnLoad (59ms)
				ProcessInitializeOnLoadAttributes (183ms)
				ProcessInitializeOnLoadMethodAttributes (20ms)
				AfterProcessingInitializeOnLoad (7ms)
				EditorAssembliesLoaded (0ms)
			ExecutionOrderSort2 (0ms)
			AwakeInstancesAfterBackupRestoration (5ms)
Platform modules already initialized, skipping
Refreshing native plugins compatible for Editor in 1.83 ms, found 3 plugins.
Preloading 0 native plugins for Editor in 0.00 ms.
Unloading 3053 Unused Serialized files (Serialized files now loaded: 0)
Unloading 17 unused Assets / (79.9 KB). Loaded Objects now: 3544.
Memory consumption went from 112.8 MB to 112.7 MB.
Total: 2.385200 ms (FindLiveObjects: 0.225600 ms CreateObjectMapping: 0.136700 ms MarkObjects: 1.949000 ms  DeleteObjects: 0.073200 ms)

AssetImportParameters requested are different than current active one (requested -> active):
  custom:video-decoder-ogg-theora: a1e56fd34408186e4bbccfd4996cb3dc -> 
  custom:container-muxer-webm: aa71ff27fc2769a1b78a27578f13a17b -> 
  custom:container-demuxer-webm: 4f35f7cbe854078d1ac9338744f61a02 -> 
  custom:video-encoder-webm-vp8: eb34c28f22e8b96e1ab97ce403110664 -> 
  custom:audio-encoder-webm-vorbis: bf7c407c2cedff20999df2af8eb42d56 -> 
  custom:framework-win-MediaFoundation: 216162199b28c13a410421893ffa2e32 -> 
  custom:container-demuxer-ogg: 62fdf1f143b41e24485cea50d1cbac27 -> 
  custom:video-decoder-webm-vp8: 9c59270c3fd7afecdb556c50c9e8de78 -> 
  custom:audio-decoder-ogg-vorbis: bf7c407c2cedff20999df2af8eb42d56 -> 
========================================================================
Received Import Request.
  Time since last request: 80.868796 seconds.
  path: Assets/Unity Prefab System/Prefabs/Prefab Object.prefab
  artifactKey: Guid(477c3ec85aed391429ea7afd13b8fe19) Importer(815301076,1909f56bfc062723c751e8b465ee728b)
Start importing Assets/Unity Prefab System/Prefabs/Prefab Object.prefab using Guid(477c3ec85aed391429ea7afd13b8fe19) Importer(815301076,1909f56bfc062723c751e8b465ee728b)  -> (artifact id: 'b4ee53186aefda7f73ac2395a3fc54d5') in 0.049181 seconds 
========================================================================
Received Import Request.
  Time since last request: 267.162683 seconds.
  path: Assets/Unity Prefab System/Prefabs/Prefab Object.prefab
  artifactKey: Guid(477c3ec85aed391429ea7afd13b8fe19) Importer(815301076,1909f56bfc062723c751e8b465ee728b)
Start importing Assets/Unity Prefab System/Prefabs/Prefab Object.prefab using Guid(477c3ec85aed391429ea7afd13b8fe19) Importer(815301076,1909f56bfc062723c751e8b465ee728b)  -> (artifact id: '774fc358885e7a7582d73151fb41c28c') in 0.021274 seconds 
========================================================================
Received Import Request.
  Time since last request: 0.743722 seconds.
  path: Assets/Unity Prefab System/Prefabs/Prefab Object.prefab
  artifactKey: Guid(477c3ec85aed391429ea7afd13b8fe19) Importer(815301076,1909f56bfc062723c751e8b465ee728b)
Start importing Assets/Unity Prefab System/Prefabs/Prefab Object.prefab using Guid(477c3ec85aed391429ea7afd13b8fe19) Importer(815301076,1909f56bfc062723c751e8b465ee728b)  -> (artifact id: 'a472f08e1a926333b56d5a8dc31681cd') in 0.005365 seconds 
========================================================================
Received Import Request.
  Time since last request: 1.402824 seconds.
  path: Assets/Unity Prefab System/Prefabs/Prefab Object.prefab
  artifactKey: Guid(477c3ec85aed391429ea7afd13b8fe19) Importer(815301076,1909f56bfc062723c751e8b465ee728b)
Start importing Assets/Unity Prefab System/Prefabs/Prefab Object.prefab using Guid(477c3ec85aed391429ea7afd13b8fe19) Importer(815301076,1909f56bfc062723c751e8b465ee728b)  -> (artifact id: '9c2cc22c32ca3a48523535851c0aa16d') in 0.010564 seconds 
========================================================================
Received Import Request.
  Time since last request: 1.594777 seconds.
  path: Assets/Unity Prefab System/Prefabs/Prefab Object.prefab
  artifactKey: Guid(477c3ec85aed391429ea7afd13b8fe19) Importer(815301076,1909f56bfc062723c751e8b465ee728b)
Start importing Assets/Unity Prefab System/Prefabs/Prefab Object.prefab using Guid(477c3ec85aed391429ea7afd13b8fe19) Importer(815301076,1909f56bfc062723c751e8b465ee728b)  -> (artifact id: '6198aa40d5f8418e5655e3157064912a') in 0.005021 seconds 
========================================================================
Received Prepare
Registering precompiled user dll's ...
Registered in 0.003273 seconds.
Begin MonoManager ReloadAssembly
Symbol file LoadedFromMemory doesn't match image C:\Users\Administrator\Desktop\새 폴더\UnityTutorial\Library\PackageCache\com.unity.visualscripting@1.8.0\Editor\VisualScripting.Core\Dependencies\YamlDotNet\Unity.VisualScripting.YamlDotNet.dll
Symbol file LoadedFromMemory doesn't match image C:\Users\Administrator\Desktop\새 폴더\UnityTutorial\Library\PackageCache\com.unity.visualscripting@1.8.0\Editor\VisualScripting.Core\Dependencies\DotNetZip\Unity.VisualScripting.IonicZip.dll
Native extension for WindowsStandalone target not found
Native extension for WebGL target not found
Refreshing native plugins compatible for Editor in 0.49 ms, found 3 plugins.
Preloading 0 native plugins for Editor in 0.00 ms.
Mono: successfully reloaded assembly
- Completed reload, in  0.871 seconds
Domain Reload Profiling:
	ReloadAssembly (871ms)
		BeginReloadAssembly (118ms)
			ExecutionOrderSort (0ms)
			DisableScriptedObjects (4ms)
			BackupInstance (0ms)
			ReleaseScriptingObjects (0ms)
			CreateAndSetChildDomain (26ms)
		EndReloadAssembly (675ms)
			LoadAssemblies (77ms)
			RebuildTransferFunctionScriptingTraits (0ms)
			SetupTypeCache (242ms)
			ReleaseScriptCaches (1ms)
			RebuildScriptCaches (42ms)
			SetupLoadedEditorAssemblies (277ms)
				LogAssemblyErrors (0ms)
				InitializePlatformSupportModulesInManaged (7ms)
				SetLoadedEditorAssemblies (0ms)
				RefreshPlugins (1ms)
				BeforeProcessingInitializeOnLoad (59ms)
				ProcessInitializeOnLoadAttributes (185ms)
				ProcessInitializeOnLoadMethodAttributes (18ms)
				AfterProcessingInitializeOnLoad (6ms)
				EditorAssembliesLoaded (0ms)
			ExecutionOrderSort2 (0ms)
			AwakeInstancesAfterBackupRestoration (6ms)
Platform modules already initialized, skipping
Refreshing native plugins compatible for Editor in 1.56 ms, found 3 plugins.
Preloading 0 native plugins for Editor in 0.00 ms.
Unloading 3053 Unused Serialized files (Serialized files now loaded: 0)
Unloading 17 unused Assets / (79.9 KB). Loaded Objects now: 3547.
Memory consumption went from 112.8 MB to 112.7 MB.
Total: 2.471300 ms (FindLiveObjects: 0.247000 ms CreateObjectMapping: 0.222800 ms MarkObjects: 1.906500 ms  DeleteObjects: 0.094200 ms)

AssetImportParameters requested are different than current active one (requested -> active):
  custom:video-decoder-ogg-theora: a1e56fd34408186e4bbccfd4996cb3dc -> 
  custom:container-muxer-webm: aa71ff27fc2769a1b78a27578f13a17b -> 
  custom:container-demuxer-webm: 4f35f7cbe854078d1ac9338744f61a02 -> 
  custom:video-encoder-webm-vp8: eb34c28f22e8b96e1ab97ce403110664 -> 
  custom:audio-encoder-webm-vorbis: bf7c407c2cedff20999df2af8eb42d56 -> 
  custom:framework-win-MediaFoundation: 216162199b28c13a410421893ffa2e32 -> 
  custom:container-demuxer-ogg: 62fdf1f143b41e24485cea50d1cbac27 -> 
  custom:video-decoder-webm-vp8: 9c59270c3fd7afecdb556c50c9e8de78 -> 
  custom:audio-decoder-ogg-vorbis: bf7c407c2cedff20999df2af8eb42d56 -> 
========================================================================
Received Import Request.
  Time since last request: 1074.898106 seconds.
  path: Assets/Unity Prefab System/New Material.mat
  artifactKey: Guid(604badf9798952d44bb5e2ae4cb34daf) Importer(815301076,1909f56bfc062723c751e8b465ee728b)
Start importing Assets/Unity Prefab System/New Material.mat using Guid(604badf9798952d44bb5e2ae4cb34daf) Importer(815301076,1909f56bfc062723c751e8b465ee728b)  -> (artifact id: '42aafd0b2b0bf880c5f3ac9d5b2c9375') in 0.090826 seconds 
========================================================================
Received Import Request.
  Time since last request: 177.481717 seconds.
  path: Assets/Unity Prefab System/Prefabs/Prefab Object.prefab
  artifactKey: Guid(477c3ec85aed391429ea7afd13b8fe19) Importer(815301076,1909f56bfc062723c751e8b465ee728b)
Start importing Assets/Unity Prefab System/Prefabs/Prefab Object.prefab using Guid(477c3ec85aed391429ea7afd13b8fe19) Importer(815301076,1909f56bfc062723c751e8b465ee728b)  -> (artifact id: '6f073ac24c8d6efc2f3b091409b0e6b7') in 0.015545 seconds 
========================================================================
Received Import Request.
  Time since last request: 10.381680 seconds.
  path: Assets/Unity Prefab System/Prefabs/Prefab Object.prefab
  artifactKey: Guid(477c3ec85aed391429ea7afd13b8fe19) Importer(815301076,1909f56bfc062723c751e8b465ee728b)
Start importing Assets/Unity Prefab System/Prefabs/Prefab Object.prefab using Guid(477c3ec85aed391429ea7afd13b8fe19) Importer(815301076,1909f56bfc062723c751e8b465ee728b)  -> (artifact id: 'caf96ffb4b6e7039e18bfc8143356d3e') in 0.030948 seconds 
========================================================================
Received Prepare
Registering precompiled user dll's ...
Registered in 0.003892 seconds.
Begin MonoManager ReloadAssembly
Symbol file LoadedFromMemory doesn't match image C:\Users\Administrator\Desktop\새 폴더\UnityTutorial\Library\PackageCache\com.unity.visualscripting@1.8.0\Editor\VisualScripting.Core\Dependencies\YamlDotNet\Unity.VisualScripting.YamlDotNet.dll
Symbol file LoadedFromMemory doesn't match image C:\Users\Administrator\Desktop\새 폴더\UnityTutorial\Library\PackageCache\com.unity.visualscripting@1.8.0\Editor\VisualScripting.Core\Dependencies\DotNetZip\Unity.VisualScripting.IonicZip.dll
Native extension for WindowsStandalone target not found
Native extension for WebGL target not found
Refreshing native plugins compatible for Editor in 0.48 ms, found 3 plugins.
Preloading 0 native plugins for Editor in 0.00 ms.
Mono: successfully reloaded assembly
- Completed reload, in  0.821 seconds
Domain Reload Profiling:
	ReloadAssembly (822ms)
		BeginReloadAssembly (115ms)
			ExecutionOrderSort (0ms)
			DisableScriptedObjects (4ms)
			BackupInstance (0ms)
			ReleaseScriptingObjects (0ms)
			CreateAndSetChildDomain (26ms)
		EndReloadAssembly (626ms)
			LoadAssemblies (72ms)
			RebuildTransferFunctionScriptingTraits (0ms)
			SetupTypeCache (224ms)
			ReleaseScriptCaches (1ms)
			RebuildScriptCaches (38ms)
			SetupLoadedEditorAssemblies (263ms)
				LogAssemblyErrors (0ms)
				InitializePlatformSupportModulesInManaged (6ms)
				SetLoadedEditorAssemblies (0ms)
				RefreshPlugins (1ms)
				BeforeProcessingInitializeOnLoad (55ms)
				ProcessInitializeOnLoadAttributes (178ms)
				ProcessInitializeOnLoadMethodAttributes (16ms)
				AfterProcessingInitializeOnLoad (6ms)
				EditorAssembliesLoaded (0ms)
			ExecutionOrderSort2 (0ms)
			AwakeInstancesAfterBackupRestoration (6ms)
Platform modules already initialized, skipping
Refreshing native plugins compatible for Editor in 1.33 ms, found 3 plugins.
Preloading 0 native plugins for Editor in 0.00 ms.
Unloading 3053 Unused Serialized files (Serialized files now loaded: 0)
Unloading 17 unused Assets / (79.8 KB). Loaded Objects now: 3583.
Memory consumption went from 113.0 MB to 112.9 MB.
Total: 2.374400 ms (FindLiveObjects: 0.230300 ms CreateObjectMapping: 0.164800 ms MarkObjects: 1.900900 ms  DeleteObjects: 0.077500 ms)

AssetImportParameters requested are different than current active one (requested -> active):
  custom:video-decoder-ogg-theora: a1e56fd34408186e4bbccfd4996cb3dc -> 
  custom:container-muxer-webm: aa71ff27fc2769a1b78a27578f13a17b -> 
  custom:container-demuxer-webm: 4f35f7cbe854078d1ac9338744f61a02 -> 
  custom:video-encoder-webm-vp8: eb34c28f22e8b96e1ab97ce403110664 -> 
  custom:audio-encoder-webm-vorbis: bf7c407c2cedff20999df2af8eb42d56 -> 
  custom:framework-win-MediaFoundation: 216162199b28c13a410421893ffa2e32 -> 
  custom:container-demuxer-ogg: 62fdf1f143b41e24485cea50d1cbac27 -> 
  custom:video-decoder-webm-vp8: 9c59270c3fd7afecdb556c50c9e8de78 -> 
  custom:audio-decoder-ogg-vorbis: bf7c407c2cedff20999df2af8eb42d56 -> 
========================================================================
Received Import Request.
  Time since last request: 13.635694 seconds.
  path: Assets/Unity Prefab System/Prefabs/Prefab Object.prefab
  artifactKey: Guid(477c3ec85aed391429ea7afd13b8fe19) Importer(815301076,1909f56bfc062723c751e8b465ee728b)
Start importing Assets/Unity Prefab System/Prefabs/Prefab Object.prefab using Guid(477c3ec85aed391429ea7afd13b8fe19) Importer(815301076,1909f56bfc062723c751e8b465ee728b)  -> (artifact id: 'e66293fe50b33a2f0adeb9aca847f7cc') in 0.060506 seconds 
========================================================================
Received Prepare
Registering precompiled user dll's ...
Registered in 0.003404 seconds.
Begin MonoManager ReloadAssembly
Symbol file LoadedFromMemory doesn't match image C:\Users\Administrator\Desktop\새 폴더\UnityTutorial\Library\PackageCache\com.unity.visualscripting@1.8.0\Editor\VisualScripting.Core\Dependencies\YamlDotNet\Unity.VisualScripting.YamlDotNet.dll
Symbol file LoadedFromMemory doesn't match image C:\Users\Administrator\Desktop\새 폴더\UnityTutorial\Library\PackageCache\com.unity.visualscripting@1.8.0\Editor\VisualScripting.Core\Dependencies\DotNetZip\Unity.VisualScripting.IonicZip.dll
Native extension for WindowsStandalone target not found
Native extension for WebGL target not found
Refreshing native plugins compatible for Editor in 0.48 ms, found 3 plugins.
Preloading 0 native plugins for Editor in 0.00 ms.
Mono: successfully reloaded assembly
- Completed reload, in  0.838 seconds
Domain Reload Profiling:
	ReloadAssembly (839ms)
		BeginReloadAssembly (116ms)
			ExecutionOrderSort (0ms)
			DisableScriptedObjects (4ms)
			BackupInstance (0ms)
			ReleaseScriptingObjects (0ms)
			CreateAndSetChildDomain (25ms)
		EndReloadAssembly (642ms)
			LoadAssemblies (76ms)
			RebuildTransferFunctionScriptingTraits (0ms)
			SetupTypeCache (233ms)
			ReleaseScriptCaches (1ms)
			RebuildScriptCaches (39ms)
			SetupLoadedEditorAssemblies (264ms)
				LogAssemblyErrors (0ms)
				InitializePlatformSupportModulesInManaged (6ms)
				SetLoadedEditorAssemblies (0ms)
				RefreshPlugins (1ms)
				BeforeProcessingInitializeOnLoad (57ms)
				ProcessInitializeOnLoadAttributes (177ms)
				ProcessInitializeOnLoadMethodAttributes (17ms)
				AfterProcessingInitializeOnLoad (7ms)
				EditorAssembliesLoaded (0ms)
			ExecutionOrderSort2 (0ms)
			AwakeInstancesAfterBackupRestoration (5ms)
Platform modules already initialized, skipping
Refreshing native plugins compatible for Editor in 1.43 ms, found 3 plugins.
Preloading 0 native plugins for Editor in 0.00 ms.
Unloading 3053 Unused Serialized files (Serialized files now loaded: 0)
Unloading 17 unused Assets / (79.9 KB). Loaded Objects now: 3586.
Memory consumption went from 113.0 MB to 112.9 MB.
Total: 2.449900 ms (FindLiveObjects: 0.233600 ms CreateObjectMapping: 0.155000 ms MarkObjects: 1.985900 ms  DeleteObjects: 0.074700 ms)

AssetImportParameters requested are different than current active one (requested -> active):
  custom:video-decoder-ogg-theora: a1e56fd34408186e4bbccfd4996cb3dc -> 
  custom:container-muxer-webm: aa71ff27fc2769a1b78a27578f13a17b -> 
  custom:container-demuxer-webm: 4f35f7cbe854078d1ac9338744f61a02 -> 
  custom:video-encoder-webm-vp8: eb34c28f22e8b96e1ab97ce403110664 -> 
  custom:audio-encoder-webm-vorbis: bf7c407c2cedff20999df2af8eb42d56 -> 
  custom:framework-win-MediaFoundation: 216162199b28c13a410421893ffa2e32 -> 
  custom:container-demuxer-ogg: 62fdf1f143b41e24485cea50d1cbac27 -> 
  custom:video-decoder-webm-vp8: 9c59270c3fd7afecdb556c50c9e8de78 -> 
  custom:audio-decoder-ogg-vorbis: bf7c407c2cedff20999df2af8eb42d56 -> 
