Using pre-set license
Built from '2021.3/staging' branch; Version is '2021.3.24f1 (cf10dcf7010d) revision 13570268'; Using compiler version '192829333'; Build Type 'Release'
OS: 'Windows 10  (10.0.19045) 64bit Education' Language: 'ko' Physical Memory: 32613 MB
BatchMode: 1, IsHumanControllingUs: 0, StartBugReporterOnCrash: 0, Is64bit: 1, IsPro: 1

COMMAND LINE ARGUMENTS:
C:\Program Files\Unity\Hub\Editor\2021.3.24f1\Editor\Unity.exe
-adb2
-batchMode
-noUpm
-name
AssetImportWorker2
-projectPath
C:/Users/Administrator/Desktop/UnityLecture/UnityTutorial
-logFile
Logs/AssetImportWorker2.log
-srvPort
50262
Successfully changed project path to: C:/Users/Administrator/Desktop/UnityLecture/UnityTutorial
C:/Users/Administrator/Desktop/UnityLecture/UnityTutorial
[UnityMemory] Configuration Parameters - Can be set up in boot.config
    "memorysetup-bucket-allocator-granularity=16"
    "memorysetup-bucket-allocator-bucket-count=8"
    "memorysetup-bucket-allocator-block-size=33554432"
    "memorysetup-bucket-allocator-block-count=8"
    "memorysetup-main-allocator-block-size=16777216"
    "memorysetup-thread-allocator-block-size=16777216"
    "memorysetup-gfx-main-allocator-block-size=16777216"
    "memorysetup-gfx-thread-allocator-block-size=16777216"
    "memorysetup-cache-allocator-block-size=4194304"
    "memorysetup-typetree-allocator-block-size=2097152"
    "memorysetup-profiler-bucket-allocator-granularity=16"
    "memorysetup-profiler-bucket-allocator-bucket-count=8"
    "memorysetup-profiler-bucket-allocator-block-size=33554432"
    "memorysetup-profiler-bucket-allocator-block-count=8"
    "memorysetup-profiler-allocator-block-size=16777216"
    "memorysetup-profiler-editor-allocator-block-size=1048576"
    "memorysetup-temp-allocator-size-main=16777216"
    "memorysetup-job-temp-allocator-block-size=2097152"
    "memorysetup-job-temp-allocator-block-size-background=1048576"
    "memorysetup-job-temp-allocator-reduction-small-platforms=262144"
    "memorysetup-temp-allocator-size-background-worker=32768"
    "memorysetup-temp-allocator-size-job-worker=262144"
    "memorysetup-temp-allocator-size-preload-manager=33554432"
    "memorysetup-temp-allocator-size-nav-mesh-worker=65536"
    "memorysetup-temp-allocator-size-audio-worker=65536"
    "memorysetup-temp-allocator-size-cloud-worker=32768"
    "memorysetup-temp-allocator-size-gi-baking-worker=262144"
    "memorysetup-temp-allocator-size-gfx=262144"
Player connection [14892] Host "[IP] 192.168.0.62 [Port] 0 [Flags] 2 [Guid] 419566723 [EditorId] 419566723 [Version] 1048832 [Id] WindowsEditor(7,DESKTOP-772CCFJ) [Debug] 1 [PackageName] WindowsEditor [ProjectName] Editor" joined multi-casting on [225.0.0.222:54997]...

Player connection [14892] Host "[IP] 192.168.0.62 [Port] 0 [Flags] 2 [Guid] 419566723 [EditorId] 419566723 [Version] 1048832 [Id] WindowsEditor(7,DESKTOP-772CCFJ) [Debug] 1 [PackageName] WindowsEditor [ProjectName] Editor" joined alternative multi-casting on [225.0.0.222:34997]...

Refreshing native plugins compatible for Editor in 70.43 ms, found 3 plugins.
Preloading 0 native plugins for Editor in 0.00 ms.
Initialize engine version: 2021.3.24f1 (cf10dcf7010d)
[Subsystems] Discovering subsystems at path C:/Program Files/Unity/Hub/Editor/2021.3.24f1/Editor/Data/Resources/UnitySubsystems
[Subsystems] Discovering subsystems at path C:/Users/Administrator/Desktop/UnityLecture/UnityTutorial/Assets
GfxDevice: creating device client; threaded=0; jobified=0
Direct3D:
    Version:  Direct3D 11.0 [level 11.1]
    Renderer: NVIDIA GeForce RTX 3060 (ID=0x2504)
    Vendor:   NVIDIA
    VRAM:     12129 MB
    Driver:   31.0.15.3179
Initialize mono
Mono path[0] = 'C:/Program Files/Unity/Hub/Editor/2021.3.24f1/Editor/Data/Managed'
Mono path[1] = 'C:/Program Files/Unity/Hub/Editor/2021.3.24f1/Editor/Data/MonoBleedingEdge/lib/mono/unityjit-win32'
Mono config path = 'C:/Program Files/Unity/Hub/Editor/2021.3.24f1/Editor/Data/MonoBleedingEdge/etc'
Using monoOptions --debugger-agent=transport=dt_socket,embedding=1,server=y,suspend=n,address=127.0.0.1:56300
Begin MonoManager ReloadAssembly
Registering precompiled unity dll's ...
Register platform support module: C:/Program Files/Unity/Hub/Editor/2021.3.24f1/Editor/Data/PlaybackEngines/WebGLSupport/UnityEditor.WebGL.Extensions.dll
Register platform support module: C:/Program Files/Unity/Hub/Editor/2021.3.24f1/Editor/Data/PlaybackEngines/WindowsStandaloneSupport/UnityEditor.WindowsStandalone.Extensions.dll
Registered in 0.005548 seconds.
Native extension for WindowsStandalone target not found
Native extension for WebGL target not found
Refreshing native plugins compatible for Editor in 62.34 ms, found 3 plugins.
Preloading 0 native plugins for Editor in 0.00 ms.
Mono: successfully reloaded assembly
- Completed reload, in  0.531 seconds
Domain Reload Profiling:
	ReloadAssembly (531ms)
		BeginReloadAssembly (67ms)
			ExecutionOrderSort (0ms)
			DisableScriptedObjects (0ms)
			BackupInstance (0ms)
			ReleaseScriptingObjects (0ms)
			CreateAndSetChildDomain (1ms)
		EndReloadAssembly (378ms)
			LoadAssemblies (65ms)
			RebuildTransferFunctionScriptingTraits (0ms)
			SetupTypeCache (99ms)
			ReleaseScriptCaches (0ms)
			RebuildScriptCaches (24ms)
			SetupLoadedEditorAssemblies (213ms)
				LogAssemblyErrors (0ms)
				InitializePlatformSupportModulesInManaged (8ms)
				SetLoadedEditorAssemblies (0ms)
				RefreshPlugins (62ms)
				BeforeProcessingInitializeOnLoad (1ms)
				ProcessInitializeOnLoadAttributes (104ms)
				ProcessInitializeOnLoadMethodAttributes (38ms)
				AfterProcessingInitializeOnLoad (0ms)
				EditorAssembliesLoaded (0ms)
			ExecutionOrderSort2 (0ms)
			AwakeInstancesAfterBackupRestoration (0ms)
Platform modules already initialized, skipping
Registering precompiled user dll's ...
Registered in 0.003806 seconds.
Begin MonoManager ReloadAssembly
Symbol file LoadedFromMemory doesn't match image C:\Users\Administrator\Desktop\UnityLecture\UnityTutorial\Library\PackageCache\com.unity.visualscripting@1.8.0\Editor\VisualScripting.Core\Dependencies\YamlDotNet\Unity.VisualScripting.YamlDotNet.dll
Symbol file LoadedFromMemory doesn't match image C:\Users\Administrator\Desktop\UnityLecture\UnityTutorial\Library\PackageCache\com.unity.visualscripting@1.8.0\Editor\VisualScripting.Core\Dependencies\DotNetZip\Unity.VisualScripting.IonicZip.dll
Native extension for WindowsStandalone target not found
Native extension for WebGL target not found
Refreshing native plugins compatible for Editor in 0.49 ms, found 3 plugins.
Preloading 0 native plugins for Editor in 0.00 ms.
Mono: successfully reloaded assembly
- Completed reload, in  0.871 seconds
Domain Reload Profiling:
	ReloadAssembly (872ms)
		BeginReloadAssembly (106ms)
			ExecutionOrderSort (0ms)
			DisableScriptedObjects (5ms)
			BackupInstance (0ms)
			ReleaseScriptingObjects (0ms)
			CreateAndSetChildDomain (18ms)
		EndReloadAssembly (673ms)
			LoadAssemblies (73ms)
			RebuildTransferFunctionScriptingTraits (0ms)
			SetupTypeCache (249ms)
			ReleaseScriptCaches (1ms)
			RebuildScriptCaches (44ms)
			SetupLoadedEditorAssemblies (278ms)
				LogAssemblyErrors (0ms)
				InitializePlatformSupportModulesInManaged (6ms)
				SetLoadedEditorAssemblies (0ms)
				RefreshPlugins (1ms)
				BeforeProcessingInitializeOnLoad (67ms)
				ProcessInitializeOnLoadAttributes (178ms)
				ProcessInitializeOnLoadMethodAttributes (20ms)
				AfterProcessingInitializeOnLoad (7ms)
				EditorAssembliesLoaded (0ms)
			ExecutionOrderSort2 (0ms)
			AwakeInstancesAfterBackupRestoration (6ms)
Platform modules already initialized, skipping
========================================================================
Worker process is ready to serve import requests
Launched and connected shader compiler UnityShaderCompiler.exe after 0.03 seconds
Refreshing native plugins compatible for Editor in 0.86 ms, found 3 plugins.
Preloading 0 native plugins for Editor in 0.00 ms.
Unloading 3050 Unused Serialized files (Serialized files now loaded: 0)
Unloading 24 unused Assets / (113.4 KB). Loaded Objects now: 3511.
Memory consumption went from 108.0 MB to 107.9 MB.
Total: 2.595900 ms (FindLiveObjects: 0.268000 ms CreateObjectMapping: 0.230500 ms MarkObjects: 2.009200 ms  DeleteObjects: 0.087500 ms)

AssetImportParameters requested are different than current active one (requested -> active):
  custom:video-decoder-ogg-theora: a1e56fd34408186e4bbccfd4996cb3dc -> 
  custom:container-muxer-webm: aa71ff27fc2769a1b78a27578f13a17b -> 
  custom:container-demuxer-webm: 4f35f7cbe854078d1ac9338744f61a02 -> 
  custom:video-encoder-webm-vp8: eb34c28f22e8b96e1ab97ce403110664 -> 
  custom:audio-encoder-webm-vorbis: bf7c407c2cedff20999df2af8eb42d56 -> 
  custom:framework-win-MediaFoundation: 216162199b28c13a410421893ffa2e32 -> 
  custom:container-demuxer-ogg: 62fdf1f143b41e24485cea50d1cbac27 -> 
  custom:video-decoder-webm-vp8: 9c59270c3fd7afecdb556c50c9e8de78 -> 
  custom:audio-decoder-ogg-vorbis: bf7c407c2cedff20999df2af8eb42d56 -> 
========================================================================
Received Import Request.
  Time since last request: 1058.147453 seconds.
  path: Assets/Simasart/Hungry Bat/Art/Project
  artifactKey: Guid(84fb3748d5cb6ec488ba884632d8e7a5) Importer(815301076,1909f56bfc062723c751e8b465ee728b)
Start importing Assets/Simasart/Hungry Bat/Art/Project using Guid(84fb3748d5cb6ec488ba884632d8e7a5) Importer(815301076,1909f56bfc062723c751e8b465ee728b)  -> (artifact id: 'f0a370c13801d1a4ae985863f5b482e9') in 0.013180 seconds 
========================================================================
Received Import Request.
  Time since last request: 124.490830 seconds.
  path: Assets/Scenes/Title Scene.unity
  artifactKey: Guid(5cc7c6c83602bf84cbae8364883ee50a) Importer(815301076,1909f56bfc062723c751e8b465ee728b)
Start importing Assets/Scenes/Title Scene.unity using Guid(5cc7c6c83602bf84cbae8364883ee50a) Importer(815301076,1909f56bfc062723c751e8b465ee728b)  -> (artifact id: 'eebd77587c8cce67cd0bdaacff843cec') in 0.008441 seconds 
========================================================================
Received Import Request.
  Time since last request: 1485.056895 seconds.
  path: Assets/Image
  artifactKey: Guid(0890620a855c5bc4c9b6f1a406723811) Importer(815301076,1909f56bfc062723c751e8b465ee728b)
Start importing Assets/Image using Guid(0890620a855c5bc4c9b6f1a406723811) Importer(815301076,1909f56bfc062723c751e8b465ee728b)  -> (artifact id: 'e89664e6e978bd0166d1024110a376eb') in 0.009758 seconds 
========================================================================
Received Import Request.
  Time since last request: 57.431827 seconds.
  path: Assets/Image/spaceships-gc34ddf673_1280.jpg
  artifactKey: Guid(19691b866e7fc8a4aab9228022ab4c5c) Importer(815301076,1909f56bfc062723c751e8b465ee728b)
Start importing Assets/Image/spaceships-gc34ddf673_1280.jpg using Guid(19691b866e7fc8a4aab9228022ab4c5c) Importer(815301076,1909f56bfc062723c751e8b465ee728b)  -> (artifact id: 'a01e95070c418524da8286329a56522a') in 0.060376 seconds 
========================================================================
Received Import Request.
  Time since last request: 32.976580 seconds.
  path: Assets/Image/Back Ground.jpg
  artifactKey: Guid(19691b866e7fc8a4aab9228022ab4c5c) Importer(815301076,1909f56bfc062723c751e8b465ee728b)
Start importing Assets/Image/Back Ground.jpg using Guid(19691b866e7fc8a4aab9228022ab4c5c) Importer(815301076,1909f56bfc062723c751e8b465ee728b)  -> (artifact id: '8822cc462f4575fee63edfb85753700b') in 0.012895 seconds 
========================================================================
Received Import Request.
  Time since last request: 104.958879 seconds.
  path: Assets/Image/Back Ground.jpg
  artifactKey: Guid(19691b866e7fc8a4aab9228022ab4c5c) Importer(815301076,1909f56bfc062723c751e8b465ee728b)
Start importing Assets/Image/Back Ground.jpg using Guid(19691b866e7fc8a4aab9228022ab4c5c) Importer(815301076,1909f56bfc062723c751e8b465ee728b)  -> (artifact id: '3cc65232dafc8487c9ec5f5f005287a7') in 0.166792 seconds 
========================================================================
Received Prepare
Registering precompiled user dll's ...
Registered in 0.003316 seconds.
Begin MonoManager ReloadAssembly
Symbol file LoadedFromMemory doesn't match image C:\Users\Administrator\Desktop\UnityLecture\UnityTutorial\Library\PackageCache\com.unity.visualscripting@1.8.0\Editor\VisualScripting.Core\Dependencies\YamlDotNet\Unity.VisualScripting.YamlDotNet.dll
Symbol file LoadedFromMemory doesn't match image C:\Users\Administrator\Desktop\UnityLecture\UnityTutorial\Library\PackageCache\com.unity.visualscripting@1.8.0\Editor\VisualScripting.Core\Dependencies\DotNetZip\Unity.VisualScripting.IonicZip.dll
Native extension for WindowsStandalone target not found
Native extension for WebGL target not found
Refreshing native plugins compatible for Editor in 0.54 ms, found 3 plugins.
Preloading 0 native plugins for Editor in 0.00 ms.
Mono: successfully reloaded assembly
- Completed reload, in  0.821 seconds
Domain Reload Profiling:
	ReloadAssembly (822ms)
		BeginReloadAssembly (120ms)
			ExecutionOrderSort (0ms)
			DisableScriptedObjects (5ms)
			BackupInstance (0ms)
			ReleaseScriptingObjects (0ms)
			CreateAndSetChildDomain (28ms)
		EndReloadAssembly (620ms)
			LoadAssemblies (73ms)
			RebuildTransferFunctionScriptingTraits (0ms)
			SetupTypeCache (230ms)
			ReleaseScriptCaches (1ms)
			RebuildScriptCaches (34ms)
			SetupLoadedEditorAssemblies (253ms)
				LogAssemblyErrors (0ms)
				InitializePlatformSupportModulesInManaged (6ms)
				SetLoadedEditorAssemblies (0ms)
				RefreshPlugins (1ms)
				BeforeProcessingInitializeOnLoad (56ms)
				ProcessInitializeOnLoadAttributes (168ms)
				ProcessInitializeOnLoadMethodAttributes (16ms)
				AfterProcessingInitializeOnLoad (6ms)
				EditorAssembliesLoaded (0ms)
			ExecutionOrderSort2 (0ms)
			AwakeInstancesAfterBackupRestoration (5ms)
Platform modules already initialized, skipping
Refreshing native plugins compatible for Editor in 1.73 ms, found 3 plugins.
Preloading 0 native plugins for Editor in 0.00 ms.
Unloading 3045 Unused Serialized files (Serialized files now loaded: 0)
Unloading 17 unused Assets / (79.8 KB). Loaded Objects now: 3522.
Memory consumption went from 112.2 MB to 112.1 MB.
Total: 2.395300 ms (FindLiveObjects: 0.216600 ms CreateObjectMapping: 0.135100 ms MarkObjects: 1.960100 ms  DeleteObjects: 0.082800 ms)

AssetImportParameters requested are different than current active one (requested -> active):
  custom:video-decoder-ogg-theora: a1e56fd34408186e4bbccfd4996cb3dc -> 
  custom:container-muxer-webm: aa71ff27fc2769a1b78a27578f13a17b -> 
  custom:container-demuxer-webm: 4f35f7cbe854078d1ac9338744f61a02 -> 
  custom:video-encoder-webm-vp8: eb34c28f22e8b96e1ab97ce403110664 -> 
  custom:audio-encoder-webm-vorbis: bf7c407c2cedff20999df2af8eb42d56 -> 
  custom:framework-win-MediaFoundation: 216162199b28c13a410421893ffa2e32 -> 
  custom:container-demuxer-ogg: 62fdf1f143b41e24485cea50d1cbac27 -> 
  custom:video-decoder-webm-vp8: 9c59270c3fd7afecdb556c50c9e8de78 -> 
  custom:audio-decoder-ogg-vorbis: bf7c407c2cedff20999df2af8eb42d56 -> 
========================================================================
Received Import Request.
  Time since last request: 1579.785817 seconds.
  path: Assets/Simasart/Hungry Bat/Art/UI
  artifactKey: Guid(bc7783c82557b964f9b59be9741bc16f) Importer(815301076,1909f56bfc062723c751e8b465ee728b)
Start importing Assets/Simasart/Hungry Bat/Art/UI using Guid(bc7783c82557b964f9b59be9741bc16f) Importer(815301076,1909f56bfc062723c751e8b465ee728b)  -> (artifact id: 'a396ec8bda86bc521fa70bea4b5bd0f0') in 0.014162 seconds 
========================================================================
Received Import Request.
  Time since last request: 22.269937 seconds.
  path: Assets/Simasart/Hungry Bat/Art/UI/Buttons
  artifactKey: Guid(a479c6f01f7d41c4aad393fc85599baa) Importer(815301076,1909f56bfc062723c751e8b465ee728b)
Start importing Assets/Simasart/Hungry Bat/Art/UI/Buttons using Guid(a479c6f01f7d41c4aad393fc85599baa) Importer(815301076,1909f56bfc062723c751e8b465ee728b)  -> (artifact id: 'd4b73298c6c4ae2b713dda142cd17489') in 0.010571 seconds 
========================================================================
Received Import Request.
  Time since last request: 0.065324 seconds.
  path: Assets/Simasart/Hungry Bat/Art/UI/Buttons/button_purple_idle.png
  artifactKey: Guid(1fa89cf92f2b49a479b36c296eedc2dc) Importer(815301076,1909f56bfc062723c751e8b465ee728b)
Start importing Assets/Simasart/Hungry Bat/Art/UI/Buttons/button_purple_idle.png using Guid(1fa89cf92f2b49a479b36c296eedc2dc) Importer(815301076,1909f56bfc062723c751e8b465ee728b)  -> (artifact id: 'd0ddc2b7867ee9eac14261c43539c20e') in 0.059688 seconds 
========================================================================
Received Import Request.
  Time since last request: 0.000018 seconds.
  path: Assets/Simasart/Hungry Bat/Art/UI/Buttons/round_button_bg.png
  artifactKey: Guid(c7f81830583617b4bb7332d9a06d0d74) Importer(815301076,1909f56bfc062723c751e8b465ee728b)
Start importing Assets/Simasart/Hungry Bat/Art/UI/Buttons/round_button_bg.png using Guid(c7f81830583617b4bb7332d9a06d0d74) Importer(815301076,1909f56bfc062723c751e8b465ee728b)  -> (artifact id: 'c560e80e771497672a3ea671a0a285dc') in 0.018555 seconds 
========================================================================
Received Import Request.
  Time since last request: 0.000024 seconds.
  path: Assets/Simasart/Hungry Bat/Art/UI/Buttons/button_shine.png
  artifactKey: Guid(8793bb93e7b561146a1c64282dec2f0e) Importer(815301076,1909f56bfc062723c751e8b465ee728b)
Start importing Assets/Simasart/Hungry Bat/Art/UI/Buttons/button_shine.png using Guid(8793bb93e7b561146a1c64282dec2f0e) Importer(815301076,1909f56bfc062723c751e8b465ee728b)  -> (artifact id: 'f4e42f35ef1006781e5f1a3fbace1def') in 0.014819 seconds 
========================================================================
Received Import Request.
  Time since last request: 0.000014 seconds.
  path: Assets/Simasart/Hungry Bat/Art/UI/Buttons/button_yellow_idle.png
  artifactKey: Guid(f4ded2b71ce341f4aa2abcdef4c7a8d9) Importer(815301076,1909f56bfc062723c751e8b465ee728b)
Start importing Assets/Simasart/Hungry Bat/Art/UI/Buttons/button_yellow_idle.png using Guid(f4ded2b71ce341f4aa2abcdef4c7a8d9) Importer(815301076,1909f56bfc062723c751e8b465ee728b)  -> (artifact id: '11cd642320ff52248f9b0ed6d27f8781') in 0.015987 seconds 
========================================================================
Received Import Request.
  Time since last request: 0.000015 seconds.
  path: Assets/Simasart/Hungry Bat/Art/UI/Buttons/button_yellow_pressed.png
  artifactKey: Guid(ac6e93038c3e08c418a058994d1b2fd2) Importer(815301076,1909f56bfc062723c751e8b465ee728b)
Start importing Assets/Simasart/Hungry Bat/Art/UI/Buttons/button_yellow_pressed.png using Guid(ac6e93038c3e08c418a058994d1b2fd2) Importer(815301076,1909f56bfc062723c751e8b465ee728b)  -> (artifact id: '788e61f28c7a32bac4d5f9c9e7f903e9') in 0.016897 seconds 
========================================================================
Received Import Request.
  Time since last request: 41.510223 seconds.
  path: Assets/Simasart/Hungry Bat/Art/UI/Bar/bar_fill.png
  artifactKey: Guid(7ea1f418bd367c4439b1576afa6f4f56) Importer(815301076,1909f56bfc062723c751e8b465ee728b)
Start importing Assets/Simasart/Hungry Bat/Art/UI/Bar/bar_fill.png using Guid(7ea1f418bd367c4439b1576afa6f4f56) Importer(815301076,1909f56bfc062723c751e8b465ee728b)  -> (artifact id: '63cb8e6bfe5fadfd0d808d392b044f5d') in 0.023700 seconds 
Editor requested this worker to shutdown with reason: Scaling down because of idle timeout
AssetImportWorker is now disconnected from the server
Process exiting
Exiting without the bug reporter. Application will terminate with return code 0