Using pre-set license
Built from '2022.3/staging' branch; Version is '2022.3.15f1 (b58023a2b463) revision 11894819'; Using compiler version '192829333'; Build Type 'Release'
OS: 'Windows 11  (10.0.22631) 64bit Core' Language: 'ko' Physical Memory: 16317 MB
BatchMode: 1, IsHumanControllingUs: 0, StartBugReporterOnCrash: 0, Is64bit: 1, IsPro: 1

COMMAND LINE ARGUMENTS:
C:\Program Files\Unity\Hub\Editor\2022.3.15f1\Editor\Unity.exe
-adb2
-batchMode
-noUpm
-name
AssetImportWorker1
-projectPath
C:/Users/nwond/OneDrive/바탕 화면/Endless-Run/Game
-logFile
Logs/AssetImportWorker1.log
-srvPort
62723
Successfully changed project path to: C:/Users/nwond/OneDrive/바탕 화면/Endless-Run/Game
C:/Users/nwond/OneDrive/바탕 화면/Endless-Run/Game
[UnityMemory] Configuration Parameters - Can be set up in boot.config
    "memorysetup-bucket-allocator-granularity=16"
    "memorysetup-bucket-allocator-bucket-count=8"
    "memorysetup-bucket-allocator-block-size=33554432"
    "memorysetup-bucket-allocator-block-count=8"
    "memorysetup-main-allocator-block-size=16777216"
    "memorysetup-thread-allocator-block-size=16777216"
    "memorysetup-gfx-main-allocator-block-size=16777216"
    "memorysetup-gfx-thread-allocator-block-size=16777216"
    "memorysetup-cache-allocator-block-size=4194304"
    "memorysetup-typetree-allocator-block-size=2097152"
    "memorysetup-profiler-bucket-allocator-granularity=16"
    "memorysetup-profiler-bucket-allocator-bucket-count=8"
    "memorysetup-profiler-bucket-allocator-block-size=33554432"
    "memorysetup-profiler-bucket-allocator-block-count=8"
    "memorysetup-profiler-allocator-block-size=16777216"
    "memorysetup-profiler-editor-allocator-block-size=1048576"
    "memorysetup-temp-allocator-size-main=16777216"
    "memorysetup-job-temp-allocator-block-size=2097152"
    "memorysetup-job-temp-allocator-block-size-background=1048576"
    "memorysetup-job-temp-allocator-reduction-small-platforms=262144"
    "memorysetup-allocator-temp-initial-block-size-main=262144"
    "memorysetup-allocator-temp-initial-block-size-worker=262144"
    "memorysetup-temp-allocator-size-background-worker=32768"
    "memorysetup-temp-allocator-size-job-worker=262144"
    "memorysetup-temp-allocator-size-preload-manager=33554432"
    "memorysetup-temp-allocator-size-nav-mesh-worker=65536"
    "memorysetup-temp-allocator-size-audio-worker=65536"
    "memorysetup-temp-allocator-size-cloud-worker=32768"
    "memorysetup-temp-allocator-size-gi-baking-worker=262144"
    "memorysetup-temp-allocator-size-gfx=262144"
Player connection [38108] Host "[IP] 192.168.219.105 [Port] 0 [Flags] 2 [Guid] 3969811703 [EditorId] 3969811703 [Version] 1048832 [Id] WindowsEditor(7,Dinosaur) [Debug] 1 [PackageName] WindowsEditor [ProjectName] Editor" joined multi-casting on [225.0.0.222:54997]...

Player connection [38108] Host "[IP] 192.168.219.105 [Port] 0 [Flags] 2 [Guid] 3969811703 [EditorId] 3969811703 [Version] 1048832 [Id] WindowsEditor(7,Dinosaur) [Debug] 1 [PackageName] WindowsEditor [ProjectName] Editor" joined alternative multi-casting on [225.0.0.222:34997]...

[Physics::Module] Initialized MultithreadedJobDispatcher with 11 workers.
Refreshing native plugins compatible for Editor in 7.21 ms, found 3 plugins.
Preloading 0 native plugins for Editor in 0.00 ms.
Initialize engine version: 2022.3.15f1 (b58023a2b463)
[Subsystems] Discovering subsystems at path C:/Program Files/Unity/Hub/Editor/2022.3.15f1/Editor/Data/Resources/UnitySubsystems
[Subsystems] Discovering subsystems at path C:/Users/nwond/OneDrive/바탕 화면/Endless-Run/Game/Assets
GfxDevice: creating device client; threaded=0; jobified=0
Direct3D:
    Version:  Direct3D 11.0 [level 11.1]
    Renderer: NVIDIA GeForce RTX 3060 (ID=0x2544)
    Vendor:   NVIDIA
    VRAM:     8050 MB
    Driver:   31.0.15.4633
Initialize mono
Mono path[0] = 'C:/Program Files/Unity/Hub/Editor/2022.3.15f1/Editor/Data/Managed'
Mono path[1] = 'C:/Program Files/Unity/Hub/Editor/2022.3.15f1/Editor/Data/MonoBleedingEdge/lib/mono/unityjit-win32'
Mono config path = 'C:/Program Files/Unity/Hub/Editor/2022.3.15f1/Editor/Data/MonoBleedingEdge/etc'
Using monoOptions --debugger-agent=transport=dt_socket,embedding=1,server=y,suspend=n,address=127.0.0.1:56364
Begin MonoManager ReloadAssembly
Registering precompiled unity dll's ...
Register platform support module: C:/Program Files/Unity/Hub/Editor/2022.3.15f1/Editor/Data/PlaybackEngines/AndroidPlayer/UnityEditor.Android.Extensions.dll
Register platform support module: C:/Program Files/Unity/Hub/Editor/2022.3.15f1/Editor/Data/PlaybackEngines/WindowsStandaloneSupport/UnityEditor.WindowsStandalone.Extensions.dll
Registered in 0.006005 seconds.
- Loaded All Assemblies, in  0.345 seconds
Native extension for WindowsStandalone target not found
Native extension for Android target not found
Android Extension - Scanning For ADB Devices 244 ms
Mono: successfully reloaded assembly
- Finished resetting the current domain, in  0.559 seconds
Domain Reload Profiling: 903ms
	BeginReloadAssembly (101ms)
		ExecutionOrderSort (0ms)
		DisableScriptedObjects (0ms)
		BackupInstance (0ms)
		ReleaseScriptingObjects (0ms)
		CreateAndSetChildDomain (1ms)
	RebuildCommonClasses (38ms)
	RebuildNativeTypeToScriptingClass (12ms)
	initialDomainReloadingComplete (52ms)
	LoadAllAssembliesAndSetupDomain (141ms)
		LoadAssemblies (99ms)
		RebuildTransferFunctionScriptingTraits (0ms)
		AnalyzeDomain (139ms)
			TypeCache.Refresh (138ms)
				TypeCache.ScanAssembly (125ms)
			ScanForSourceGeneratedMonoScriptInfo (0ms)
			ResolveRequiredComponents (0ms)
	FinalizeReload (559ms)
		ReleaseScriptCaches (0ms)
		RebuildScriptCaches (0ms)
		SetupLoadedEditorAssemblies (506ms)
			LogAssemblyErrors (0ms)
			InitializePlatformSupportModulesInManaged (352ms)
			SetLoadedEditorAssemblies (3ms)
			RefreshPlugins (0ms)
			BeforeProcessingInitializeOnLoad (2ms)
			ProcessInitializeOnLoadAttributes (108ms)
			ProcessInitializeOnLoadMethodAttributes (41ms)
			AfterProcessingInitializeOnLoad (0ms)
			EditorAssembliesLoaded (0ms)
		ExecutionOrderSort2 (0ms)
		AwakeInstancesAfterBackupRestoration (0ms)
========================================================================
Worker process is ready to serve import requests
Begin MonoManager ReloadAssembly
- Loaded All Assemblies, in  0.607 seconds
Refreshing native plugins compatible for Editor in 3.84 ms, found 3 plugins.
Native extension for WindowsStandalone target not found
Native extension for Android target not found
Package Manager log level set to [2]
[Package Manager] Server::EnsureServerProcessIsRunning -- launch failed, reason: Unity was launched with the -noUpm command-line argument
[Package Manager] UpmClient::Send -- Unable to send message (not connected to UPM process).
[Package Manager] Cannot connect to Unity Package Manager local server
Mono: successfully reloaded assembly
- Finished resetting the current domain, in  0.627 seconds
Domain Reload Profiling: 1232ms
	BeginReloadAssembly (134ms)
		ExecutionOrderSort (0ms)
		DisableScriptedObjects (7ms)
		BackupInstance (0ms)
		ReleaseScriptingObjects (0ms)
		CreateAndSetChildDomain (20ms)
	RebuildCommonClasses (35ms)
	RebuildNativeTypeToScriptingClass (15ms)
	initialDomainReloadingComplete (45ms)
	LoadAllAssembliesAndSetupDomain (375ms)
		LoadAssemblies (260ms)
		RebuildTransferFunctionScriptingTraits (0ms)
		AnalyzeDomain (188ms)
			TypeCache.Refresh (163ms)
				TypeCache.ScanAssembly (148ms)
			ScanForSourceGeneratedMonoScriptInfo (15ms)
			ResolveRequiredComponents (8ms)
	FinalizeReload (627ms)
		ReleaseScriptCaches (0ms)
		RebuildScriptCaches (0ms)
		SetupLoadedEditorAssemblies (458ms)
			LogAssemblyErrors (0ms)
			InitializePlatformSupportModulesInManaged (30ms)
			SetLoadedEditorAssemblies (3ms)
			RefreshPlugins (0ms)
			BeforeProcessingInitializeOnLoad (59ms)
			ProcessInitializeOnLoadAttributes (343ms)
			ProcessInitializeOnLoadMethodAttributes (18ms)
			AfterProcessingInitializeOnLoad (5ms)
			EditorAssembliesLoaded (0ms)
		ExecutionOrderSort2 (0ms)
		AwakeInstancesAfterBackupRestoration (5ms)
Launched and connected shader compiler UnityShaderCompiler.exe after 0.04 seconds
Refreshing native plugins compatible for Editor in 3.07 ms, found 3 plugins.
Preloading 0 native plugins for Editor in 0.00 ms.
Unloading 3708 Unused Serialized files (Serialized files now loaded: 0)
Unloading 52 unused Assets / (132.1 KB). Loaded Objects now: 4199.
Memory consumption went from 168.1 MB to 167.9 MB.
Total: 3.160300 ms (FindLiveObjects: 0.305100 ms CreateObjectMapping: 0.103400 ms MarkObjects: 2.583900 ms  DeleteObjects: 0.166600 ms)

AssetImportParameters requested are different than current active one (requested -> active):
  custom:container-demuxer-ogg: 62fdf1f143b41e24485cea50d1cbac27 -> 
  custom:video-codec-MediaFoundation-h265: 746d11721c4dcdbdad8f713fa42b33f4 -> 
  custom:video-decoder-ogg-theora: a1e56fd34408186e4bbccfd4996cb3dc -> 
  custom:framework-win-MediaFoundation: 216162199b28c13a410421893ffa2e32 -> 
  custom:CustomObjectIndexerAttribute: 43b350a4d6e6d1791af0b5038c4bea17 -> 
  custom:container-demuxer-webm: 4f35f7cbe854078d1ac9338744f61a02 -> 
  custom:container-muxer-webm: aa71ff27fc2769a1b78a27578f13a17b -> 
  custom:video-decoder-webm-vp8: 9c59270c3fd7afecdb556c50c9e8de78 -> 
  custom:SearchIndexIgnoredProperties: e643bd26f0fe6173181afceb89e7c659 -> 
  custom:AudioImporter_EditorPlatform: d09bf68614088b80899f8185d706f6e7 -> 
  custom:video-encoder-webm-vp8: eb34c28f22e8b96e1ab97ce403110664 -> 
  custom:audio-decoder-ogg-vorbis: bf7c407c2cedff20999df2af8eb42d56 -> 
  custom:audio-encoder-webm-vorbis: bf7c407c2cedff20999df2af8eb42d56 -> 
========================================================================
Received Import Request.
  Time since last request: 1977030.226792 seconds.
  path: Assets/Scripts/UI/OptionPanel.cs
  artifactKey: Guid(4b5741674eadc20459cd6212be55d578) Importer(815301076,1909f56bfc062723c751e8b465ee728b)
Start importing Assets/Scripts/UI/OptionPanel.cs using Guid(4b5741674eadc20459cd6212be55d578) Importer(815301076,1909f56bfc062723c751e8b465ee728b)  -> (artifact id: '493be5724002344ebd019668a9aed6cc') in 0.002704 seconds
Number of updated asset objects reloaded before import = 0
Number of asset objects unloaded after import = 0
========================================================================
Received Prepare
Begin MonoManager ReloadAssembly
- Loaded All Assemblies, in  0.447 seconds
Refreshing native plugins compatible for Editor in 3.53 ms, found 3 plugins.
Native extension for WindowsStandalone target not found
Native extension for Android target not found
[Package Manager] Server::EnsureServerProcessIsRunning -- launch failed, reason: Unity was launched with the -noUpm command-line argument
[Package Manager] UpmClient::Send -- Unable to send message (not connected to UPM process).
[Package Manager] Cannot connect to Unity Package Manager local server
Mono: successfully reloaded assembly
- Finished resetting the current domain, in  0.870 seconds
Domain Reload Profiling: 1315ms
	BeginReloadAssembly (152ms)
		ExecutionOrderSort (0ms)
		DisableScriptedObjects (5ms)
		BackupInstance (0ms)
		ReleaseScriptingObjects (0ms)
		CreateAndSetChildDomain (38ms)
	RebuildCommonClasses (34ms)
	RebuildNativeTypeToScriptingClass (12ms)
	initialDomainReloadingComplete (31ms)
	LoadAllAssembliesAndSetupDomain (216ms)
		LoadAssemblies (257ms)
		RebuildTransferFunctionScriptingTraits (0ms)
		AnalyzeDomain (33ms)
			TypeCache.Refresh (9ms)
				TypeCache.ScanAssembly (1ms)
			ScanForSourceGeneratedMonoScriptInfo (15ms)
			ResolveRequiredComponents (6ms)
	FinalizeReload (870ms)
		ReleaseScriptCaches (0ms)
		RebuildScriptCaches (0ms)
		SetupLoadedEditorAssemblies (427ms)
			LogAssemblyErrors (0ms)
			InitializePlatformSupportModulesInManaged (20ms)
			SetLoadedEditorAssemblies (3ms)
			RefreshPlugins (0ms)
			BeforeProcessingInitializeOnLoad (55ms)
			ProcessInitializeOnLoadAttributes (324ms)
			ProcessInitializeOnLoadMethodAttributes (18ms)
			AfterProcessingInitializeOnLoad (6ms)
			EditorAssembliesLoaded (0ms)
		ExecutionOrderSort2 (0ms)
		AwakeInstancesAfterBackupRestoration (8ms)
Refreshing native plugins compatible for Editor in 2.50 ms, found 3 plugins.
Preloading 0 native plugins for Editor in 0.00 ms.
Unloading 3683 Unused Serialized files (Serialized files now loaded: 0)
Unloading 25 unused Assets / (102.9 KB). Loaded Objects now: 4214.
Memory consumption went from 163.7 MB to 163.6 MB.
Total: 2.936200 ms (FindLiveObjects: 0.312800 ms CreateObjectMapping: 0.105800 ms MarkObjects: 2.453700 ms  DeleteObjects: 0.063000 ms)

Prepare: number of updated asset objects reloaded= 0
AssetImportParameters requested are different than current active one (requested -> active):
  custom:container-demuxer-ogg: 62fdf1f143b41e24485cea50d1cbac27 -> 
  custom:video-codec-MediaFoundation-h265: 746d11721c4dcdbdad8f713fa42b33f4 -> 
  custom:video-decoder-ogg-theora: a1e56fd34408186e4bbccfd4996cb3dc -> 
  custom:framework-win-MediaFoundation: 216162199b28c13a410421893ffa2e32 -> 
  custom:CustomObjectIndexerAttribute: 43b350a4d6e6d1791af0b5038c4bea17 -> 
  custom:container-demuxer-webm: 4f35f7cbe854078d1ac9338744f61a02 -> 
  custom:container-muxer-webm: aa71ff27fc2769a1b78a27578f13a17b -> 
  custom:video-decoder-webm-vp8: 9c59270c3fd7afecdb556c50c9e8de78 -> 
  custom:SearchIndexIgnoredProperties: e643bd26f0fe6173181afceb89e7c659 -> 
  custom:AudioImporter_EditorPlatform: d09bf68614088b80899f8185d706f6e7 -> 
  custom:video-encoder-webm-vp8: eb34c28f22e8b96e1ab97ce403110664 -> 
  custom:audio-decoder-ogg-vorbis: bf7c407c2cedff20999df2af8eb42d56 -> 
  custom:audio-encoder-webm-vorbis: bf7c407c2cedff20999df2af8eb42d56 -> 
========================================================================
Received Prepare
Begin MonoManager ReloadAssembly
- Loaded All Assemblies, in  0.427 seconds
Refreshing native plugins compatible for Editor in 2.80 ms, found 3 plugins.
Native extension for WindowsStandalone target not found
Native extension for Android target not found
[Package Manager] Server::EnsureServerProcessIsRunning -- launch failed, reason: Unity was launched with the -noUpm command-line argument
[Package Manager] UpmClient::Send -- Unable to send message (not connected to UPM process).
[Package Manager] Cannot connect to Unity Package Manager local server
Mono: successfully reloaded assembly
- Finished resetting the current domain, in  0.826 seconds
Domain Reload Profiling: 1251ms
	BeginReloadAssembly (157ms)
		ExecutionOrderSort (0ms)
		DisableScriptedObjects (4ms)
		BackupInstance (0ms)
		ReleaseScriptingObjects (0ms)
		CreateAndSetChildDomain (38ms)
	RebuildCommonClasses (36ms)
	RebuildNativeTypeToScriptingClass (11ms)
	initialDomainReloadingComplete (26ms)
	LoadAllAssembliesAndSetupDomain (195ms)
		LoadAssemblies (252ms)
		RebuildTransferFunctionScriptingTraits (0ms)
		AnalyzeDomain (25ms)
			TypeCache.Refresh (8ms)
				TypeCache.ScanAssembly (0ms)
			ScanForSourceGeneratedMonoScriptInfo (10ms)
			ResolveRequiredComponents (5ms)
	FinalizeReload (827ms)
		ReleaseScriptCaches (0ms)
		RebuildScriptCaches (0ms)
		SetupLoadedEditorAssemblies (409ms)
			LogAssemblyErrors (0ms)
			InitializePlatformSupportModulesInManaged (22ms)
			SetLoadedEditorAssemblies (3ms)
			RefreshPlugins (0ms)
			BeforeProcessingInitializeOnLoad (61ms)
			ProcessInitializeOnLoadAttributes (302ms)
			ProcessInitializeOnLoadMethodAttributes (17ms)
			AfterProcessingInitializeOnLoad (5ms)
			EditorAssembliesLoaded (0ms)
		ExecutionOrderSort2 (0ms)
		AwakeInstancesAfterBackupRestoration (5ms)
Refreshing native plugins compatible for Editor in 2.98 ms, found 3 plugins.
Preloading 0 native plugins for Editor in 0.00 ms.
Unloading 3684 Unused Serialized files (Serialized files now loaded: 0)
Unloading 25 unused Assets / (102.9 KB). Loaded Objects now: 4229.
Memory consumption went from 165.9 MB to 165.8 MB.
Total: 3.189800 ms (FindLiveObjects: 0.396600 ms CreateObjectMapping: 0.122000 ms MarkObjects: 2.594600 ms  DeleteObjects: 0.075600 ms)

Prepare: number of updated asset objects reloaded= 0
AssetImportParameters requested are different than current active one (requested -> active):
  custom:container-demuxer-ogg: 62fdf1f143b41e24485cea50d1cbac27 -> 
  custom:video-codec-MediaFoundation-h265: 746d11721c4dcdbdad8f713fa42b33f4 -> 
  custom:video-decoder-ogg-theora: a1e56fd34408186e4bbccfd4996cb3dc -> 
  custom:framework-win-MediaFoundation: 216162199b28c13a410421893ffa2e32 -> 
  custom:CustomObjectIndexerAttribute: 43b350a4d6e6d1791af0b5038c4bea17 -> 
  custom:container-demuxer-webm: 4f35f7cbe854078d1ac9338744f61a02 -> 
  custom:container-muxer-webm: aa71ff27fc2769a1b78a27578f13a17b -> 
  custom:video-decoder-webm-vp8: 9c59270c3fd7afecdb556c50c9e8de78 -> 
  custom:SearchIndexIgnoredProperties: e643bd26f0fe6173181afceb89e7c659 -> 
  custom:AudioImporter_EditorPlatform: d09bf68614088b80899f8185d706f6e7 -> 
  custom:video-encoder-webm-vp8: eb34c28f22e8b96e1ab97ce403110664 -> 
  custom:audio-decoder-ogg-vorbis: bf7c407c2cedff20999df2af8eb42d56 -> 
  custom:audio-encoder-webm-vorbis: bf7c407c2cedff20999df2af8eb42d56 -> 
========================================================================
Received Prepare
Begin MonoManager ReloadAssembly
- Loaded All Assemblies, in  0.436 seconds
Refreshing native plugins compatible for Editor in 2.77 ms, found 3 plugins.
Native extension for WindowsStandalone target not found
Native extension for Android target not found
[Package Manager] Server::EnsureServerProcessIsRunning -- launch failed, reason: Unity was launched with the -noUpm command-line argument
[Package Manager] UpmClient::Send -- Unable to send message (not connected to UPM process).
[Package Manager] Cannot connect to Unity Package Manager local server
Mono: successfully reloaded assembly
- Finished resetting the current domain, in  0.792 seconds
Domain Reload Profiling: 1225ms
	BeginReloadAssembly (149ms)
		ExecutionOrderSort (0ms)
		DisableScriptedObjects (7ms)
		BackupInstance (0ms)
		ReleaseScriptingObjects (0ms)
		CreateAndSetChildDomain (36ms)
	RebuildCommonClasses (32ms)
	RebuildNativeTypeToScriptingClass (12ms)
	initialDomainReloadingComplete (28ms)
	LoadAllAssembliesAndSetupDomain (212ms)
		LoadAssemblies (260ms)
		RebuildTransferFunctionScriptingTraits (0ms)
		AnalyzeDomain (28ms)
			TypeCache.Refresh (8ms)
				TypeCache.ScanAssembly (0ms)
			ScanForSourceGeneratedMonoScriptInfo (12ms)
			ResolveRequiredComponents (6ms)
	FinalizeReload (792ms)
		ReleaseScriptCaches (0ms)
		RebuildScriptCaches (0ms)
		SetupLoadedEditorAssemblies (390ms)
			LogAssemblyErrors (0ms)
			InitializePlatformSupportModulesInManaged (20ms)
			SetLoadedEditorAssemblies (3ms)
			RefreshPlugins (0ms)
			BeforeProcessingInitializeOnLoad (54ms)
			ProcessInitializeOnLoadAttributes (293ms)
			ProcessInitializeOnLoadMethodAttributes (16ms)
			AfterProcessingInitializeOnLoad (5ms)
			EditorAssembliesLoaded (0ms)
		ExecutionOrderSort2 (0ms)
		AwakeInstancesAfterBackupRestoration (5ms)
Refreshing native plugins compatible for Editor in 2.58 ms, found 3 plugins.
Preloading 0 native plugins for Editor in 0.00 ms.
Unloading 3684 Unused Serialized files (Serialized files now loaded: 0)
Unloading 25 unused Assets / (102.7 KB). Loaded Objects now: 4244.
Memory consumption went from 167.9 MB to 167.8 MB.
Total: 3.008500 ms (FindLiveObjects: 0.317500 ms CreateObjectMapping: 0.118600 ms MarkObjects: 2.503800 ms  DeleteObjects: 0.067300 ms)

Prepare: number of updated asset objects reloaded= 0
AssetImportParameters requested are different than current active one (requested -> active):
  custom:container-demuxer-ogg: 62fdf1f143b41e24485cea50d1cbac27 -> 
  custom:video-codec-MediaFoundation-h265: 746d11721c4dcdbdad8f713fa42b33f4 -> 
  custom:video-decoder-ogg-theora: a1e56fd34408186e4bbccfd4996cb3dc -> 
  custom:framework-win-MediaFoundation: 216162199b28c13a410421893ffa2e32 -> 
  custom:CustomObjectIndexerAttribute: 43b350a4d6e6d1791af0b5038c4bea17 -> 
  custom:container-demuxer-webm: 4f35f7cbe854078d1ac9338744f61a02 -> 
  custom:container-muxer-webm: aa71ff27fc2769a1b78a27578f13a17b -> 
  custom:video-decoder-webm-vp8: 9c59270c3fd7afecdb556c50c9e8de78 -> 
  custom:SearchIndexIgnoredProperties: e643bd26f0fe6173181afceb89e7c659 -> 
  custom:AudioImporter_EditorPlatform: d09bf68614088b80899f8185d706f6e7 -> 
  custom:video-encoder-webm-vp8: eb34c28f22e8b96e1ab97ce403110664 -> 
  custom:audio-decoder-ogg-vorbis: bf7c407c2cedff20999df2af8eb42d56 -> 
  custom:audio-encoder-webm-vorbis: bf7c407c2cedff20999df2af8eb42d56 -> 
========================================================================
Received Prepare
Begin MonoManager ReloadAssembly
- Loaded All Assemblies, in  0.550 seconds
Refreshing native plugins compatible for Editor in 2.75 ms, found 3 plugins.
Native extension for WindowsStandalone target not found
Native extension for Android target not found
[Package Manager] Server::EnsureServerProcessIsRunning -- launch failed, reason: Unity was launched with the -noUpm command-line argument
[Package Manager] UpmClient::Send -- Unable to send message (not connected to UPM process).
[Package Manager] Cannot connect to Unity Package Manager local server
Mono: successfully reloaded assembly
- Finished resetting the current domain, in  0.828 seconds
Domain Reload Profiling: 1376ms
	BeginReloadAssembly (245ms)
		ExecutionOrderSort (0ms)
		DisableScriptedObjects (4ms)
		BackupInstance (0ms)
		ReleaseScriptingObjects (0ms)
		CreateAndSetChildDomain (32ms)
	RebuildCommonClasses (38ms)
	RebuildNativeTypeToScriptingClass (14ms)
	initialDomainReloadingComplete (29ms)
	LoadAllAssembliesAndSetupDomain (222ms)
		LoadAssemblies (370ms)
		RebuildTransferFunctionScriptingTraits (0ms)
		AnalyzeDomain (32ms)
			TypeCache.Refresh (9ms)
				TypeCache.ScanAssembly (0ms)
			ScanForSourceGeneratedMonoScriptInfo (15ms)
			ResolveRequiredComponents (6ms)
	FinalizeReload (829ms)
		ReleaseScriptCaches (0ms)
		RebuildScriptCaches (0ms)
		SetupLoadedEditorAssemblies (407ms)
			LogAssemblyErrors (0ms)
			InitializePlatformSupportModulesInManaged (23ms)
			SetLoadedEditorAssemblies (3ms)
			RefreshPlugins (0ms)
			BeforeProcessingInitializeOnLoad (55ms)
			ProcessInitializeOnLoadAttributes (304ms)
			ProcessInitializeOnLoadMethodAttributes (17ms)
			AfterProcessingInitializeOnLoad (5ms)
			EditorAssembliesLoaded (0ms)
		ExecutionOrderSort2 (0ms)
		AwakeInstancesAfterBackupRestoration (5ms)
Refreshing native plugins compatible for Editor in 2.65 ms, found 3 plugins.
Preloading 0 native plugins for Editor in 0.00 ms.
Unloading 3684 Unused Serialized files (Serialized files now loaded: 0)
Unloading 25 unused Assets / (102.8 KB). Loaded Objects now: 4259.
Memory consumption went from 169.8 MB to 169.7 MB.
Total: 2.967400 ms (FindLiveObjects: 0.344800 ms CreateObjectMapping: 0.089600 ms MarkObjects: 2.462400 ms  DeleteObjects: 0.069400 ms)

Prepare: number of updated asset objects reloaded= 0
AssetImportParameters requested are different than current active one (requested -> active):
  custom:container-demuxer-ogg: 62fdf1f143b41e24485cea50d1cbac27 -> 
  custom:video-codec-MediaFoundation-h265: 746d11721c4dcdbdad8f713fa42b33f4 -> 
  custom:video-decoder-ogg-theora: a1e56fd34408186e4bbccfd4996cb3dc -> 
  custom:framework-win-MediaFoundation: 216162199b28c13a410421893ffa2e32 -> 
  custom:CustomObjectIndexerAttribute: 43b350a4d6e6d1791af0b5038c4bea17 -> 
  custom:container-demuxer-webm: 4f35f7cbe854078d1ac9338744f61a02 -> 
  custom:container-muxer-webm: aa71ff27fc2769a1b78a27578f13a17b -> 
  custom:video-decoder-webm-vp8: 9c59270c3fd7afecdb556c50c9e8de78 -> 
  custom:SearchIndexIgnoredProperties: e643bd26f0fe6173181afceb89e7c659 -> 
  custom:AudioImporter_EditorPlatform: d09bf68614088b80899f8185d706f6e7 -> 
  custom:video-encoder-webm-vp8: eb34c28f22e8b96e1ab97ce403110664 -> 
  custom:audio-decoder-ogg-vorbis: bf7c407c2cedff20999df2af8eb42d56 -> 
  custom:audio-encoder-webm-vorbis: bf7c407c2cedff20999df2af8eb42d56 -> 
========================================================================
Received Prepare
Begin MonoManager ReloadAssembly
- Loaded All Assemblies, in  0.396 seconds
Refreshing native plugins compatible for Editor in 2.74 ms, found 3 plugins.
Native extension for WindowsStandalone target not found
Native extension for Android target not found
[Package Manager] Server::EnsureServerProcessIsRunning -- launch failed, reason: Unity was launched with the -noUpm command-line argument
[Package Manager] UpmClient::Send -- Unable to send message (not connected to UPM process).
[Package Manager] Cannot connect to Unity Package Manager local server
Mono: successfully reloaded assembly
- Finished resetting the current domain, in  0.899 seconds
Domain Reload Profiling: 1293ms
	BeginReloadAssembly (135ms)
		ExecutionOrderSort (0ms)
		DisableScriptedObjects (5ms)
		BackupInstance (0ms)
		ReleaseScriptingObjects (0ms)
		CreateAndSetChildDomain (30ms)
	RebuildCommonClasses (31ms)
	RebuildNativeTypeToScriptingClass (11ms)
	initialDomainReloadingComplete (29ms)
	LoadAllAssembliesAndSetupDomain (188ms)
		LoadAssemblies (241ms)
		RebuildTransferFunctionScriptingTraits (0ms)
		AnalyzeDomain (17ms)
			TypeCache.Refresh (7ms)
				TypeCache.ScanAssembly (0ms)
			ScanForSourceGeneratedMonoScriptInfo (0ms)
			ResolveRequiredComponents (8ms)
	FinalizeReload (900ms)
		ReleaseScriptCaches (0ms)
		RebuildScriptCaches (0ms)
		SetupLoadedEditorAssemblies (473ms)
			LogAssemblyErrors (0ms)
			InitializePlatformSupportModulesInManaged (24ms)
			SetLoadedEditorAssemblies (3ms)
			RefreshPlugins (0ms)
			BeforeProcessingInitializeOnLoad (62ms)
			ProcessInitializeOnLoadAttributes (358ms)
			ProcessInitializeOnLoadMethodAttributes (19ms)
			AfterProcessingInitializeOnLoad (6ms)
			EditorAssembliesLoaded (0ms)
		ExecutionOrderSort2 (0ms)
		AwakeInstancesAfterBackupRestoration (6ms)
Refreshing native plugins compatible for Editor in 3.43 ms, found 3 plugins.
Preloading 0 native plugins for Editor in 0.00 ms.
Unloading 3684 Unused Serialized files (Serialized files now loaded: 0)
Unloading 25 unused Assets / (102.8 KB). Loaded Objects now: 4274.
Memory consumption went from 171.8 MB to 171.7 MB.
Total: 3.927800 ms (FindLiveObjects: 0.520000 ms CreateObjectMapping: 0.107300 ms MarkObjects: 3.208300 ms  DeleteObjects: 0.090300 ms)

Prepare: number of updated asset objects reloaded= 0
AssetImportParameters requested are different than current active one (requested -> active):
  custom:container-demuxer-ogg: 62fdf1f143b41e24485cea50d1cbac27 -> 
  custom:video-codec-MediaFoundation-h265: 746d11721c4dcdbdad8f713fa42b33f4 -> 
  custom:video-decoder-ogg-theora: a1e56fd34408186e4bbccfd4996cb3dc -> 
  custom:framework-win-MediaFoundation: 216162199b28c13a410421893ffa2e32 -> 
  custom:CustomObjectIndexerAttribute: 43b350a4d6e6d1791af0b5038c4bea17 -> 
  custom:container-demuxer-webm: 4f35f7cbe854078d1ac9338744f61a02 -> 
  custom:container-muxer-webm: aa71ff27fc2769a1b78a27578f13a17b -> 
  custom:video-decoder-webm-vp8: 9c59270c3fd7afecdb556c50c9e8de78 -> 
  custom:SearchIndexIgnoredProperties: e643bd26f0fe6173181afceb89e7c659 -> 
  custom:AudioImporter_EditorPlatform: d09bf68614088b80899f8185d706f6e7 -> 
  custom:video-encoder-webm-vp8: eb34c28f22e8b96e1ab97ce403110664 -> 
  custom:audio-decoder-ogg-vorbis: bf7c407c2cedff20999df2af8eb42d56 -> 
  custom:audio-encoder-webm-vorbis: bf7c407c2cedff20999df2af8eb42d56 -> 
========================================================================
Received Prepare
Begin MonoManager ReloadAssembly
- Loaded All Assemblies, in  0.410 seconds
Refreshing native plugins compatible for Editor in 3.23 ms, found 3 plugins.
Native extension for WindowsStandalone target not found
Native extension for Android target not found
[Package Manager] Server::EnsureServerProcessIsRunning -- launch failed, reason: Unity was launched with the -noUpm command-line argument
[Package Manager] UpmClient::Send -- Unable to send message (not connected to UPM process).
[Package Manager] Cannot connect to Unity Package Manager local server
Mono: successfully reloaded assembly
- Finished resetting the current domain, in  0.899 seconds
Domain Reload Profiling: 1307ms
	BeginReloadAssembly (134ms)
		ExecutionOrderSort (0ms)
		DisableScriptedObjects (5ms)
		BackupInstance (0ms)
		ReleaseScriptingObjects (0ms)
		CreateAndSetChildDomain (31ms)
	RebuildCommonClasses (37ms)
	RebuildNativeTypeToScriptingClass (11ms)
	initialDomainReloadingComplete (30ms)
	LoadAllAssembliesAndSetupDomain (196ms)
		LoadAssemblies (252ms)
		RebuildTransferFunctionScriptingTraits (0ms)
		AnalyzeDomain (13ms)
			TypeCache.Refresh (5ms)
				TypeCache.ScanAssembly (0ms)
			ScanForSourceGeneratedMonoScriptInfo (0ms)
			ResolveRequiredComponents (6ms)
	FinalizeReload (899ms)
		ReleaseScriptCaches (0ms)
		RebuildScriptCaches (0ms)
		SetupLoadedEditorAssemblies (462ms)
			LogAssemblyErrors (0ms)
			InitializePlatformSupportModulesInManaged (23ms)
			SetLoadedEditorAssemblies (4ms)
			RefreshPlugins (0ms)
			BeforeProcessingInitializeOnLoad (62ms)
			ProcessInitializeOnLoadAttributes (349ms)
			ProcessInitializeOnLoadMethodAttributes (18ms)
			AfterProcessingInitializeOnLoad (6ms)
			EditorAssembliesLoaded (0ms)
		ExecutionOrderSort2 (0ms)
		AwakeInstancesAfterBackupRestoration (6ms)
Refreshing native plugins compatible for Editor in 3.12 ms, found 3 plugins.
Preloading 0 native plugins for Editor in 0.00 ms.
Unloading 3684 Unused Serialized files (Serialized files now loaded: 0)
Unloading 25 unused Assets / (102.8 KB). Loaded Objects now: 4289.
Memory consumption went from 173.7 MB to 173.6 MB.
Total: 3.993600 ms (FindLiveObjects: 0.406800 ms CreateObjectMapping: 0.104300 ms MarkObjects: 3.361400 ms  DeleteObjects: 0.119800 ms)

Prepare: number of updated asset objects reloaded= 0
AssetImportParameters requested are different than current active one (requested -> active):
  custom:container-demuxer-ogg: 62fdf1f143b41e24485cea50d1cbac27 -> 
  custom:video-codec-MediaFoundation-h265: 746d11721c4dcdbdad8f713fa42b33f4 -> 
  custom:video-decoder-ogg-theora: a1e56fd34408186e4bbccfd4996cb3dc -> 
  custom:framework-win-MediaFoundation: 216162199b28c13a410421893ffa2e32 -> 
  custom:CustomObjectIndexerAttribute: 43b350a4d6e6d1791af0b5038c4bea17 -> 
  custom:container-demuxer-webm: 4f35f7cbe854078d1ac9338744f61a02 -> 
  custom:container-muxer-webm: aa71ff27fc2769a1b78a27578f13a17b -> 
  custom:video-decoder-webm-vp8: 9c59270c3fd7afecdb556c50c9e8de78 -> 
  custom:SearchIndexIgnoredProperties: e643bd26f0fe6173181afceb89e7c659 -> 
  custom:AudioImporter_EditorPlatform: d09bf68614088b80899f8185d706f6e7 -> 
  custom:video-encoder-webm-vp8: eb34c28f22e8b96e1ab97ce403110664 -> 
  custom:audio-decoder-ogg-vorbis: bf7c407c2cedff20999df2af8eb42d56 -> 
  custom:audio-encoder-webm-vorbis: bf7c407c2cedff20999df2af8eb42d56 -> 
========================================================================
Received Prepare
Begin MonoManager ReloadAssembly
- Loaded All Assemblies, in  0.410 seconds
Refreshing native plugins compatible for Editor in 2.94 ms, found 3 plugins.
Native extension for WindowsStandalone target not found
Native extension for Android target not found
[Package Manager] Server::EnsureServerProcessIsRunning -- launch failed, reason: Unity was launched with the -noUpm command-line argument
[Package Manager] UpmClient::Send -- Unable to send message (not connected to UPM process).
[Package Manager] Cannot connect to Unity Package Manager local server
Mono: successfully reloaded assembly
- Finished resetting the current domain, in  0.902 seconds
Domain Reload Profiling: 1310ms
	BeginReloadAssembly (140ms)
		ExecutionOrderSort (0ms)
		DisableScriptedObjects (4ms)
		BackupInstance (0ms)
		ReleaseScriptingObjects (0ms)
		CreateAndSetChildDomain (32ms)
	RebuildCommonClasses (32ms)
	RebuildNativeTypeToScriptingClass (11ms)
	initialDomainReloadingComplete (27ms)
	LoadAllAssembliesAndSetupDomain (197ms)
		LoadAssemblies (257ms)
		RebuildTransferFunctionScriptingTraits (0ms)
		AnalyzeDomain (14ms)
			TypeCache.Refresh (5ms)
				TypeCache.ScanAssembly (0ms)
			ScanForSourceGeneratedMonoScriptInfo (0ms)
			ResolveRequiredComponents (6ms)
	FinalizeReload (903ms)
		ReleaseScriptCaches (0ms)
		RebuildScriptCaches (0ms)
		SetupLoadedEditorAssemblies (474ms)
			LogAssemblyErrors (0ms)
			InitializePlatformSupportModulesInManaged (19ms)
			SetLoadedEditorAssemblies (3ms)
			RefreshPlugins (0ms)
			BeforeProcessingInitializeOnLoad (66ms)
			ProcessInitializeOnLoadAttributes (360ms)
			ProcessInitializeOnLoadMethodAttributes (20ms)
			AfterProcessingInitializeOnLoad (6ms)
			EditorAssembliesLoaded (0ms)
		ExecutionOrderSort2 (0ms)
		AwakeInstancesAfterBackupRestoration (6ms)
Refreshing native plugins compatible for Editor in 3.44 ms, found 3 plugins.
Preloading 0 native plugins for Editor in 0.00 ms.
Unloading 3684 Unused Serialized files (Serialized files now loaded: 0)
Unloading 25 unused Assets / (102.8 KB). Loaded Objects now: 4304.
Memory consumption went from 175.6 MB to 175.5 MB.
Total: 3.233100 ms (FindLiveObjects: 0.422800 ms CreateObjectMapping: 0.092600 ms MarkObjects: 2.632800 ms  DeleteObjects: 0.083800 ms)

Prepare: number of updated asset objects reloaded= 0
AssetImportParameters requested are different than current active one (requested -> active):
  custom:container-demuxer-ogg: 62fdf1f143b41e24485cea50d1cbac27 -> 
  custom:video-codec-MediaFoundation-h265: 746d11721c4dcdbdad8f713fa42b33f4 -> 
  custom:video-decoder-ogg-theora: a1e56fd34408186e4bbccfd4996cb3dc -> 
  custom:framework-win-MediaFoundation: 216162199b28c13a410421893ffa2e32 -> 
  custom:CustomObjectIndexerAttribute: 43b350a4d6e6d1791af0b5038c4bea17 -> 
  custom:container-demuxer-webm: 4f35f7cbe854078d1ac9338744f61a02 -> 
  custom:container-muxer-webm: aa71ff27fc2769a1b78a27578f13a17b -> 
  custom:video-decoder-webm-vp8: 9c59270c3fd7afecdb556c50c9e8de78 -> 
  custom:SearchIndexIgnoredProperties: e643bd26f0fe6173181afceb89e7c659 -> 
  custom:AudioImporter_EditorPlatform: d09bf68614088b80899f8185d706f6e7 -> 
  custom:video-encoder-webm-vp8: eb34c28f22e8b96e1ab97ce403110664 -> 
  custom:audio-decoder-ogg-vorbis: bf7c407c2cedff20999df2af8eb42d56 -> 
  custom:audio-encoder-webm-vorbis: bf7c407c2cedff20999df2af8eb42d56 -> 
========================================================================
Received Prepare
Begin MonoManager ReloadAssembly
- Loaded All Assemblies, in  0.448 seconds
Refreshing native plugins compatible for Editor in 3.10 ms, found 3 plugins.
Native extension for WindowsStandalone target not found
Native extension for Android target not found
[Package Manager] Server::EnsureServerProcessIsRunning -- launch failed, reason: Unity was launched with the -noUpm command-line argument
[Package Manager] UpmClient::Send -- Unable to send message (not connected to UPM process).
[Package Manager] Cannot connect to Unity Package Manager local server
Mono: successfully reloaded assembly
- Finished resetting the current domain, in  0.841 seconds
Domain Reload Profiling: 1287ms
	BeginReloadAssembly (144ms)
		ExecutionOrderSort (0ms)
		DisableScriptedObjects (5ms)
		BackupInstance (0ms)
		ReleaseScriptingObjects (0ms)
		CreateAndSetChildDomain (32ms)
	RebuildCommonClasses (39ms)
	RebuildNativeTypeToScriptingClass (11ms)
	initialDomainReloadingComplete (34ms)
	LoadAllAssembliesAndSetupDomain (219ms)
		LoadAssemblies (264ms)
		RebuildTransferFunctionScriptingTraits (0ms)
		AnalyzeDomain (31ms)
			TypeCache.Refresh (10ms)
				TypeCache.ScanAssembly (1ms)
			ScanForSourceGeneratedMonoScriptInfo (11ms)
			ResolveRequiredComponents (8ms)
	FinalizeReload (841ms)
		ReleaseScriptCaches (0ms)
		RebuildScriptCaches (0ms)
		SetupLoadedEditorAssemblies (423ms)
			LogAssemblyErrors (0ms)
			InitializePlatformSupportModulesInManaged (19ms)
			SetLoadedEditorAssemblies (3ms)
			RefreshPlugins (0ms)
			BeforeProcessingInitializeOnLoad (59ms)
			ProcessInitializeOnLoadAttributes (319ms)
			ProcessInitializeOnLoadMethodAttributes (18ms)
			AfterProcessingInitializeOnLoad (5ms)
			EditorAssembliesLoaded (0ms)
		ExecutionOrderSort2 (0ms)
		AwakeInstancesAfterBackupRestoration (6ms)
Refreshing native plugins compatible for Editor in 2.97 ms, found 3 plugins.
Preloading 0 native plugins for Editor in 0.00 ms.
Unloading 3688 Unused Serialized files (Serialized files now loaded: 0)
Unloading 25 unused Assets / (102.8 KB). Loaded Objects now: 4323.
Memory consumption went from 177.6 MB to 177.5 MB.
Total: 3.813600 ms (FindLiveObjects: 0.426800 ms CreateObjectMapping: 0.130100 ms MarkObjects: 3.180100 ms  DeleteObjects: 0.075300 ms)

Prepare: number of updated asset objects reloaded= 0
AssetImportParameters requested are different than current active one (requested -> active):
  custom:container-demuxer-ogg: 62fdf1f143b41e24485cea50d1cbac27 -> 
  custom:video-codec-MediaFoundation-h265: 746d11721c4dcdbdad8f713fa42b33f4 -> 
  custom:video-decoder-ogg-theora: a1e56fd34408186e4bbccfd4996cb3dc -> 
  custom:framework-win-MediaFoundation: 216162199b28c13a410421893ffa2e32 -> 
  custom:CustomObjectIndexerAttribute: 43b350a4d6e6d1791af0b5038c4bea17 -> 
  custom:container-demuxer-webm: 4f35f7cbe854078d1ac9338744f61a02 -> 
  custom:container-muxer-webm: aa71ff27fc2769a1b78a27578f13a17b -> 
  custom:video-decoder-webm-vp8: 9c59270c3fd7afecdb556c50c9e8de78 -> 
  custom:SearchIndexIgnoredProperties: e643bd26f0fe6173181afceb89e7c659 -> 
  custom:AudioImporter_EditorPlatform: d09bf68614088b80899f8185d706f6e7 -> 
  custom:video-encoder-webm-vp8: eb34c28f22e8b96e1ab97ce403110664 -> 
  custom:audio-decoder-ogg-vorbis: bf7c407c2cedff20999df2af8eb42d56 -> 
  custom:audio-encoder-webm-vorbis: bf7c407c2cedff20999df2af8eb42d56 -> 
========================================================================
Received Import Request.
  Time since last request: 2030.077634 seconds.
  path: Assets/ShopUpgradeSystem/Prefabs/Canvas.prefab
  artifactKey: Guid(9fb8a15d81da9754ca20c2e403f252a0) Importer(815301076,1909f56bfc062723c751e8b465ee728b)
Start importing Assets/ShopUpgradeSystem/Prefabs/Canvas.prefab using Guid(9fb8a15d81da9754ca20c2e403f252a0) Importer(815301076,1909f56bfc062723c751e8b465ee728b)  -> (artifact id: 'fb01f76c11e30b1aa0a4f292d79c2d2b') in 0.039822 seconds
Number of updated asset objects reloaded before import = 0
Number of asset objects unloaded after import = 72
========================================================================
Received Import Request.
  Time since last request: 0.000019 seconds.
  path: Assets/ShopUpgradeSystem/Prefabs/Car1.prefab
  artifactKey: Guid(1145a99f95c9aff4fbbbf53d05eeb02b) Importer(815301076,1909f56bfc062723c751e8b465ee728b)
Start importing Assets/ShopUpgradeSystem/Prefabs/Car1.prefab using Guid(1145a99f95c9aff4fbbbf53d05eeb02b) Importer(815301076,1909f56bfc062723c751e8b465ee728b)  -> (artifact id: '1e064a3a09dbc693338a64612583fe13') in 0.073854 seconds
Number of updated asset objects reloaded before import = 0
Number of asset objects unloaded after import = 54
========================================================================
Received Import Request.
  Time since last request: 0.000046 seconds.
  path: Assets/ShopUpgradeSystem/Prefabs/Car2.prefab
  artifactKey: Guid(d9c5f4c36d9a5e34f8fc6ff06984ab76) Importer(815301076,1909f56bfc062723c751e8b465ee728b)
Start importing Assets/ShopUpgradeSystem/Prefabs/Car2.prefab using Guid(d9c5f4c36d9a5e34f8fc6ff06984ab76) Importer(815301076,1909f56bfc062723c751e8b465ee728b)  -> (artifact id: '62aad7df9cdfa508b74e8b994146f690') in 0.015719 seconds
Number of updated asset objects reloaded before import = 0
Number of asset objects unloaded after import = 54
========================================================================
Received Import Request.
  Time since last request: 0.000024 seconds.
  path: Assets/ShopUpgradeSystem/Prefabs/RoadHolder.prefab
  artifactKey: Guid(a4de5ca655e4c34469a13910128acf5c) Importer(815301076,1909f56bfc062723c751e8b465ee728b)
Start importing Assets/ShopUpgradeSystem/Prefabs/RoadHolder.prefab using Guid(a4de5ca655e4c34469a13910128acf5c) Importer(815301076,1909f56bfc062723c751e8b465ee728b)  -> (artifact id: 'a72a40b00cefcfd92bd1e8ddafc913e4') in 0.163464 seconds
Number of updated asset objects reloaded before import = 0
Number of asset objects unloaded after import = 80
========================================================================
Received Import Request.
  Time since last request: 13.439682 seconds.
  path: Assets/ShopUpgradeSystem/Art/Models/Low_Poly_Vehicles_car02.fbx
  artifactKey: Guid(35acca4a5436f5941bb53345f659cdce) Importer(815301076,1909f56bfc062723c751e8b465ee728b)
Start importing Assets/ShopUpgradeSystem/Art/Models/Low_Poly_Vehicles_car02.fbx using Guid(35acca4a5436f5941bb53345f659cdce) Importer(815301076,1909f56bfc062723c751e8b465ee728b)  -> (artifact id: 'f339fe457ea964107b1092fc9e0c9919') in 0.278593 seconds
Number of updated asset objects reloaded before import = 0
Number of asset objects unloaded after import = 28
========================================================================
Received Import Request.
  Time since last request: 0.000018 seconds.
  path: Assets/ShopUpgradeSystem/Art/Models/Low_Poly_Vehicles_car_modSpoiler.fbx
  artifactKey: Guid(f45f6bccfa99cd94786e356c04a153ee) Importer(815301076,1909f56bfc062723c751e8b465ee728b)
Start importing Assets/ShopUpgradeSystem/Art/Models/Low_Poly_Vehicles_car_modSpoiler.fbx using Guid(f45f6bccfa99cd94786e356c04a153ee) Importer(815301076,1909f56bfc062723c751e8b465ee728b)  -> (artifact id: 'f5ad5d308df429e02752b7310f2b9be8') in 0.051688 seconds
Number of updated asset objects reloaded before import = 0
Number of asset objects unloaded after import = 8
========================================================================
Received Import Request.
  Time since last request: 0.000022 seconds.
  path: Assets/ShopUpgradeSystem/Art/Models/Low_Poly_Vehicles_car03.fbx
  artifactKey: Guid(d5f5c448a8bb2e849b53b606b4fb554e) Importer(815301076,1909f56bfc062723c751e8b465ee728b)
Start importing Assets/ShopUpgradeSystem/Art/Models/Low_Poly_Vehicles_car03.fbx using Guid(d5f5c448a8bb2e849b53b606b4fb554e) Importer(815301076,1909f56bfc062723c751e8b465ee728b)  -> (artifact id: 'd816f46cc54371863169d72907702b94') in 0.050425 seconds
Number of updated asset objects reloaded before import = 0
Number of asset objects unloaded after import = 28
========================================================================
Received Import Request.
  Time since last request: 0.000017 seconds.
  path: Assets/ShopUpgradeSystem/Art/Models/Low_Poly_Vehicles_pickupTruck02.fbx
  artifactKey: Guid(173fc2dd05711404aa699b8fe663ff32) Importer(815301076,1909f56bfc062723c751e8b465ee728b)
Start importing Assets/ShopUpgradeSystem/Art/Models/Low_Poly_Vehicles_pickupTruck02.fbx using Guid(173fc2dd05711404aa699b8fe663ff32) Importer(815301076,1909f56bfc062723c751e8b465ee728b)  -> (artifact id: 'b8528f66b3ef2d04cf7661d3de66b2af') in 0.043874 seconds
Number of updated asset objects reloaded before import = 0
Number of asset objects unloaded after import = 28
========================================================================
Received Import Request.
  Time since last request: 2.000262 seconds.
  path: Assets/ShopUpgradeSystem/Art/Materials/Car1Mat.mat
  artifactKey: Guid(bdee552eb6b2804458fa73dda8b3241c) Importer(815301076,1909f56bfc062723c751e8b465ee728b)
Start importing Assets/ShopUpgradeSystem/Art/Materials/Car1Mat.mat using Guid(bdee552eb6b2804458fa73dda8b3241c) Importer(815301076,1909f56bfc062723c751e8b465ee728b)  -> (artifact id: '5ea5bbe422db791a04d2a418c8c980a6') in 0.012104 seconds
Number of updated asset objects reloaded before import = 0
Number of asset objects unloaded after import = 2
========================================================================
Received Import Request.
  Time since last request: 0.000017 seconds.
  path: Assets/ShopUpgradeSystem/Art/Materials/Car2Mat.mat
  artifactKey: Guid(a91326c3a403914419e7d2590b37eab5) Importer(815301076,1909f56bfc062723c751e8b465ee728b)
Start importing Assets/ShopUpgradeSystem/Art/Materials/Car2Mat.mat using Guid(a91326c3a403914419e7d2590b37eab5) Importer(815301076,1909f56bfc062723c751e8b465ee728b)  -> (artifact id: '346028d9b4ac6ef7276ad547b3b61678') in 0.012664 seconds
Number of updated asset objects reloaded before import = 0
Number of asset objects unloaded after import = 2
========================================================================
Received Import Request.
  Time since last request: 0.000024 seconds.
  path: Assets/ShopUpgradeSystem/Art/Materials/Car3Mat.mat
  artifactKey: Guid(c053c4693fc7246458f6d6255ad3c7f9) Importer(815301076,1909f56bfc062723c751e8b465ee728b)
Start importing Assets/ShopUpgradeSystem/Art/Materials/Car3Mat.mat using Guid(c053c4693fc7246458f6d6255ad3c7f9) Importer(815301076,1909f56bfc062723c751e8b465ee728b)  -> (artifact id: 'e06f42cccc27cfc943ba1df2c7af33b7') in 0.014542 seconds
Number of updated asset objects reloaded before import = 0
Number of asset objects unloaded after import = 2
========================================================================
Received Import Request.
  Time since last request: 0.000024 seconds.
  path: Assets/ShopUpgradeSystem/Art/Materials/LightsMat.mat
  artifactKey: Guid(86fadd75e12a16b4cbffbe5c6fe0dba2) Importer(815301076,1909f56bfc062723c751e8b465ee728b)
Start importing Assets/ShopUpgradeSystem/Art/Materials/LightsMat.mat using Guid(86fadd75e12a16b4cbffbe5c6fe0dba2) Importer(815301076,1909f56bfc062723c751e8b465ee728b)  -> (artifact id: '1f2c0af8cee1b577ab355ef16106b25e') in 0.014890 seconds
Number of updated asset objects reloaded before import = 0
Number of asset objects unloaded after import = 2
========================================================================
Received Import Request.
  Time since last request: 0.000020 seconds.
  path: Assets/ShopUpgradeSystem/Art/Materials/Road.mat
  artifactKey: Guid(b97158799eb946044bec2747d55aaddc) Importer(815301076,1909f56bfc062723c751e8b465ee728b)
Start importing Assets/ShopUpgradeSystem/Art/Materials/Road.mat using Guid(b97158799eb946044bec2747d55aaddc) Importer(815301076,1909f56bfc062723c751e8b465ee728b)  -> (artifact id: '2d1a3944aabfdd181fccd99a773c3103') in 0.013867 seconds
Number of updated asset objects reloaded before import = 0
Number of asset objects unloaded after import = 2
========================================================================
Received Import Request.
  Time since last request: 1.215593 seconds.
  path: Assets/ShopUpgradeSystem/Art/Props/tree_small.fbx
  artifactKey: Guid(aeade34e0250c1b4f84ca6e5bbfcddb1) Importer(815301076,1909f56bfc062723c751e8b465ee728b)
Start importing Assets/ShopUpgradeSystem/Art/Props/tree_small.fbx using Guid(aeade34e0250c1b4f84ca6e5bbfcddb1) Importer(815301076,1909f56bfc062723c751e8b465ee728b)  -> (artifact id: '7eeeb63dce913b289e168dad93e2053e') in 0.031994 seconds
Number of updated asset objects reloaded before import = 0
Number of asset objects unloaded after import = 9
========================================================================
Received Import Request.
  Time since last request: 0.000020 seconds.
  path: Assets/ShopUpgradeSystem/Art/Props/tree_thin.fbx
  artifactKey: Guid(96be4fc24eb0a5d45b7d9a5ab336b999) Importer(815301076,1909f56bfc062723c751e8b465ee728b)
Start importing Assets/ShopUpgradeSystem/Art/Props/tree_thin.fbx using Guid(96be4fc24eb0a5d45b7d9a5ab336b999) Importer(815301076,1909f56bfc062723c751e8b465ee728b)  -> (artifact id: '208737a76cf71ae6da48308e23757078') in 0.052733 seconds
Number of updated asset objects reloaded before import = 0
Number of asset objects unloaded after import = 9
========================================================================
Received Import Request.
  Time since last request: 2.594123 seconds.
  path: Assets/ShopUpgradeSystem/Art/UI/home.png
  artifactKey: Guid(e7cc74a4f7bcd054a9f46d5fc8db046d) Importer(815301076,1909f56bfc062723c751e8b465ee728b)
Start importing Assets/ShopUpgradeSystem/Art/UI/home.png using Guid(e7cc74a4f7bcd054a9f46d5fc8db046d) Importer(815301076,1909f56bfc062723c751e8b465ee728b)  -> (artifact id: 'b9a83445584d110678a986f3d12e297e') in 0.072480 seconds
Number of updated asset objects reloaded before import = 0
Number of asset objects unloaded after import = 3
========================================================================
Received Import Request.
  Time since last request: 0.000064 seconds.
  path: Assets/ShopUpgradeSystem/Art/UI/SquareCurveCornerLarge.png
  artifactKey: Guid(526cfd037c49cdc4c851591706819804) Importer(815301076,1909f56bfc062723c751e8b465ee728b)
Start importing Assets/ShopUpgradeSystem/Art/UI/SquareCurveCornerLarge.png using Guid(526cfd037c49cdc4c851591706819804) Importer(815301076,1909f56bfc062723c751e8b465ee728b)  -> (artifact id: '2e48b57cc9586965bc3d77791d7dc738') in 0.017174 seconds
Number of updated asset objects reloaded before import = 0
Number of asset objects unloaded after import = 3
========================================================================
Received Import Request.
  Time since last request: 0.000019 seconds.
  path: Assets/ShopUpgradeSystem/Art/UI/retry.png
  artifactKey: Guid(b254339decddcef44b6c2cf2e3b026fd) Importer(815301076,1909f56bfc062723c751e8b465ee728b)
Start importing Assets/ShopUpgradeSystem/Art/UI/retry.png using Guid(b254339decddcef44b6c2cf2e3b026fd) Importer(815301076,1909f56bfc062723c751e8b465ee728b)  -> (artifact id: '8436e279ae0304b1888f3251c64596a5') in 0.019559 seconds
Number of updated asset objects reloaded before import = 0
Number of asset objects unloaded after import = 3
========================================================================
Received Import Request.
  Time since last request: 0.000014 seconds.
  path: Assets/ShopUpgradeSystem/Art/UI/right.png
  artifactKey: Guid(59483870d2d59d646bd2c2e2b25682fc) Importer(815301076,1909f56bfc062723c751e8b465ee728b)
Start importing Assets/ShopUpgradeSystem/Art/UI/right.png using Guid(59483870d2d59d646bd2c2e2b25682fc) Importer(815301076,1909f56bfc062723c751e8b465ee728b)  -> (artifact id: '7ddf1e2a3b9ed8de562f7c6f5ed9ca59') in 0.019302 seconds
Number of updated asset objects reloaded before import = 0
Number of asset objects unloaded after import = 3
========================================================================
Received Import Request.
  Time since last request: 0.000018 seconds.
  path: Assets/ShopUpgradeSystem/Art/UI/SquareCurveCorner.png
  artifactKey: Guid(3819c8869ade0ca408c3e8c774449441) Importer(815301076,1909f56bfc062723c751e8b465ee728b)
Start importing Assets/ShopUpgradeSystem/Art/UI/SquareCurveCorner.png using Guid(3819c8869ade0ca408c3e8c774449441) Importer(815301076,1909f56bfc062723c751e8b465ee728b)  -> (artifact id: '689d6911e60b1e4ee69b6040d25cb6f5') in 0.017940 seconds
Number of updated asset objects reloaded before import = 0
Number of asset objects unloaded after import = 3
========================================================================
Received Import Request.
  Time since last request: 0.000020 seconds.
  path: Assets/ShopUpgradeSystem/Art/UI/sound.png
  artifactKey: Guid(c8529890effcdf8408aa8fadb05283c9) Importer(815301076,1909f56bfc062723c751e8b465ee728b)
Start importing Assets/ShopUpgradeSystem/Art/UI/sound.png using Guid(c8529890effcdf8408aa8fadb05283c9) Importer(815301076,1909f56bfc062723c751e8b465ee728b)  -> (artifact id: '8e9c78ed8e3783294556432b8572acbc') in 0.018212 seconds
Number of updated asset objects reloaded before import = 0
Number of asset objects unloaded after import = 3
========================================================================
Received Import Request.
  Time since last request: 1.371482 seconds.
  path: Assets/ShopUpgradeSystem/Art/Texture/car02.png
  artifactKey: Guid(893e681114aa29b4287af9314430fb76) Importer(815301076,1909f56bfc062723c751e8b465ee728b)
Start importing Assets/ShopUpgradeSystem/Art/Texture/car02.png using Guid(893e681114aa29b4287af9314430fb76) Importer(815301076,1909f56bfc062723c751e8b465ee728b)  -> (artifact id: '8c06ace275d296cdb2eb92e548831d8e') in 0.016259 seconds
Number of updated asset objects reloaded before import = 0
Number of asset objects unloaded after import = 2
========================================================================
Received Import Request.
  Time since last request: 0.000015 seconds.
  path: Assets/ShopUpgradeSystem/Art/Texture/pickupTruck01.png
  artifactKey: Guid(af58cb3d372257240855149be1913994) Importer(815301076,1909f56bfc062723c751e8b465ee728b)
Start importing Assets/ShopUpgradeSystem/Art/Texture/pickupTruck01.png using Guid(af58cb3d372257240855149be1913994) Importer(815301076,1909f56bfc062723c751e8b465ee728b)  -> (artifact id: '6aa8b7345244548bf46a3d950a2cd109') in 0.016696 seconds
Number of updated asset objects reloaded before import = 0
Number of asset objects unloaded after import = 2
========================================================================
Received Import Request.
  Time since last request: 0.000017 seconds.
  path: Assets/ShopUpgradeSystem/Art/Texture/car03.png
  artifactKey: Guid(8fe4064b89ac0cd4384aca1f84e05a4b) Importer(815301076,1909f56bfc062723c751e8b465ee728b)
Start importing Assets/ShopUpgradeSystem/Art/Texture/car03.png using Guid(8fe4064b89ac0cd4384aca1f84e05a4b) Importer(815301076,1909f56bfc062723c751e8b465ee728b)  -> (artifact id: '96699466890d627a5fd4866d6bee8fa8') in 0.014755 seconds
Number of updated asset objects reloaded before import = 0
Number of asset objects unloaded after import = 2
========================================================================
Received Import Request.
  Time since last request: 0.000017 seconds.
  path: Assets/ShopUpgradeSystem/Art/Texture/roadTexture.png
  artifactKey: Guid(1316422df297dda41aa69e75d4b57143) Importer(815301076,1909f56bfc062723c751e8b465ee728b)
Start importing Assets/ShopUpgradeSystem/Art/Texture/roadTexture.png using Guid(1316422df297dda41aa69e75d4b57143) Importer(815301076,1909f56bfc062723c751e8b465ee728b)  -> (artifact id: 'f8ed1b3725d9adafce7d6227446603b3') in 0.015353 seconds
Number of updated asset objects reloaded before import = 0
Number of asset objects unloaded after import = 2
========================================================================
Received Prepare
Begin MonoManager ReloadAssembly
- Loaded All Assemblies, in  0.573 seconds
Refreshing native plugins compatible for Editor in 3.17 ms, found 3 plugins.
Native extension for WindowsStandalone target not found
Native extension for Android target not found
[Package Manager] Server::EnsureServerProcessIsRunning -- launch failed, reason: Unity was launched with the -noUpm command-line argument
[Package Manager] UpmClient::Send -- Unable to send message (not connected to UPM process).
[Package Manager] Cannot connect to Unity Package Manager local server
Mono: successfully reloaded assembly
- Finished resetting the current domain, in  0.881 seconds
Domain Reload Profiling: 1452ms
	BeginReloadAssembly (156ms)
		ExecutionOrderSort (0ms)
		DisableScriptedObjects (6ms)
		BackupInstance (0ms)
		ReleaseScriptingObjects (0ms)
		CreateAndSetChildDomain (40ms)
	RebuildCommonClasses (45ms)
	RebuildNativeTypeToScriptingClass (14ms)
	initialDomainReloadingComplete (28ms)
	LoadAllAssembliesAndSetupDomain (327ms)
		LoadAssemblies (370ms)
		RebuildTransferFunctionScriptingTraits (0ms)
		AnalyzeDomain (32ms)
			TypeCache.Refresh (12ms)
				TypeCache.ScanAssembly (1ms)
			ScanForSourceGeneratedMonoScriptInfo (13ms)
			ResolveRequiredComponents (5ms)
	FinalizeReload (882ms)
		ReleaseScriptCaches (0ms)
		RebuildScriptCaches (0ms)
		SetupLoadedEditorAssemblies (441ms)
			LogAssemblyErrors (0ms)
			InitializePlatformSupportModulesInManaged (28ms)
			SetLoadedEditorAssemblies (3ms)
			RefreshPlugins (0ms)
			BeforeProcessingInitializeOnLoad (70ms)
			ProcessInitializeOnLoadAttributes (319ms)
			ProcessInitializeOnLoadMethodAttributes (16ms)
			AfterProcessingInitializeOnLoad (5ms)
			EditorAssembliesLoaded (0ms)
		ExecutionOrderSort2 (0ms)
		AwakeInstancesAfterBackupRestoration (5ms)
Refreshing native plugins compatible for Editor in 3.26 ms, found 3 plugins.
Preloading 0 native plugins for Editor in 0.00 ms.
Unloading 3683 Unused Serialized files (Serialized files now loaded: 0)
Unloading 29 unused Assets / (105.0 KB). Loaded Objects now: 4381.
Memory consumption went from 179.7 MB to 179.6 MB.
Total: 2.926300 ms (FindLiveObjects: 0.318200 ms CreateObjectMapping: 0.103400 ms MarkObjects: 2.429800 ms  DeleteObjects: 0.074100 ms)

Prepare: number of updated asset objects reloaded= 0
AssetImportParameters requested are different than current active one (requested -> active):
  custom:container-demuxer-ogg: 62fdf1f143b41e24485cea50d1cbac27 -> 
  custom:video-codec-MediaFoundation-h265: 746d11721c4dcdbdad8f713fa42b33f4 -> 
  custom:video-decoder-ogg-theora: a1e56fd34408186e4bbccfd4996cb3dc -> 
  custom:framework-win-MediaFoundation: 216162199b28c13a410421893ffa2e32 -> 
  custom:CustomObjectIndexerAttribute: 43b350a4d6e6d1791af0b5038c4bea17 -> 
  custom:container-demuxer-webm: 4f35f7cbe854078d1ac9338744f61a02 -> 
  custom:container-muxer-webm: aa71ff27fc2769a1b78a27578f13a17b -> 
  custom:video-decoder-webm-vp8: 9c59270c3fd7afecdb556c50c9e8de78 -> 
  custom:SearchIndexIgnoredProperties: e643bd26f0fe6173181afceb89e7c659 -> 
  custom:AudioImporter_EditorPlatform: d09bf68614088b80899f8185d706f6e7 -> 
  custom:video-encoder-webm-vp8: eb34c28f22e8b96e1ab97ce403110664 -> 
  custom:audio-decoder-ogg-vorbis: bf7c407c2cedff20999df2af8eb42d56 -> 
  custom:audio-encoder-webm-vorbis: bf7c407c2cedff20999df2af8eb42d56 -> 
========================================================================
Received Import Request.
  Time since last request: 2551.852998 seconds.
  path: Assets/External Assets/Zololgo/FlatPoly Floating Islands/Models/floating_islands_foliage.obj
  artifactKey: Guid(5e87f13aea6549a4fab98bebe6f3d676) Importer(815301076,1909f56bfc062723c751e8b465ee728b)
Start importing Assets/External Assets/Zololgo/FlatPoly Floating Islands/Models/floating_islands_foliage.obj using Guid(5e87f13aea6549a4fab98bebe6f3d676) Importer(815301076,1909f56bfc062723c751e8b465ee728b)  -> (artifact id: 'b13f4d4edc6bc97355d7da330dd70587') in 0.324234 seconds
Number of updated asset objects reloaded before import = 0
Number of asset objects unloaded after import = 104
========================================================================
Received Import Request.
  Time since last request: 0.000033 seconds.
  path: Assets/External Assets/Zololgo/FlatPoly Floating Islands/Models/floating_islands_other.obj
  artifactKey: Guid(3ba712566fc5561499e3869933cfba26) Importer(815301076,1909f56bfc062723c751e8b465ee728b)
Start importing Assets/External Assets/Zololgo/FlatPoly Floating Islands/Models/floating_islands_other.obj using Guid(3ba712566fc5561499e3869933cfba26) Importer(815301076,1909f56bfc062723c751e8b465ee728b)  -> (artifact id: '0eb8d3ad7bc2eb42a9e27a932880d62e') in 0.130723 seconds
Number of updated asset objects reloaded before import = 0
Number of asset objects unloaded after import = 94
========================================================================
Received Import Request.
  Time since last request: 11.007203 seconds.
  path: Assets/External Assets/Zololgo/FlatPoly Floating Islands/Prefabs/Environment/island_A_02.prefab
  artifactKey: Guid(38f73a770c57e2543a97af44a00b1d4d) Importer(815301076,1909f56bfc062723c751e8b465ee728b)
Start importing Assets/External Assets/Zololgo/FlatPoly Floating Islands/Prefabs/Environment/island_A_02.prefab using Guid(38f73a770c57e2543a97af44a00b1d4d) Importer(815301076,1909f56bfc062723c751e8b465ee728b)  -> (artifact id: '4b17f926795c3b3743ee335d41f47059') in 0.014800 seconds
Number of updated asset objects reloaded before import = 0
Number of asset objects unloaded after import = 9
========================================================================
Received Import Request.
  Time since last request: 0.000021 seconds.
  path: Assets/External Assets/Zololgo/FlatPoly Floating Islands/Prefabs/Environment/island_B_02.prefab
  artifactKey: Guid(87ba70ffeb5cf0042b9c74cf165df40c) Importer(815301076,1909f56bfc062723c751e8b465ee728b)
Start importing Assets/External Assets/Zololgo/FlatPoly Floating Islands/Prefabs/Environment/island_B_02.prefab using Guid(87ba70ffeb5cf0042b9c74cf165df40c) Importer(815301076,1909f56bfc062723c751e8b465ee728b)  -> (artifact id: 'b7e8d93fed0c103bbef4dfdc54a39c55') in 0.015090 seconds
Number of updated asset objects reloaded before import = 0
Number of asset objects unloaded after import = 9
========================================================================
Received Import Request.
  Time since last request: 0.000023 seconds.
  path: Assets/External Assets/Zololgo/FlatPoly Floating Islands/Prefabs/Environment/rock_B_05.prefab
  artifactKey: Guid(1e34067b5fa7fe344ba6f9221220c9fc) Importer(815301076,1909f56bfc062723c751e8b465ee728b)
Start importing Assets/External Assets/Zololgo/FlatPoly Floating Islands/Prefabs/Environment/rock_B_05.prefab using Guid(1e34067b5fa7fe344ba6f9221220c9fc) Importer(815301076,1909f56bfc062723c751e8b465ee728b)  -> (artifact id: 'ff071b40b35da35d295e7d4c05a716f3') in 0.015538 seconds
Number of updated asset objects reloaded before import = 0
Number of asset objects unloaded after import = 9
========================================================================
Received Import Request.
  Time since last request: 0.000019 seconds.
  path: Assets/External Assets/Zololgo/FlatPoly Floating Islands/Prefabs/Environment/island_C_03.prefab
  artifactKey: Guid(e6f0ebdf9ad4d5f4fa7c752162158e8e) Importer(815301076,1909f56bfc062723c751e8b465ee728b)
Start importing Assets/External Assets/Zololgo/FlatPoly Floating Islands/Prefabs/Environment/island_C_03.prefab using Guid(e6f0ebdf9ad4d5f4fa7c752162158e8e) Importer(815301076,1909f56bfc062723c751e8b465ee728b)  -> (artifact id: '42a686c5c6e71dbee30718dc1e939b67') in 0.015154 seconds
Number of updated asset objects reloaded before import = 0
Number of asset objects unloaded after import = 9
========================================================================
Received Import Request.
  Time since last request: 0.000020 seconds.
  path: Assets/External Assets/Zololgo/FlatPoly Floating Islands/Prefabs/Environment/platform_B_03.prefab
  artifactKey: Guid(f5e82a095a05b2449a438057d976f9cf) Importer(815301076,1909f56bfc062723c751e8b465ee728b)
Start importing Assets/External Assets/Zololgo/FlatPoly Floating Islands/Prefabs/Environment/platform_B_03.prefab using Guid(f5e82a095a05b2449a438057d976f9cf) Importer(815301076,1909f56bfc062723c751e8b465ee728b)  -> (artifact id: '32e1a243c73f0d55f2a7f907bc9bbe68') in 0.012674 seconds
Number of updated asset objects reloaded before import = 0
Number of asset objects unloaded after import = 9
========================================================================
Received Import Request.
  Time since last request: 0.000025 seconds.
  path: Assets/External Assets/Zololgo/FlatPoly Floating Islands/Prefabs/Environment/rock_A_02.prefab
  artifactKey: Guid(c0d2547f98835844d92f3d0708f62278) Importer(815301076,1909f56bfc062723c751e8b465ee728b)
Start importing Assets/External Assets/Zololgo/FlatPoly Floating Islands/Prefabs/Environment/rock_A_02.prefab using Guid(c0d2547f98835844d92f3d0708f62278) Importer(815301076,1909f56bfc062723c751e8b465ee728b)  -> (artifact id: 'd6c9c6032d2a9cdf3a38074ebc79b08a') in 0.014720 seconds
Number of updated asset objects reloaded before import = 0
Number of asset objects unloaded after import = 9
========================================================================
Received Import Request.
  Time since last request: 0.000018 seconds.
  path: Assets/External Assets/Zololgo/FlatPoly Floating Islands/Prefabs/Environment/platform_B_01.prefab
  artifactKey: Guid(407387324762870468d85ad61dd08f3f) Importer(815301076,1909f56bfc062723c751e8b465ee728b)
Start importing Assets/External Assets/Zololgo/FlatPoly Floating Islands/Prefabs/Environment/platform_B_01.prefab using Guid(407387324762870468d85ad61dd08f3f) Importer(815301076,1909f56bfc062723c751e8b465ee728b)  -> (artifact id: 'ce2acb9d4d3a3d660d623a1a610352b6') in 0.014860 seconds
Number of updated asset objects reloaded before import = 0
Number of asset objects unloaded after import = 9
========================================================================
Received Import Request.
  Time since last request: 0.000018 seconds.
  path: Assets/External Assets/Zololgo/FlatPoly Floating Islands/Prefabs/Environment/island_B_01.prefab
  artifactKey: Guid(fde337a468e20014bafb68143b6a0063) Importer(815301076,1909f56bfc062723c751e8b465ee728b)
Start importing Assets/External Assets/Zololgo/FlatPoly Floating Islands/Prefabs/Environment/island_B_01.prefab using Guid(fde337a468e20014bafb68143b6a0063) Importer(815301076,1909f56bfc062723c751e8b465ee728b)  -> (artifact id: 'ff75319cdccbd84afebd042bfecab25b') in 0.013483 seconds
Number of updated asset objects reloaded before import = 0
Number of asset objects unloaded after import = 9
========================================================================
Received Import Request.
  Time since last request: 0.000023 seconds.
  path: Assets/External Assets/Zololgo/FlatPoly Floating Islands/Prefabs/Environment/platform_D_05.prefab
  artifactKey: Guid(c6e4bf8cb1d3aff41bc3f1660bd282c4) Importer(815301076,1909f56bfc062723c751e8b465ee728b)
Start importing Assets/External Assets/Zololgo/FlatPoly Floating Islands/Prefabs/Environment/platform_D_05.prefab using Guid(c6e4bf8cb1d3aff41bc3f1660bd282c4) Importer(815301076,1909f56bfc062723c751e8b465ee728b)  -> (artifact id: '80f3c4c53f112c70591b9d75c3b1d837') in 0.013346 seconds
Number of updated asset objects reloaded before import = 0
Number of asset objects unloaded after import = 9
========================================================================
Received Import Request.
  Time since last request: 0.000031 seconds.
  path: Assets/External Assets/Zololgo/FlatPoly Floating Islands/Prefabs/Environment/platform_C_04.prefab
  artifactKey: Guid(89ce3ce4888b02f4c9ec0c3af800712d) Importer(815301076,1909f56bfc062723c751e8b465ee728b)
Start importing Assets/External Assets/Zololgo/FlatPoly Floating Islands/Prefabs/Environment/platform_C_04.prefab using Guid(89ce3ce4888b02f4c9ec0c3af800712d) Importer(815301076,1909f56bfc062723c751e8b465ee728b)  -> (artifact id: '1de6be01fe84f66d2052cbdaff560671') in 0.012600 seconds
Number of updated asset objects reloaded before import = 0
Number of asset objects unloaded after import = 9
========================================================================
Received Import Request.
  Time since last request: 0.000023 seconds.
  path: Assets/External Assets/Zololgo/FlatPoly Floating Islands/Prefabs/Environment/platform_A_01.prefab
  artifactKey: Guid(a9adbf0dbd8731d40ba6ae6252f9e07c) Importer(815301076,1909f56bfc062723c751e8b465ee728b)
Start importing Assets/External Assets/Zololgo/FlatPoly Floating Islands/Prefabs/Environment/platform_A_01.prefab using Guid(a9adbf0dbd8731d40ba6ae6252f9e07c) Importer(815301076,1909f56bfc062723c751e8b465ee728b)  -> (artifact id: 'd9734cb335c67afe6aeb142f4226bf22') in 0.013550 seconds
Number of updated asset objects reloaded before import = 0
Number of asset objects unloaded after import = 9
========================================================================
Received Import Request.
  Time since last request: 0.000014 seconds.
  path: Assets/External Assets/Zololgo/FlatPoly Floating Islands/Prefabs/Environment/rock_A_01.prefab
  artifactKey: Guid(55bd602794a4e9d41b9365fd695caa87) Importer(815301076,1909f56bfc062723c751e8b465ee728b)
Start importing Assets/External Assets/Zololgo/FlatPoly Floating Islands/Prefabs/Environment/rock_A_01.prefab using Guid(55bd602794a4e9d41b9365fd695caa87) Importer(815301076,1909f56bfc062723c751e8b465ee728b)  -> (artifact id: '304a93d8d2b674a7ce7beacebc5b9977') in 0.011440 seconds
Number of updated asset objects reloaded before import = 0
Number of asset objects unloaded after import = 9
========================================================================
Received Import Request.
  Time since last request: 0.000018 seconds.
  path: Assets/External Assets/Zololgo/FlatPoly Floating Islands/Prefabs/Environment/platform_D_01.prefab
  artifactKey: Guid(4876715f92d30a040a6785bfb1a71c90) Importer(815301076,1909f56bfc062723c751e8b465ee728b)
Start importing Assets/External Assets/Zololgo/FlatPoly Floating Islands/Prefabs/Environment/platform_D_01.prefab using Guid(4876715f92d30a040a6785bfb1a71c90) Importer(815301076,1909f56bfc062723c751e8b465ee728b)  -> (artifact id: 'd66b102bff6ef5d854b3162e2a68e456') in 0.012411 seconds
Number of updated asset objects reloaded before import = 0
Number of asset objects unloaded after import = 9
========================================================================
Received Import Request.
  Time since last request: 0.000015 seconds.
  path: Assets/External Assets/Zololgo/FlatPoly Floating Islands/Prefabs/Environment/platform_B_04.prefab
  artifactKey: Guid(785b55d1ccd47034e8d3505780c6e9ee) Importer(815301076,1909f56bfc062723c751e8b465ee728b)
Start importing Assets/External Assets/Zololgo/FlatPoly Floating Islands/Prefabs/Environment/platform_B_04.prefab using Guid(785b55d1ccd47034e8d3505780c6e9ee) Importer(815301076,1909f56bfc062723c751e8b465ee728b)  -> (artifact id: '3acae304f864f1778ccfbc4a1c8196fa') in 0.013113 seconds
Number of updated asset objects reloaded before import = 0
Number of asset objects unloaded after import = 9
========================================================================
Received Import Request.
  Time since last request: 0.000015 seconds.
  path: Assets/External Assets/Zololgo/FlatPoly Floating Islands/Prefabs/Environment/rock_A_03.prefab
  artifactKey: Guid(66bc18e6e0aee54408b69d6effc93dbc) Importer(815301076,1909f56bfc062723c751e8b465ee728b)
Start importing Assets/External Assets/Zololgo/FlatPoly Floating Islands/Prefabs/Environment/rock_A_03.prefab using Guid(66bc18e6e0aee54408b69d6effc93dbc) Importer(815301076,1909f56bfc062723c751e8b465ee728b)  -> (artifact id: '158ad122908f380749fe942ef607d0b7') in 0.011341 seconds
Number of updated asset objects reloaded before import = 0
Number of asset objects unloaded after import = 9
========================================================================
Received Import Request.
  Time since last request: 0.000017 seconds.
  path: Assets/External Assets/Zololgo/FlatPoly Floating Islands/Prefabs/Environment/platform_B_05.prefab
  artifactKey: Guid(1a08afd8c7473dd4d874c74ebf22bafd) Importer(815301076,1909f56bfc062723c751e8b465ee728b)
Start importing Assets/External Assets/Zololgo/FlatPoly Floating Islands/Prefabs/Environment/platform_B_05.prefab using Guid(1a08afd8c7473dd4d874c74ebf22bafd) Importer(815301076,1909f56bfc062723c751e8b465ee728b)  -> (artifact id: 'd9ff497d7f50a5fccff5f5e483ffa254') in 0.011966 seconds
Number of updated asset objects reloaded before import = 0
Number of asset objects unloaded after import = 9
========================================================================
Received Import Request.
  Time since last request: 0.000017 seconds.
  path: Assets/External Assets/Zololgo/FlatPoly Floating Islands/Prefabs/Environment/step_D.prefab
  artifactKey: Guid(27f5ebdec57210c4ab71c14104508ffc) Importer(815301076,1909f56bfc062723c751e8b465ee728b)
Start importing Assets/External Assets/Zololgo/FlatPoly Floating Islands/Prefabs/Environment/step_D.prefab using Guid(27f5ebdec57210c4ab71c14104508ffc) Importer(815301076,1909f56bfc062723c751e8b465ee728b)  -> (artifact id: '63861e4ac4cc5afb9a000e583a126874') in 0.012024 seconds
Number of updated asset objects reloaded before import = 0
Number of asset objects unloaded after import = 9
========================================================================
Received Import Request.
  Time since last request: 0.000018 seconds.
  path: Assets/External Assets/Zololgo/FlatPoly Floating Islands/Prefabs/Environment/platform_C_01.prefab
  artifactKey: Guid(ea659b8744c4b674da8200d2e9ce546e) Importer(815301076,1909f56bfc062723c751e8b465ee728b)
Start importing Assets/External Assets/Zololgo/FlatPoly Floating Islands/Prefabs/Environment/platform_C_01.prefab using Guid(ea659b8744c4b674da8200d2e9ce546e) Importer(815301076,1909f56bfc062723c751e8b465ee728b)  -> (artifact id: 'b098c98c588750be948e2c187d7d19a8') in 0.012310 seconds
Number of updated asset objects reloaded before import = 0
Number of asset objects unloaded after import = 9
========================================================================
Received Import Request.
  Time since last request: 0.000018 seconds.
  path: Assets/External Assets/Zololgo/FlatPoly Floating Islands/Prefabs/Environment/platform_A_05.prefab
  artifactKey: Guid(6071f08f901cb7c488d79e521b34857e) Importer(815301076,1909f56bfc062723c751e8b465ee728b)
Start importing Assets/External Assets/Zololgo/FlatPoly Floating Islands/Prefabs/Environment/platform_A_05.prefab using Guid(6071f08f901cb7c488d79e521b34857e) Importer(815301076,1909f56bfc062723c751e8b465ee728b)  -> (artifact id: '746fd251e08b796e54eb37257f4dae26') in 0.011142 seconds
Number of updated asset objects reloaded before import = 0
Number of asset objects unloaded after import = 9
========================================================================
Received Import Request.
  Time since last request: 0.000015 seconds.
  path: Assets/External Assets/Zololgo/FlatPoly Floating Islands/Prefabs/Environment/platform_D_04.prefab
  artifactKey: Guid(bc24363dfd6f63e4abfc725ebaa66e52) Importer(815301076,1909f56bfc062723c751e8b465ee728b)
Start importing Assets/External Assets/Zololgo/FlatPoly Floating Islands/Prefabs/Environment/platform_D_04.prefab using Guid(bc24363dfd6f63e4abfc725ebaa66e52) Importer(815301076,1909f56bfc062723c751e8b465ee728b)  -> (artifact id: 'd3f64febbc047c6f02aadb69ea5cf2f6') in 0.011660 seconds
Number of updated asset objects reloaded before import = 0
Number of asset objects unloaded after import = 9
========================================================================
Received Import Request.
  Time since last request: 0.000021 seconds.
  path: Assets/External Assets/Zololgo/FlatPoly Floating Islands/Prefabs/Environment/platform_C_02.prefab
  artifactKey: Guid(f0a291ea0f3501f438f285907ce69209) Importer(815301076,1909f56bfc062723c751e8b465ee728b)
Start importing Assets/External Assets/Zololgo/FlatPoly Floating Islands/Prefabs/Environment/platform_C_02.prefab using Guid(f0a291ea0f3501f438f285907ce69209) Importer(815301076,1909f56bfc062723c751e8b465ee728b)  -> (artifact id: '5c1929c14107305058916cbb8d54d37e') in 0.012829 seconds
Number of updated asset objects reloaded before import = 0
Number of asset objects unloaded after import = 9
========================================================================
Received Import Request.
  Time since last request: 4.025823 seconds.
  path: Assets/External Assets/Zololgo/FlatPoly Floating Islands/Prefabs/Foliage/acacia_B.prefab
  artifactKey: Guid(51f739c1128a66649a9f21334e2d5f14) Importer(815301076,1909f56bfc062723c751e8b465ee728b)
Start importing Assets/External Assets/Zololgo/FlatPoly Floating Islands/Prefabs/Foliage/acacia_B.prefab using Guid(51f739c1128a66649a9f21334e2d5f14) Importer(815301076,1909f56bfc062723c751e8b465ee728b)  -> (artifact id: 'e8c22799e46c76c52960c019f0c60412') in 0.012495 seconds
Number of updated asset objects reloaded before import = 0
Number of asset objects unloaded after import = 9
========================================================================
Received Import Request.
  Time since last request: 0.000016 seconds.
  path: Assets/External Assets/Zololgo/FlatPoly Floating Islands/Prefabs/Foliage/pine_D_03.prefab
  artifactKey: Guid(42f1d9a93c09eca4a8cf5e877ea7896c) Importer(815301076,1909f56bfc062723c751e8b465ee728b)
Start importing Assets/External Assets/Zololgo/FlatPoly Floating Islands/Prefabs/Foliage/pine_D_03.prefab using Guid(42f1d9a93c09eca4a8cf5e877ea7896c) Importer(815301076,1909f56bfc062723c751e8b465ee728b)  -> (artifact id: '32c42babbb1b16b22da2399e9285e52b') in 0.012432 seconds
Number of updated asset objects reloaded before import = 0
Number of asset objects unloaded after import = 9
========================================================================
Received Import Request.
  Time since last request: 0.000017 seconds.
  path: Assets/External Assets/Zololgo/FlatPoly Floating Islands/Prefabs/Foliage/pine_B_01.prefab
  artifactKey: Guid(b3d826b50991cc3499d92a449707cd8c) Importer(815301076,1909f56bfc062723c751e8b465ee728b)
Start importing Assets/External Assets/Zololgo/FlatPoly Floating Islands/Prefabs/Foliage/pine_B_01.prefab using Guid(b3d826b50991cc3499d92a449707cd8c) Importer(815301076,1909f56bfc062723c751e8b465ee728b)  -> (artifact id: '5e70d91d7fb4e556e1c4a9fa4a408f99') in 0.012865 seconds
Number of updated asset objects reloaded before import = 0
Number of asset objects unloaded after import = 9
========================================================================
Received Import Request.
  Time since last request: 0.000017 seconds.
  path: Assets/External Assets/Zololgo/FlatPoly Floating Islands/Prefabs/Foliage/pine_A_02.prefab
  artifactKey: Guid(56068eb8623a14c44a413a042d072c96) Importer(815301076,1909f56bfc062723c751e8b465ee728b)
Start importing Assets/External Assets/Zololgo/FlatPoly Floating Islands/Prefabs/Foliage/pine_A_02.prefab using Guid(56068eb8623a14c44a413a042d072c96) Importer(815301076,1909f56bfc062723c751e8b465ee728b)  -> (artifact id: '447112bf14b8b486d16be92720206834') in 0.011905 seconds
Number of updated asset objects reloaded before import = 0
Number of asset objects unloaded after import = 9
========================================================================
Received Import Request.
  Time since last request: 0.000020 seconds.
  path: Assets/External Assets/Zololgo/FlatPoly Floating Islands/Prefabs/Foliage/pine_A_03.prefab
  artifactKey: Guid(23d0aeb6c1cea924cabaca13fea73d1c) Importer(815301076,1909f56bfc062723c751e8b465ee728b)
Start importing Assets/External Assets/Zololgo/FlatPoly Floating Islands/Prefabs/Foliage/pine_A_03.prefab using Guid(23d0aeb6c1cea924cabaca13fea73d1c) Importer(815301076,1909f56bfc062723c751e8b465ee728b)  -> (artifact id: 'b2f72efa0dc091ddbc85b39165019b18') in 0.012204 seconds
Number of updated asset objects reloaded before import = 0
Number of asset objects unloaded after import = 9
========================================================================
Received Import Request.
  Time since last request: 0.000016 seconds.
  path: Assets/External Assets/Zololgo/FlatPoly Floating Islands/Prefabs/Foliage/pine_A_04.prefab
  artifactKey: Guid(358c8f81eea3b2845b7de523a36e87b5) Importer(815301076,1909f56bfc062723c751e8b465ee728b)
Start importing Assets/External Assets/Zololgo/FlatPoly Floating Islands/Prefabs/Foliage/pine_A_04.prefab using Guid(358c8f81eea3b2845b7de523a36e87b5) Importer(815301076,1909f56bfc062723c751e8b465ee728b)  -> (artifact id: 'da02c0d4a870b5236c1ed6d6f7330c35') in 0.013130 seconds
Number of updated asset objects reloaded before import = 0
Number of asset objects unloaded after import = 9
========================================================================
Received Import Request.
  Time since last request: 0.000023 seconds.
  path: Assets/External Assets/Zololgo/FlatPoly Floating Islands/Prefabs/Foliage/pine_C_01.prefab
  artifactKey: Guid(fb7f775d68a03454da3b81b5c1a843bb) Importer(815301076,1909f56bfc062723c751e8b465ee728b)
Start importing Assets/External Assets/Zololgo/FlatPoly Floating Islands/Prefabs/Foliage/pine_C_01.prefab using Guid(fb7f775d68a03454da3b81b5c1a843bb) Importer(815301076,1909f56bfc062723c751e8b465ee728b)  -> (artifact id: '46fe5b383e8ce75784bb6d9b36e8c233') in 0.012033 seconds
Number of updated asset objects reloaded before import = 0
Number of asset objects unloaded after import = 9
========================================================================
Received Import Request.
  Time since last request: 0.000016 seconds.
  path: Assets/External Assets/Zololgo/FlatPoly Floating Islands/Prefabs/Foliage/pine_C_03.prefab
  artifactKey: Guid(8da175d9cee521042a6da85a39321c0c) Importer(815301076,1909f56bfc062723c751e8b465ee728b)
Start importing Assets/External Assets/Zololgo/FlatPoly Floating Islands/Prefabs/Foliage/pine_C_03.prefab using Guid(8da175d9cee521042a6da85a39321c0c) Importer(815301076,1909f56bfc062723c751e8b465ee728b)  -> (artifact id: '5d6baff7a190b5f3bf174eee0864cbe6') in 0.014152 seconds
Number of updated asset objects reloaded before import = 0
Number of asset objects unloaded after import = 9
========================================================================
Received Import Request.
  Time since last request: 0.000018 seconds.
  path: Assets/External Assets/Zololgo/FlatPoly Floating Islands/Prefabs/Foliage/pine_C_04.prefab
  artifactKey: Guid(b1baff84876b4e0428d12bcd59a568d6) Importer(815301076,1909f56bfc062723c751e8b465ee728b)
Start importing Assets/External Assets/Zololgo/FlatPoly Floating Islands/Prefabs/Foliage/pine_C_04.prefab using Guid(b1baff84876b4e0428d12bcd59a568d6) Importer(815301076,1909f56bfc062723c751e8b465ee728b)  -> (artifact id: 'ff921f0befb68124b3945be5cd818a70') in 0.017228 seconds
Number of updated asset objects reloaded before import = 0
Number of asset objects unloaded after import = 9
========================================================================
Received Import Request.
  Time since last request: 98.089954 seconds.
  path: Assets/External Assets/Zololgo/FlatPoly Floating Islands/Prefabs/Other/bridge_A_02.prefab
  artifactKey: Guid(9ea1084ccd150c147b82ee7da55a6445) Importer(815301076,1909f56bfc062723c751e8b465ee728b)
Start importing Assets/External Assets/Zololgo/FlatPoly Floating Islands/Prefabs/Other/bridge_A_02.prefab using Guid(9ea1084ccd150c147b82ee7da55a6445) Importer(815301076,1909f56bfc062723c751e8b465ee728b)  -> (artifact id: 'bc99ff8b24884c1109d9c5734632d96e') in 0.017516 seconds
Number of updated asset objects reloaded before import = 0
Number of asset objects unloaded after import = 9
========================================================================
Received Import Request.
  Time since last request: 0.000015 seconds.
  path: Assets/External Assets/Zololgo/FlatPoly Floating Islands/Prefabs/Other/fence_A_03.prefab
  artifactKey: Guid(e1c6c2cfbf6b335418eca16f59b57275) Importer(815301076,1909f56bfc062723c751e8b465ee728b)
Start importing Assets/External Assets/Zololgo/FlatPoly Floating Islands/Prefabs/Other/fence_A_03.prefab using Guid(e1c6c2cfbf6b335418eca16f59b57275) Importer(815301076,1909f56bfc062723c751e8b465ee728b)  -> (artifact id: '7be1ea9d0f61bb0b53ee500002c71e8c') in 0.038686 seconds
Number of updated asset objects reloaded before import = 0
Number of asset objects unloaded after import = 9
========================================================================
Received Import Request.
  Time since last request: 0.000015 seconds.
  path: Assets/External Assets/Zololgo/FlatPoly Floating Islands/Prefabs/Other/bridge_C_02.prefab
  artifactKey: Guid(1efeac7eddf55b14298667cc88cbcca7) Importer(815301076,1909f56bfc062723c751e8b465ee728b)
Start importing Assets/External Assets/Zololgo/FlatPoly Floating Islands/Prefabs/Other/bridge_C_02.prefab using Guid(1efeac7eddf55b14298667cc88cbcca7) Importer(815301076,1909f56bfc062723c751e8b465ee728b)  -> (artifact id: '7b11c33423f7d938e9b3ca3dab0825f9') in 0.034222 seconds
Number of updated asset objects reloaded before import = 0
Number of asset objects unloaded after import = 9
========================================================================
Received Import Request.
  Time since last request: 0.000023 seconds.
  path: Assets/External Assets/Zololgo/FlatPoly Floating Islands/Prefabs/Other/firewood_A_01.prefab
  artifactKey: Guid(bc686ca8b7246d441a4602fa348f4535) Importer(815301076,1909f56bfc062723c751e8b465ee728b)
Start importing Assets/External Assets/Zololgo/FlatPoly Floating Islands/Prefabs/Other/firewood_A_01.prefab using Guid(bc686ca8b7246d441a4602fa348f4535) Importer(815301076,1909f56bfc062723c751e8b465ee728b)  -> (artifact id: 'd8dfff06e88ba5fcf94ad24e5c347ac3') in 0.026956 seconds
Number of updated asset objects reloaded before import = 0
Number of asset objects unloaded after import = 9
========================================================================
Received Import Request.
  Time since last request: 0.000018 seconds.
  path: Assets/External Assets/Zololgo/FlatPoly Floating Islands/Prefabs/Other/bridge_A_03.prefab
  artifactKey: Guid(a9dce04c3d5338b4db6bebeb49b686fd) Importer(815301076,1909f56bfc062723c751e8b465ee728b)
Start importing Assets/External Assets/Zololgo/FlatPoly Floating Islands/Prefabs/Other/bridge_A_03.prefab using Guid(a9dce04c3d5338b4db6bebeb49b686fd) Importer(815301076,1909f56bfc062723c751e8b465ee728b)  -> (artifact id: 'c2a23973b2a6dd0e8bcc3304c6758eeb') in 0.019487 seconds
Number of updated asset objects reloaded before import = 0
Number of asset objects unloaded after import = 9
========================================================================
Received Import Request.
  Time since last request: 0.000026 seconds.
  path: Assets/External Assets/Zololgo/FlatPoly Floating Islands/Prefabs/Other/cloud_A_01.prefab
  artifactKey: Guid(fc1044692b749584ea994677f766e007) Importer(815301076,1909f56bfc062723c751e8b465ee728b)
Start importing Assets/External Assets/Zololgo/FlatPoly Floating Islands/Prefabs/Other/cloud_A_01.prefab using Guid(fc1044692b749584ea994677f766e007) Importer(815301076,1909f56bfc062723c751e8b465ee728b)  -> (artifact id: '6c587e99b2514d4f6b89c031dd5ce2b0') in 0.028313 seconds
Number of updated asset objects reloaded before import = 0
Number of asset objects unloaded after import = 9
========================================================================
Received Import Request.
  Time since last request: 0.000020 seconds.
  path: Assets/External Assets/Zololgo/FlatPoly Floating Islands/Prefabs/Other/bridge_B_01.prefab
  artifactKey: Guid(e8c108bf253ec63448338b75baf770d1) Importer(815301076,1909f56bfc062723c751e8b465ee728b)
Start importing Assets/External Assets/Zololgo/FlatPoly Floating Islands/Prefabs/Other/bridge_B_01.prefab using Guid(e8c108bf253ec63448338b75baf770d1) Importer(815301076,1909f56bfc062723c751e8b465ee728b)  -> (artifact id: '64ae11bccbbe432ffdde6984527c51d6') in 0.049556 seconds
Number of updated asset objects reloaded before import = 0
Number of asset objects unloaded after import = 9
========================================================================
Received Import Request.
  Time since last request: 0.000020 seconds.
  path: Assets/External Assets/Zololgo/FlatPoly Floating Islands/Prefabs/Other/cloud_A_02.prefab
  artifactKey: Guid(e07fc9f29d78ca94a9e286395af04b0e) Importer(815301076,1909f56bfc062723c751e8b465ee728b)
Start importing Assets/External Assets/Zololgo/FlatPoly Floating Islands/Prefabs/Other/cloud_A_02.prefab using Guid(e07fc9f29d78ca94a9e286395af04b0e) Importer(815301076,1909f56bfc062723c751e8b465ee728b)  -> (artifact id: 'a3660a07bb47436aedc790de40549ace') in 0.014768 seconds
Number of updated asset objects reloaded before import = 0
Number of asset objects unloaded after import = 9
========================================================================
Received Import Request.
  Time since last request: 0.000031 seconds.
  path: Assets/External Assets/Zololgo/FlatPoly Floating Islands/Prefabs/Other/bridge_C_03.prefab
  artifactKey: Guid(0ee2da81ab2d5bf4da41381b38db238f) Importer(815301076,1909f56bfc062723c751e8b465ee728b)
Start importing Assets/External Assets/Zololgo/FlatPoly Floating Islands/Prefabs/Other/bridge_C_03.prefab using Guid(0ee2da81ab2d5bf4da41381b38db238f) Importer(815301076,1909f56bfc062723c751e8b465ee728b)  -> (artifact id: '9e75cc290d02a8307bf87060fe479c3e') in 0.012466 seconds
Number of updated asset objects reloaded before import = 0
Number of asset objects unloaded after import = 9
Editor requested this worker to shutdown with reason: Scaling down because of idle timeout
TcpMessagingSession - receive error: operation aborted. errorcode: 995, details:   Ǵ  α׷ û  I/O ۾ ҵǾϴ.
AssetImportWorker is now disconnected from the server
Process exiting
Exiting without the bug reporter. Application will terminate with return code 0