[Licensing::Module] Trying to connect to existing licensing client channel...
Built from '6000.2/respin/6000.2.6f2-cc51a95c03' branch; Version is '6000.2.6f2 (4a4dcaec6541) revision 4869578'; Using compiler version '194234433'; Build Type 'Release'
[Licensing::IpcConnector] Successfully connected to: "LicenseClient-nwond" at "2026-06-07T06:22:02.180088Z"
OS: 'Windows 11  (10.0.26200) 64bit Core' Language: 'ko' Physical Memory: 16317 MB
BatchMode: 1, IsHumanControllingUs: 0, StartBugReporterOnCrash: 0, Is64bit: 1
Date: 2026-06-07T06:22:02Z

COMMAND LINE ARGUMENTS:
C:\Program Files\Unity\Hub\Editor\6000.2.6f2\Editor\Unity.exe
-adb2
-batchMode
-noUpm
-name
AssetImportWorker4
-projectPath
C:/Users/nwond/OneDrive/바탕 화면/Endless-Run/Game
-logFile
Logs/AssetImportWorker4.log
-srvPort
58478
-licensingIpc
LicenseClient-nwond
-job-worker-count
5
-background-job-worker-count
8
-gc-helper-count
1
-name
AssetImport
Successfully changed project path to: C:/Users/nwond/OneDrive/바탕 화면/Endless-Run/Game
C:/Users/nwond/OneDrive/바탕 화면/Endless-Run/Game
[UnityMemory] Configuration Parameters - Can be set up in boot.config
    "memorysetup-allocator-temp-initial-block-size-main=262144"
    "memorysetup-allocator-temp-initial-block-size-worker=262144"
    "memorysetup-bucket-allocator-granularity=16"
    "memorysetup-bucket-allocator-bucket-count=8"
    "memorysetup-bucket-allocator-block-size=33554432"
    "memorysetup-bucket-allocator-block-count=8"
    "memorysetup-main-allocator-block-size=16777216"
    "memorysetup-thread-allocator-block-size=16777216"
    "memorysetup-gfx-main-allocator-block-size=16777216"
    "memorysetup-gfx-thread-allocator-block-size=16777216"
    "memorysetup-cache-allocator-block-size=4194304"
    "memorysetup-typetree-allocator-block-size=2097152"
    "memorysetup-profiler-bucket-allocator-granularity=16"
    "memorysetup-profiler-bucket-allocator-bucket-count=8"
    "memorysetup-profiler-bucket-allocator-block-size=33554432"
    "memorysetup-profiler-bucket-allocator-block-count=8"
    "memorysetup-profiler-allocator-block-size=16777216"
    "memorysetup-profiler-editor-allocator-block-size=1048576"
    "memorysetup-temp-allocator-size-main=16777216"
    "memorysetup-job-temp-allocator-block-size=2097152"
    "memorysetup-job-temp-allocator-block-size-background=1048576"
    "memorysetup-job-temp-allocator-reduction-small-platforms=262144"
    "memorysetup-temp-allocator-size-background-worker=32768"
    "memorysetup-temp-allocator-size-job-worker=262144"
    "memorysetup-temp-allocator-size-preload-manager=33554432"
    "memorysetup-temp-allocator-size-nav-mesh-worker=65536"
    "memorysetup-temp-allocator-size-audio-worker=65536"
    "memorysetup-temp-allocator-size-cloud-worker=32768"
    "memorysetup-temp-allocator-size-gi-baking-worker=262144"
    "memorysetup-temp-allocator-size-gi-baking-worker=262144"
    "memorysetup-temp-allocator-size-gi-baking-worker=262144"
    "memorysetup-temp-allocator-size-gi-baking-worker=262144"
    "memorysetup-temp-allocator-size-gi-baking-worker=262144"
    "memorysetup-temp-allocator-size-gfx=262144"
Player connection [28528]  Target information:

Player connection [28528]  * "[IP] 192.168.219.101 [Port] 0 [Flags] 2 [Guid] 901492344 [EditorId] 901492344 [Version] 1048832 [Id] WindowsEditor(7,Dinosaur) [Debug] 1 [PackageName] WindowsEditor [ProjectName] Editor" 

Player connection [28528] Host joined multi-casting on [225.0.0.222:54997]...
Player connection [28528] Host joined alternative multi-casting on [225.0.0.222:34997]...
JobSystem: Creating JobQueue using job-worker-count value 5
Input System module state changed to: Initialized.
[Physics::Module] Initialized fallback backend.
[Physics::Module] Id: 0xdecafbad
[Licensing::Client] Code 10 while verifying Licensing Client signature (process Id: 9260, path: "C:/Users/nwond/OneDrive/바탕 화면/Unity Hub/UnityLicensingClient_V1/Unity.Licensing.Client.exe")
[Licensing::Module] LicensingClient has failed validation; ignoring
[Licensing::Client] Handshaking with LicensingClient:
  Version:                 1.17.4+4293ba1
  Session Id:              3afd97f2845145e2b130c43510e898fe
  Correlation Id:          6f5e47b479d78c1910955baa0afd4b18
  External correlation Id: 3113779021073857208
  Machine Id:              vzHBHqQzprq0ab1zjqc1s15jH+s=
[Licensing::Module] Successfully connected to LicensingClient on channel: "LicenseClient-nwond" (connect: 0.00s, validation: 0.00s, handshake: 0.07s)
[Licensing::IpcConnector] Successfully connected to: "LicenseClient-nwond-notifications" at "2026-06-07T06:22:02.249977Z"
[Licensing::Module] Licensing Background thread has ended after 0.07s
Library Redirect Path: Library/
[Physics::Module] Selected backend.
[Physics::Module] Name: PhysX
[Physics::Module] Id: 0xf2b8ea05
[Physics::Module] SDK Version: 4.1.2
[Physics::Module] Integration Version: 1.0.0
[Physics::Module] Threading Mode: Multi-Threaded
ETC Legacy compression has been deprecated and will be removed in a future release. You can review compressors in "Project Settings > Editor > Texture Compressors".
Refreshing native plugins compatible for Editor in 3.46 ms, found 3 plugins.
Preloading 0 native plugins for Editor in 0.00 ms.
Initialize engine version: 6000.2.6f2 (4a4dcaec6541)
[Subsystems] Discovering subsystems at path C:/Program Files/Unity/Hub/Editor/6000.2.6f2/Editor/Data/Resources/UnitySubsystems
[Subsystems] Discovering subsystems at path C:/Users/nwond/OneDrive/바탕 화면/Endless-Run/Game/Assets
GfxDevice: creating device client; kGfxThreadingModeNonThreaded
d3d12: failed to query info queue interface (0x80004002).
Direct3D:
    Version:         Direct3D 12 [level 12.1]
    Renderer:        NVIDIA GeForce RTX 3060 (ID=0x2544)
    Vendor:          NVIDIA
    VRAM:            8036 MB
    App VRAM Budget: 7268 MB
    Driver:          32.0.16.1047
Initialize mono
Mono path[0] = 'C:/Program Files/Unity/Hub/Editor/6000.2.6f2/Editor/Data/Managed'
Mono path[1] = 'C:/Program Files/Unity/Hub/Editor/6000.2.6f2/Editor/Data/MonoBleedingEdge/lib/mono/unityjit-win32'
Mono config path = 'C:/Program Files/Unity/Hub/Editor/6000.2.6f2/Editor/Data/MonoBleedingEdge/etc'
Using monoOptions --debugger-agent=transport=dt_socket,embedding=1,server=y,suspend=n,address=127.0.0.1:56540
Begin MonoManager ReloadAssembly
Registering precompiled unity dll's ...
Register platform support module: C:/Program Files/Unity/Hub/Editor/6000.2.6f2/Editor/Data/PlaybackEngines/WindowsStandaloneSupport/UnityEditor.WindowsStandalone.Extensions.dll
[Licensing::Client] Successfully resolved entitlement details
[Licensing::Module] License group:
  Id: 14569174559127-UnityPersXXXX
  Product: Unity Personal
  Type: Assigned
  Expiration: Unlimited
Register platform support module: C:/Program Files/Unity/Hub/Editor/6000.2.6f2/Editor/Data/PlaybackEngines/AndroidPlayer/UnityEditor.Android.Extensions.dll
[Licensing::Client] Successfully resolved entitlement details
Register platform support module: C:/Program Files/Unity/Hub/Editor/6000.2.6f2/Editor/Data/PlaybackEngines/iOSSupport/UnityEditor.iOS.Extensions.dll
Registered in 0.009282 seconds.
- Loaded All Assemblies, in  0.509 seconds
[usbmuxd] Start listen thread
[usbmuxd] Listen thread started
Native extension for iOS target not found
Native extension for Android target not found
Android Extension - Scanning For ADB Devices 293 ms
Native extension for WindowsStandalone target not found
Mono: successfully reloaded assembly
- Finished resetting the current domain, in  0.686 seconds
Domain Reload Profiling: 1191ms
	BeginReloadAssembly (168ms)
		ExecutionOrderSort (0ms)
		DisableScriptedObjects (0ms)
		BackupInstance (0ms)
		ReleaseScriptingObjects (0ms)
		CreateAndSetChildDomain (1ms)
	RebuildCommonClasses (43ms)
	RebuildNativeTypeToScriptingClass (14ms)
	initialDomainReloadingComplete (62ms)
	LoadAllAssembliesAndSetupDomain (218ms)
		LoadAssemblies (164ms)
		RebuildTransferFunctionScriptingTraits (0ms)
		AnalyzeDomain (214ms)
			TypeCache.Refresh (212ms)
				TypeCache.ScanAssembly (197ms)
			BuildScriptInfoCaches (0ms)
			ResolveRequiredComponents (0ms)
	FinalizeReload (686ms)
		ReleaseScriptCaches (0ms)
		RebuildScriptCaches (0ms)
		SetupLoadedEditorAssemblies (642ms)
			LogAssemblyErrors (0ms)
			InitializePlatformSupportModulesInManaged (398ms)
			SetLoadedEditorAssemblies (4ms)
			BeforeProcessingInitializeOnLoad (64ms)
			ProcessInitializeOnLoadAttributes (118ms)
			ProcessInitializeOnLoadMethodAttributes (58ms)
			AfterProcessingInitializeOnLoad (0ms)
			EditorAssembliesLoaded (0ms)
		ExecutionOrderSort2 (0ms)
		AwakeInstancesAfterBackupRestoration (0ms)
========================================================================
Worker process is ready to serve import requests
Import Worker Mode flag is 0x00
Begin MonoManager ReloadAssembly
[Licensing::Client] Successfully resolved entitlement details
- Loaded All Assemblies, in  0.810 seconds
Refreshing native plugins compatible for Editor in 1.50 ms, found 3 plugins.
Native extension for iOS target not found
Native extension for Android target not found
Native extension for WindowsStandalone target not found
Package Manager log level set to [2]
[Package Manager] Failed to launch server process. Reason: Unity was launched with the -noUpm command-line argument
[Package Manager] Unable to send message (not connected to server process).
[Package Manager] Cannot connect to Unity Package Manager local server
Mono: successfully reloaded assembly
- Finished resetting the current domain, in  0.639 seconds
Domain Reload Profiling: 1443ms
	BeginReloadAssembly (212ms)
		ExecutionOrderSort (0ms)
		DisableScriptedObjects (10ms)
		BackupInstance (0ms)
		ReleaseScriptingObjects (0ms)
		CreateAndSetChildDomain (31ms)
	RebuildCommonClasses (42ms)
	RebuildNativeTypeToScriptingClass (14ms)
	initialDomainReloadingComplete (43ms)
	LoadAllAssembliesAndSetupDomain (492ms)
		LoadAssemblies (373ms)
		RebuildTransferFunctionScriptingTraits (0ms)
		AnalyzeDomain (241ms)
			TypeCache.Refresh (194ms)
				TypeCache.ScanAssembly (178ms)
			BuildScriptInfoCaches (37ms)
			ResolveRequiredComponents (6ms)
	FinalizeReload (639ms)
		ReleaseScriptCaches (0ms)
		RebuildScriptCaches (0ms)
		SetupLoadedEditorAssemblies (518ms)
			LogAssemblyErrors (0ms)
			InitializePlatformSupportModulesInManaged (15ms)
			SetLoadedEditorAssemblies (3ms)
			BeforeProcessingInitializeOnLoad (110ms)
			ProcessInitializeOnLoadAttributes (354ms)
			ProcessInitializeOnLoadMethodAttributes (27ms)
			AfterProcessingInitializeOnLoad (8ms)
			EditorAssembliesLoaded (0ms)
		ExecutionOrderSort2 (0ms)
		AwakeInstancesAfterBackupRestoration (12ms)
ETC Legacy compression has been deprecated and will be removed in a future release. You can review compressors in "Project Settings > Editor > Texture Compressors".
Launched and connected shader compiler UnityShaderCompiler.exe after 0.02 seconds
Refreshing native plugins compatible for Editor in 1.52 ms, found 3 plugins.
Preloading 0 native plugins for Editor in 0.00 ms.
Unloading 1 Unused Serialized files (Serialized files now loaded: 0)
Unloading 4151 unused Assets / (0.9 MB). Loaded Objects now: 4693.
Memory consumption went from 107.2 MB to 106.3 MB.
Total: 5.941000 ms (FindLiveObjects: 0.555600 ms CreateObjectMapping: 0.198700 ms MarkObjects: 4.225200 ms  DeleteObjects: 0.960400 ms)

========================================================================
Received Import Request.
  Time since last request: 923905.779388 seconds.
  path: Assets/craftpix-895410-free-jungle-cartoon-2d-game-ui/PNG/level_select/bg.png
  artifactKey: Guid(9adcd5b9554530a40a9d2a5f8e1d2e17) Importer(815301076,1909f56bfc062723c751e8b465ee728b)
Start importing Assets/craftpix-895410-free-jungle-cartoon-2d-game-ui/PNG/level_select/bg.png using Guid(9adcd5b9554530a40a9d2a5f8e1d2e17) Importer(815301076,1909f56bfc062723c751e8b465ee728b) (PreviewImporter) -> (artifact id: 'a1107900fb68a62a426b24521bbc1df6') in 0.0919013 seconds
Number of updated asset objects reloaded before import = 0Number of asset objects unloaded after import = 2

========================================================================
Received Import Request.
  Time since last request: 0.713326 seconds.
  path: Assets/craftpix-895410-free-jungle-cartoon-2d-game-ui/PNG/clouds/1.png
  artifactKey: Guid(ebf0ba658b702684fa98aab5ab9661de) Importer(815301076,1909f56bfc062723c751e8b465ee728b)
Start importing Assets/craftpix-895410-free-jungle-cartoon-2d-game-ui/PNG/clouds/1.png using Guid(ebf0ba658b702684fa98aab5ab9661de) Importer(815301076,1909f56bfc062723c751e8b465ee728b) (PreviewImporter) -> (artifact id: '544bae24c905cb7c6967d8daf27b55c0') in 0.0209392 seconds
Number of updated asset objects reloaded before import = 0Number of asset objects unloaded after import = 2

========================================================================
Received Import Request.
  Time since last request: 1.048070 seconds.
  path: Assets/craftpix-895410-free-jungle-cartoon-2d-game-ui/PNG/bubble/0.png
  artifactKey: Guid(c8e5551d9ff85a1448aae18eafb060f2) Importer(815301076,1909f56bfc062723c751e8b465ee728b)
Start importing Assets/craftpix-895410-free-jungle-cartoon-2d-game-ui/PNG/bubble/0.png using Guid(c8e5551d9ff85a1448aae18eafb060f2) Importer(815301076,1909f56bfc062723c751e8b465ee728b) (PreviewImporter) -> (artifact id: 'dc66db1a92451822307440897a7a6d74') in 0.0211038 seconds
Number of updated asset objects reloaded before import = 0Number of asset objects unloaded after import = 2

========================================================================
Received Import Request.
  Time since last request: 0.000022 seconds.
  path: Assets/craftpix-895410-free-jungle-cartoon-2d-game-ui/PNG/bubble/4.png
  artifactKey: Guid(b3e9ed2527edcd64e82f4274652a4e9c) Importer(815301076,1909f56bfc062723c751e8b465ee728b)
Start importing Assets/craftpix-895410-free-jungle-cartoon-2d-game-ui/PNG/bubble/4.png using Guid(b3e9ed2527edcd64e82f4274652a4e9c) Importer(815301076,1909f56bfc062723c751e8b465ee728b) (PreviewImporter) -> (artifact id: 'fb7bac6754bce8ba1cc476712915578a') in 0.0171267 seconds
Number of updated asset objects reloaded before import = 0Number of asset objects unloaded after import = 2

========================================================================
Received Import Request.
  Time since last request: 0.000020 seconds.
  path: Assets/craftpix-895410-free-jungle-cartoon-2d-game-ui/PNG/bubble/3.png
  artifactKey: Guid(6864bcbc323a7cb428d208d97024e659) Importer(815301076,1909f56bfc062723c751e8b465ee728b)
Start importing Assets/craftpix-895410-free-jungle-cartoon-2d-game-ui/PNG/bubble/3.png using Guid(6864bcbc323a7cb428d208d97024e659) Importer(815301076,1909f56bfc062723c751e8b465ee728b) (PreviewImporter) -> (artifact id: '69333e11be0fc16eef76807b8e5ecadd') in 0.0185518 seconds
Number of updated asset objects reloaded before import = 0Number of asset objects unloaded after import = 2

========================================================================
Received Import Request.
  Time since last request: 0.000024 seconds.
  path: Assets/craftpix-895410-free-jungle-cartoon-2d-game-ui/PNG/bubble/down.png
  artifactKey: Guid(6ec49ff813f6e864cbf313910fb4fc8e) Importer(815301076,1909f56bfc062723c751e8b465ee728b)
Start importing Assets/craftpix-895410-free-jungle-cartoon-2d-game-ui/PNG/bubble/down.png using Guid(6ec49ff813f6e864cbf313910fb4fc8e) Importer(815301076,1909f56bfc062723c751e8b465ee728b) (PreviewImporter) -> (artifact id: 'c6f462663cc51eadb3680cd93818ecaa') in 0.0200553 seconds
Number of updated asset objects reloaded before import = 0Number of asset objects unloaded after import = 2

========================================================================
Received Import Request.
  Time since last request: 0.000037 seconds.
  path: Assets/craftpix-895410-free-jungle-cartoon-2d-game-ui/PNG/bubble/bg.png
  artifactKey: Guid(6243d45e6e8042746958ef40440773ce) Importer(815301076,1909f56bfc062723c751e8b465ee728b)
Start importing Assets/craftpix-895410-free-jungle-cartoon-2d-game-ui/PNG/bubble/bg.png using Guid(6243d45e6e8042746958ef40440773ce) Importer(815301076,1909f56bfc062723c751e8b465ee728b) (PreviewImporter) -> (artifact id: '12df9fe2d51416234ddbc94f4de80586') in 0.0223596 seconds
Number of updated asset objects reloaded before import = 0Number of asset objects unloaded after import = 2

========================================================================
Received Import Request.
  Time since last request: 0.000032 seconds.
  path: Assets/craftpix-895410-free-jungle-cartoon-2d-game-ui/PNG/bubble/btn_1.png
  artifactKey: Guid(1039ddcea92706f46a6b8bd398c9f392) Importer(815301076,1909f56bfc062723c751e8b465ee728b)
Start importing Assets/craftpix-895410-free-jungle-cartoon-2d-game-ui/PNG/bubble/btn_1.png using Guid(1039ddcea92706f46a6b8bd398c9f392) Importer(815301076,1909f56bfc062723c751e8b465ee728b) (PreviewImporter) -> (artifact id: 'd35af7c79b2012d807da73a4dd7d8209') in 0.0187349 seconds
Number of updated asset objects reloaded before import = 0Number of asset objects unloaded after import = 2

========================================================================
Received Import Request.
  Time since last request: 0.000037 seconds.
  path: Assets/craftpix-895410-free-jungle-cartoon-2d-game-ui/PNG/bubble/clock.png
  artifactKey: Guid(60bd0a775edfeb944bc28d1974e23bfe) Importer(815301076,1909f56bfc062723c751e8b465ee728b)
Start importing Assets/craftpix-895410-free-jungle-cartoon-2d-game-ui/PNG/bubble/clock.png using Guid(60bd0a775edfeb944bc28d1974e23bfe) Importer(815301076,1909f56bfc062723c751e8b465ee728b) (PreviewImporter) -> (artifact id: 'f93f761fc6c7319770924898d6998d44') in 0.0168814 seconds
Number of updated asset objects reloaded before import = 0Number of asset objects unloaded after import = 2

========================================================================
Received Import Request.
  Time since last request: 0.541981 seconds.
  path: Assets/craftpix-895410-free-jungle-cartoon-2d-game-ui/PNG/btn/01.png
  artifactKey: Guid(66ef67e9b9e512d48ab93408da4a853a) Importer(815301076,1909f56bfc062723c751e8b465ee728b)
Start importing Assets/craftpix-895410-free-jungle-cartoon-2d-game-ui/PNG/btn/01.png using Guid(66ef67e9b9e512d48ab93408da4a853a) Importer(815301076,1909f56bfc062723c751e8b465ee728b) (PreviewImporter) -> (artifact id: 'de80e8ce886bcbcadbac553560bc154a') in 0.0179458 seconds
Number of updated asset objects reloaded before import = 0Number of asset objects unloaded after import = 2

========================================================================
Received Import Request.
  Time since last request: 0.000025 seconds.
  path: Assets/craftpix-895410-free-jungle-cartoon-2d-game-ui/PNG/btn/next.png
  artifactKey: Guid(1fe310ff28b879244bb44026ee8206c9) Importer(815301076,1909f56bfc062723c751e8b465ee728b)
Start importing Assets/craftpix-895410-free-jungle-cartoon-2d-game-ui/PNG/btn/next.png using Guid(1fe310ff28b879244bb44026ee8206c9) Importer(815301076,1909f56bfc062723c751e8b465ee728b) (PreviewImporter) -> (artifact id: 'a971104ac8fae879417d8d99972a2b7a') in 0.0178203 seconds
Number of updated asset objects reloaded before import = 0Number of asset objects unloaded after import = 2

========================================================================
Received Import Request.
  Time since last request: 0.000024 seconds.
  path: Assets/craftpix-895410-free-jungle-cartoon-2d-game-ui/PNG/btn/play.png
  artifactKey: Guid(9c69235292d5ded4b8313634674c9447) Importer(815301076,1909f56bfc062723c751e8b465ee728b)
Start importing Assets/craftpix-895410-free-jungle-cartoon-2d-game-ui/PNG/btn/play.png using Guid(9c69235292d5ded4b8313634674c9447) Importer(815301076,1909f56bfc062723c751e8b465ee728b) (PreviewImporter) -> (artifact id: '6951b21d958123120b8d21877c528691') in 0.0188497 seconds
Number of updated asset objects reloaded before import = 0Number of asset objects unloaded after import = 2

========================================================================
Received Import Request.
  Time since last request: 0.000022 seconds.
  path: Assets/craftpix-895410-free-jungle-cartoon-2d-game-ui/PNG/btn/menu.png
  artifactKey: Guid(6f346fa6a425795419e3dcfebfacf1f5) Importer(815301076,1909f56bfc062723c751e8b465ee728b)
Start importing Assets/craftpix-895410-free-jungle-cartoon-2d-game-ui/PNG/btn/menu.png using Guid(6f346fa6a425795419e3dcfebfacf1f5) Importer(815301076,1909f56bfc062723c751e8b465ee728b) (PreviewImporter) -> (artifact id: 'fd856d526a0084cc06859652bb1a132c') in 0.0169145 seconds
Number of updated asset objects reloaded before import = 0Number of asset objects unloaded after import = 2

========================================================================
Received Import Request.
  Time since last request: 0.000038 seconds.
  path: Assets/craftpix-895410-free-jungle-cartoon-2d-game-ui/PNG/btn/ok.png
  artifactKey: Guid(774fab15dda07224b981dceaa5d0c67d) Importer(815301076,1909f56bfc062723c751e8b465ee728b)
Start importing Assets/craftpix-895410-free-jungle-cartoon-2d-game-ui/PNG/btn/ok.png using Guid(774fab15dda07224b981dceaa5d0c67d) Importer(815301076,1909f56bfc062723c751e8b465ee728b) (PreviewImporter) -> (artifact id: '9a05da49ea71f6ce20ea4cd600960696') in 0.0164128 seconds
Number of updated asset objects reloaded before import = 0Number of asset objects unloaded after import = 2

========================================================================
Received Import Request.
  Time since last request: 0.000021 seconds.
  path: Assets/craftpix-895410-free-jungle-cartoon-2d-game-ui/PNG/btn/prew.png
  artifactKey: Guid(c7728b4acd74238478ec9fcf322192d5) Importer(815301076,1909f56bfc062723c751e8b465ee728b)
Start importing Assets/craftpix-895410-free-jungle-cartoon-2d-game-ui/PNG/btn/prew.png using Guid(c7728b4acd74238478ec9fcf322192d5) Importer(815301076,1909f56bfc062723c751e8b465ee728b) (PreviewImporter) -> (artifact id: '626bde3d9f9327af5d72c6e084f22796') in 0.0178275 seconds
Number of updated asset objects reloaded before import = 0Number of asset objects unloaded after import = 2

========================================================================
Received Import Request.
  Time since last request: 0.000020 seconds.
  path: Assets/craftpix-895410-free-jungle-cartoon-2d-game-ui/PNG/btn/pause.png
  artifactKey: Guid(e49dd6f908b4f38448f534195ec5a39c) Importer(815301076,1909f56bfc062723c751e8b465ee728b)
Start importing Assets/craftpix-895410-free-jungle-cartoon-2d-game-ui/PNG/btn/pause.png using Guid(e49dd6f908b4f38448f534195ec5a39c) Importer(815301076,1909f56bfc062723c751e8b465ee728b) (PreviewImporter) -> (artifact id: '813235116b088b51e51c33ddd7315293') in 0.0174618 seconds
Number of updated asset objects reloaded before import = 0Number of asset objects unloaded after import = 2

========================================================================
Received Import Request.
  Time since last request: 1.303115 seconds.
  path: Assets/craftpix-895410-free-jungle-cartoon-2d-game-ui/PNG/you_win/bg.png
  artifactKey: Guid(3e8d1c651b5477e44933c57979d9f593) Importer(815301076,1909f56bfc062723c751e8b465ee728b)
Start importing Assets/craftpix-895410-free-jungle-cartoon-2d-game-ui/PNG/you_win/bg.png using Guid(3e8d1c651b5477e44933c57979d9f593) Importer(815301076,1909f56bfc062723c751e8b465ee728b) (PreviewImporter) -> (artifact id: '9e5745928f34e8db4d67f7a541a5f729') in 0.0185516 seconds
Number of updated asset objects reloaded before import = 0Number of asset objects unloaded after import = 2

========================================================================
Received Import Request.
  Time since last request: 0.000028 seconds.
  path: Assets/craftpix-895410-free-jungle-cartoon-2d-game-ui/PNG/you_win/star_2.png
  artifactKey: Guid(7586d96bafe7f474b880698b872e4ff3) Importer(815301076,1909f56bfc062723c751e8b465ee728b)
Start importing Assets/craftpix-895410-free-jungle-cartoon-2d-game-ui/PNG/you_win/star_2.png using Guid(7586d96bafe7f474b880698b872e4ff3) Importer(815301076,1909f56bfc062723c751e8b465ee728b) (PreviewImporter) -> (artifact id: '0be206e0b652340099632f8d8cfd5d4a') in 0.0192227 seconds
Number of updated asset objects reloaded before import = 0Number of asset objects unloaded after import = 2

========================================================================
Received Import Request.
  Time since last request: 0.542240 seconds.
  path: Assets/craftpix-895410-free-jungle-cartoon-2d-game-ui/TXT/Header_UI_jungle.psd
  artifactKey: Guid(7b4fbab4ed9cf67418aff79276a382cb) Importer(815301076,1909f56bfc062723c751e8b465ee728b)
Start importing Assets/craftpix-895410-free-jungle-cartoon-2d-game-ui/TXT/Header_UI_jungle.psd using Guid(7b4fbab4ed9cf67418aff79276a382cb) Importer(815301076,1909f56bfc062723c751e8b465ee728b) (PreviewImporter) -> (artifact id: '7146b5fe7c628d8752d997b2701ba0ba') in 0.0158887 seconds
Number of updated asset objects reloaded before import = 0Number of asset objects unloaded after import = 2

========================================================================
Received Import Request.
  Time since last request: 5.007195 seconds.
  path: Assets/craftpix-895410-free-jungle-cartoon-2d-game-ui/PNG/match3/bgload.png
  artifactKey: Guid(bb98bf1011b218f46be338064e6ce0a7) Importer(815301076,1909f56bfc062723c751e8b465ee728b)
Start importing Assets/craftpix-895410-free-jungle-cartoon-2d-game-ui/PNG/match3/bgload.png using Guid(bb98bf1011b218f46be338064e6ce0a7) Importer(815301076,1909f56bfc062723c751e8b465ee728b) (PreviewImporter) -> (artifact id: 'cdd813b4c40460a891ab64052b2d81e4') in 0.0217945 seconds
Number of updated asset objects reloaded before import = 0Number of asset objects unloaded after import = 2

========================================================================
Received Import Request.
  Time since last request: 0.000029 seconds.
  path: Assets/craftpix-895410-free-jungle-cartoon-2d-game-ui/PNG/match3/star_1.png
  artifactKey: Guid(116d3c4f44f05c145b0d2c20482fac17) Importer(815301076,1909f56bfc062723c751e8b465ee728b)
Start importing Assets/craftpix-895410-free-jungle-cartoon-2d-game-ui/PNG/match3/star_1.png using Guid(116d3c4f44f05c145b0d2c20482fac17) Importer(815301076,1909f56bfc062723c751e8b465ee728b) (PreviewImporter) -> (artifact id: 'd84b1b902806c243f4b38115817fbe54') in 0.0167552 seconds
Number of updated asset objects reloaded before import = 0Number of asset objects unloaded after import = 2

========================================================================
Received Import Request.
  Time since last request: 0.000021 seconds.
  path: Assets/craftpix-895410-free-jungle-cartoon-2d-game-ui/PNG/match3/pause.png
  artifactKey: Guid(4590213564428a5459edaca0ed774414) Importer(815301076,1909f56bfc062723c751e8b465ee728b)
Start importing Assets/craftpix-895410-free-jungle-cartoon-2d-game-ui/PNG/match3/pause.png using Guid(4590213564428a5459edaca0ed774414) Importer(815301076,1909f56bfc062723c751e8b465ee728b) (PreviewImporter) -> (artifact id: '1afedd70c6563dad39310a7fe505ea8a') in 0.0168872 seconds
Number of updated asset objects reloaded before import = 0Number of asset objects unloaded after import = 2

========================================================================
Received Import Request.
  Time since last request: 0.000028 seconds.
  path: Assets/craftpix-895410-free-jungle-cartoon-2d-game-ui/PNG/match3/up.png
  artifactKey: Guid(4e5d60c6ff93d5c4894eaeda21aebd97) Importer(815301076,1909f56bfc062723c751e8b465ee728b)
Start importing Assets/craftpix-895410-free-jungle-cartoon-2d-game-ui/PNG/match3/up.png using Guid(4e5d60c6ff93d5c4894eaeda21aebd97) Importer(815301076,1909f56bfc062723c751e8b465ee728b) (PreviewImporter) -> (artifact id: '8d81db720d33ee8b989e0ae0670c45d5') in 0.0154067 seconds
Number of updated asset objects reloaded before import = 0Number of asset objects unloaded after import = 2

========================================================================
Received Import Request.
  Time since last request: 9.156646 seconds.
  path: Assets/craftpix-895410-free-jungle-cartoon-2d-game-ui/EPS/level_select.eps
  artifactKey: Guid(df9ce6e5edd6c1542a1b9608a8919db5) Importer(815301076,1909f56bfc062723c751e8b465ee728b)
Start importing Assets/craftpix-895410-free-jungle-cartoon-2d-game-ui/EPS/level_select.eps using Guid(df9ce6e5edd6c1542a1b9608a8919db5) Importer(815301076,1909f56bfc062723c751e8b465ee728b) (PreviewImporter) -> (artifact id: 'e39402cf82c8a2a28c93160b2020c4fe') in 0.0015484 seconds
Number of updated asset objects reloaded before import = 0Number of asset objects unloaded after import = 1

========================================================================
Received Import Request.
  Time since last request: 0.628508 seconds.
  path: Assets/craftpix-895410-free-jungle-cartoon-2d-game-ui/EPS/match3.eps
  artifactKey: Guid(7dc920c13c9ddec4c818a3981ecc69bd) Importer(815301076,1909f56bfc062723c751e8b465ee728b)
Start importing Assets/craftpix-895410-free-jungle-cartoon-2d-game-ui/EPS/match3.eps using Guid(7dc920c13c9ddec4c818a3981ecc69bd) Importer(815301076,1909f56bfc062723c751e8b465ee728b) (PreviewImporter) -> (artifact id: '2671019b57295f36c78784e0f68f7b28') in 0.001083 seconds
Number of updated asset objects reloaded before import = 0Number of asset objects unloaded after import = 1

========================================================================
Received Import Request.
  Time since last request: 7.443965 seconds.
  path: Assets/craftpix-895410-free-jungle-cartoon-2d-game-ui/PNG/pause/bg.png
  artifactKey: Guid(82ab5a5b6bd6030409dfc139f56093d5) Importer(815301076,1909f56bfc062723c751e8b465ee728b)
Start importing Assets/craftpix-895410-free-jungle-cartoon-2d-game-ui/PNG/pause/bg.png using Guid(82ab5a5b6bd6030409dfc139f56093d5) Importer(815301076,1909f56bfc062723c751e8b465ee728b) (PreviewImporter) -> (artifact id: '27dc72ed5fcbc8f23f46a553f5ae2ccc') in 0.0194764 seconds
Number of updated asset objects reloaded before import = 0Number of asset objects unloaded after import = 2

========================================================================
Received Import Request.
  Time since last request: 3.042375 seconds.
  path: Assets/craftpix-895410-free-jungle-cartoon-2d-game-ui/PNG/settings/92.png
  artifactKey: Guid(59c2e5b3649c39a4d8226fb870c966dc) Importer(815301076,1909f56bfc062723c751e8b465ee728b)
Start importing Assets/craftpix-895410-free-jungle-cartoon-2d-game-ui/PNG/settings/92.png using Guid(59c2e5b3649c39a4d8226fb870c966dc) Importer(815301076,1909f56bfc062723c751e8b465ee728b) (PreviewImporter) -> (artifact id: 'f8510af066cd0ec5e4c7320785beb6c6') in 0.0185662 seconds
Number of updated asset objects reloaded before import = 0Number of asset objects unloaded after import = 2

========================================================================
Received Import Request.
  Time since last request: 0.000023 seconds.
  path: Assets/craftpix-895410-free-jungle-cartoon-2d-game-ui/PNG/settings/table.png
  artifactKey: Guid(406dfd3d22ac3404ea823995f2cf10ce) Importer(815301076,1909f56bfc062723c751e8b465ee728b)
Start importing Assets/craftpix-895410-free-jungle-cartoon-2d-game-ui/PNG/settings/table.png using Guid(406dfd3d22ac3404ea823995f2cf10ce) Importer(815301076,1909f56bfc062723c751e8b465ee728b) (PreviewImporter) -> (artifact id: '3baa8a7dcd6c13c5734e93e8502f9d8f') in 0.0106842 seconds
Number of updated asset objects reloaded before import = 0Number of asset objects unloaded after import = 2

========================================================================
Received Import Request.
  Time since last request: 0.000028 seconds.
  path: Assets/craftpix-895410-free-jungle-cartoon-2d-game-ui/PNG/settings/close_2.png
  artifactKey: Guid(7c2eace68c20e904db142ad356299afd) Importer(815301076,1909f56bfc062723c751e8b465ee728b)
Start importing Assets/craftpix-895410-free-jungle-cartoon-2d-game-ui/PNG/settings/close_2.png using Guid(7c2eace68c20e904db142ad356299afd) Importer(815301076,1909f56bfc062723c751e8b465ee728b) (PreviewImporter) -> (artifact id: '23cb35346ed1027c49560270c7281d96') in 0.0180033 seconds
Number of updated asset objects reloaded before import = 0Number of asset objects unloaded after import = 2

========================================================================
Received Import Request.
  Time since last request: 0.000026 seconds.
  path: Assets/craftpix-895410-free-jungle-cartoon-2d-game-ui/PNG/settings/96.png
  artifactKey: Guid(af61d6464d650864d9ad2e1b65b4b50b) Importer(815301076,1909f56bfc062723c751e8b465ee728b)
Start importing Assets/craftpix-895410-free-jungle-cartoon-2d-game-ui/PNG/settings/96.png using Guid(af61d6464d650864d9ad2e1b65b4b50b) Importer(815301076,1909f56bfc062723c751e8b465ee728b) (PreviewImporter) -> (artifact id: '1f7f4b42f7489797661ce08ac59025cf') in 0.0173835 seconds
Number of updated asset objects reloaded before import = 0Number of asset objects unloaded after import = 2

========================================================================
Received Import Request.
  Time since last request: 5.328888 seconds.
  path: Assets/craftpix-895410-free-jungle-cartoon-2d-game-ui/PNG/upgrade/a.png
  artifactKey: Guid(2189f9c3b2918c942bce6ef43d31da43) Importer(815301076,1909f56bfc062723c751e8b465ee728b)
Start importing Assets/craftpix-895410-free-jungle-cartoon-2d-game-ui/PNG/upgrade/a.png using Guid(2189f9c3b2918c942bce6ef43d31da43) Importer(815301076,1909f56bfc062723c751e8b465ee728b) (PreviewImporter) -> (artifact id: '45fca7c94de49621a8e03f56cb5da7d5') in 0.0176449 seconds
Number of updated asset objects reloaded before import = 0Number of asset objects unloaded after import = 2

========================================================================
Received Import Request.
  Time since last request: 0.000024 seconds.
  path: Assets/craftpix-895410-free-jungle-cartoon-2d-game-ui/PNG/upgrade/scroll.png
  artifactKey: Guid(0d2cc8ea8ad050a4f8cc8c1eacf74bf6) Importer(815301076,1909f56bfc062723c751e8b465ee728b)
Start importing Assets/craftpix-895410-free-jungle-cartoon-2d-game-ui/PNG/upgrade/scroll.png using Guid(0d2cc8ea8ad050a4f8cc8c1eacf74bf6) Importer(815301076,1909f56bfc062723c751e8b465ee728b) (PreviewImporter) -> (artifact id: 'ee5352a31c007bdd2000efb8ec5d4231') in 0.0086979 seconds
Number of updated asset objects reloaded before import = 0Number of asset objects unloaded after import = 2

========================================================================
Received Import Request.
  Time since last request: 0.000026 seconds.
  path: Assets/craftpix-895410-free-jungle-cartoon-2d-game-ui/PNG/upgrade/dot.png
  artifactKey: Guid(829f41f5445ac834b941d5e2096c9159) Importer(815301076,1909f56bfc062723c751e8b465ee728b)
Start importing Assets/craftpix-895410-free-jungle-cartoon-2d-game-ui/PNG/upgrade/dot.png using Guid(829f41f5445ac834b941d5e2096c9159) Importer(815301076,1909f56bfc062723c751e8b465ee728b) (PreviewImporter) -> (artifact id: 'bb83aae18c3022f363928e3ea968420b') in 0.0084506 seconds
Number of updated asset objects reloaded before import = 0Number of asset objects unloaded after import = 2

========================================================================
Received Import Request.
  Time since last request: 0.000035 seconds.
  path: Assets/craftpix-895410-free-jungle-cartoon-2d-game-ui/PNG/upgrade/table.png
  artifactKey: Guid(461dbb68a30f2ed4db717563b9774faf) Importer(815301076,1909f56bfc062723c751e8b465ee728b)
Start importing Assets/craftpix-895410-free-jungle-cartoon-2d-game-ui/PNG/upgrade/table.png using Guid(461dbb68a30f2ed4db717563b9774faf) Importer(815301076,1909f56bfc062723c751e8b465ee728b) (PreviewImporter) -> (artifact id: '29367882e815220e95a92620f13efa2d') in 0.0195696 seconds
Number of updated asset objects reloaded before import = 0Number of asset objects unloaded after import = 2

========================================================================
Received Import Request.
  Time since last request: 0.000026 seconds.
  path: Assets/craftpix-895410-free-jungle-cartoon-2d-game-ui/PNG/upgrade/star.png
  artifactKey: Guid(aed21b0f8ff1a0b45a4ae1fd771a941a) Importer(815301076,1909f56bfc062723c751e8b465ee728b)
Start importing Assets/craftpix-895410-free-jungle-cartoon-2d-game-ui/PNG/upgrade/star.png using Guid(aed21b0f8ff1a0b45a4ae1fd771a941a) Importer(815301076,1909f56bfc062723c751e8b465ee728b) (PreviewImporter) -> (artifact id: '6b5399ea9414a742035837927bc59887') in 0.0160848 seconds
Number of updated asset objects reloaded before import = 0Number of asset objects unloaded after import = 2

========================================================================
Received Import Request.
  Time since last request: 10.925640 seconds.
  path: Assets/craftpix-895410-free-jungle-cartoon-2d-game-ui/PNG/rating/face.png
  artifactKey: Guid(0cf6ea328a823c5478f7adcaf12d2971) Importer(815301076,1909f56bfc062723c751e8b465ee728b)
Start importing Assets/craftpix-895410-free-jungle-cartoon-2d-game-ui/PNG/rating/face.png using Guid(0cf6ea328a823c5478f7adcaf12d2971) Importer(815301076,1909f56bfc062723c751e8b465ee728b) (PreviewImporter) -> (artifact id: 'e0b0404216250395d32ae87f7742f719') in 0.067549 seconds
Number of updated asset objects reloaded before import = 0Number of asset objects unloaded after import = 3

========================================================================
Received Import Request.
  Time since last request: 0.000042 seconds.
  path: Assets/craftpix-895410-free-jungle-cartoon-2d-game-ui/PNG/rating/header.png
  artifactKey: Guid(0b3f156d4426ead46a1b2801384330e4) Importer(815301076,1909f56bfc062723c751e8b465ee728b)
Start importing Assets/craftpix-895410-free-jungle-cartoon-2d-game-ui/PNG/rating/header.png using Guid(0b3f156d4426ead46a1b2801384330e4) Importer(815301076,1909f56bfc062723c751e8b465ee728b) (PreviewImporter) -> (artifact id: '4ba6b3e789a1690b87e7b49612b35d92') in 0.022711 seconds
Number of updated asset objects reloaded before import = 0Number of asset objects unloaded after import = 3

========================================================================
Received Import Request.
  Time since last request: 0.000025 seconds.
  path: Assets/craftpix-895410-free-jungle-cartoon-2d-game-ui/PNG/rating/table.png
  artifactKey: Guid(5fa851284ac0a574c8b0846903b4851b) Importer(815301076,1909f56bfc062723c751e8b465ee728b)
Start importing Assets/craftpix-895410-free-jungle-cartoon-2d-game-ui/PNG/rating/table.png using Guid(5fa851284ac0a574c8b0846903b4851b) Importer(815301076,1909f56bfc062723c751e8b465ee728b) (PreviewImporter) -> (artifact id: '76155a88af84b4e151a101a60642a97d') in 0.0252241 seconds
Number of updated asset objects reloaded before import = 0Number of asset objects unloaded after import = 3

Editor requested this worker to shutdown with reason: Scaling down because of idle timeout
AssetImportWorker is now disconnected from the server
Process exiting
Exiting without the bug reporter. Application will terminate with return code 0