[Licensing::Module] Trying to connect to existing licensing client channel...
Built from '6000.2/respin/6000.2.6f2-cc51a95c03' branch; Version is '6000.2.6f2 (4a4dcaec6541) revision 4869578'; Using compiler version '194234433'; Build Type 'Release'
[Licensing::IpcConnector] Successfully connected to: "LicenseClient-nwond" at "2026-06-07T05:54:08.8516837Z"
OS: 'Windows 11  (10.0.26200) 64bit Core' Language: 'ko' Physical Memory: 16317 MB
BatchMode: 1, IsHumanControllingUs: 0, StartBugReporterOnCrash: 0, Is64bit: 1
Date: 2026-06-07T05:54:08Z

COMMAND LINE ARGUMENTS:
C:\Program Files\Unity\Hub\Editor\6000.2.6f2\Editor\Unity.exe
-adb2
-batchMode
-noUpm
-name
AssetImportWorker3
-projectPath
C:/Users/nwond/OneDrive/바탕 화면/Endless-Run/Game
-logFile
Logs/AssetImportWorker3.log
-srvPort
58478
-licensingIpc
LicenseClient-nwond
-job-worker-count
5
-background-job-worker-count
8
-gc-helper-count
1
-name
AssetImport
Successfully changed project path to: C:/Users/nwond/OneDrive/바탕 화면/Endless-Run/Game
C:/Users/nwond/OneDrive/바탕 화면/Endless-Run/Game
[UnityMemory] Configuration Parameters - Can be set up in boot.config
    "memorysetup-allocator-temp-initial-block-size-main=262144"
    "memorysetup-allocator-temp-initial-block-size-worker=262144"
    "memorysetup-bucket-allocator-granularity=16"
    "memorysetup-bucket-allocator-bucket-count=8"
    "memorysetup-bucket-allocator-block-size=33554432"
    "memorysetup-bucket-allocator-block-count=8"
    "memorysetup-main-allocator-block-size=16777216"
    "memorysetup-thread-allocator-block-size=16777216"
    "memorysetup-gfx-main-allocator-block-size=16777216"
    "memorysetup-gfx-thread-allocator-block-size=16777216"
    "memorysetup-cache-allocator-block-size=4194304"
    "memorysetup-typetree-allocator-block-size=2097152"
    "memorysetup-profiler-bucket-allocator-granularity=16"
    "memorysetup-profiler-bucket-allocator-bucket-count=8"
    "memorysetup-profiler-bucket-allocator-block-size=33554432"
    "memorysetup-profiler-bucket-allocator-block-count=8"
    "memorysetup-profiler-allocator-block-size=16777216"
    "memorysetup-profiler-editor-allocator-block-size=1048576"
    "memorysetup-temp-allocator-size-main=16777216"
    "memorysetup-job-temp-allocator-block-size=2097152"
    "memorysetup-job-temp-allocator-block-size-background=1048576"
    "memorysetup-job-temp-allocator-reduction-small-platforms=262144"
    "memorysetup-temp-allocator-size-background-worker=32768"
    "memorysetup-temp-allocator-size-job-worker=262144"
    "memorysetup-temp-allocator-size-preload-manager=33554432"
    "memorysetup-temp-allocator-size-nav-mesh-worker=65536"
    "memorysetup-temp-allocator-size-audio-worker=65536"
    "memorysetup-temp-allocator-size-cloud-worker=32768"
    "memorysetup-temp-allocator-size-gi-baking-worker=262144"
    "memorysetup-temp-allocator-size-gi-baking-worker=262144"
    "memorysetup-temp-allocator-size-gi-baking-worker=262144"
    "memorysetup-temp-allocator-size-gi-baking-worker=262144"
    "memorysetup-temp-allocator-size-gi-baking-worker=262144"
    "memorysetup-temp-allocator-size-gfx=262144"
Player connection [25952]  Target information:

Player connection [25952]  * "[IP] 192.168.219.101 [Port] 0 [Flags] 2 [Guid] 4030847368 [EditorId] 4030847368 [Version] 1048832 [Id] WindowsEditor(7,Dinosaur) [Debug] 1 [PackageName] WindowsEditor [ProjectName] Editor" 

Player connection [25952] Host joined multi-casting on [225.0.0.222:54997]...
Player connection [25952] Host joined alternative multi-casting on [225.0.0.222:34997]...
JobSystem: Creating JobQueue using job-worker-count value 5
Input System module state changed to: Initialized.
[Physics::Module] Initialized fallback backend.
[Physics::Module] Id: 0xdecafbad
[Licensing::Client] Code 10 while verifying Licensing Client signature (process Id: 9260, path: "C:/Users/nwond/OneDrive/바탕 화면/Unity Hub/UnityLicensingClient_V1/Unity.Licensing.Client.exe")
[Licensing::Module] LicensingClient has failed validation; ignoring
[Licensing::Client] Handshaking with LicensingClient:
  Version:                 1.17.4+4293ba1
  Session Id:              f54f7d251327418b946e6a98153981ef
  Correlation Id:          6f5e47b479d78c1910955baa0afd4b18
  External correlation Id: 6255224957533919509
  Machine Id:              vzHBHqQzprq0ab1zjqc1s15jH+s=
[Licensing::Module] Successfully connected to LicensingClient on channel: "LicenseClient-nwond" (connect: 0.00s, validation: 0.00s, handshake: 0.09s)
[Licensing::IpcConnector] Successfully connected to: "LicenseClient-nwond-notifications" at "2026-06-07T05:54:08.9426757Z"
[Licensing::Module] Licensing Background thread has ended after 0.09s
Library Redirect Path: Library/
[Physics::Module] Selected backend.
[Physics::Module] Name: PhysX
[Physics::Module] Id: 0xf2b8ea05
[Physics::Module] SDK Version: 4.1.2
[Physics::Module] Integration Version: 1.0.0
[Physics::Module] Threading Mode: Multi-Threaded
ETC Legacy compression has been deprecated and will be removed in a future release. You can review compressors in "Project Settings > Editor > Texture Compressors".
Refreshing native plugins compatible for Editor in 3.59 ms, found 3 plugins.
Preloading 0 native plugins for Editor in 0.00 ms.
Initialize engine version: 6000.2.6f2 (4a4dcaec6541)
[Subsystems] Discovering subsystems at path C:/Program Files/Unity/Hub/Editor/6000.2.6f2/Editor/Data/Resources/UnitySubsystems
[Subsystems] Discovering subsystems at path C:/Users/nwond/OneDrive/바탕 화면/Endless-Run/Game/Assets
GfxDevice: creating device client; kGfxThreadingModeNonThreaded
d3d12: failed to query info queue interface (0x80004002).
Direct3D:
    Version:         Direct3D 12 [level 12.1]
    Renderer:        NVIDIA GeForce RTX 3060 (ID=0x2544)
    Vendor:          NVIDIA
    VRAM:            8036 MB
    App VRAM Budget: 7268 MB
    Driver:          32.0.16.1047
Initialize mono
Mono path[0] = 'C:/Program Files/Unity/Hub/Editor/6000.2.6f2/Editor/Data/Managed'
Mono path[1] = 'C:/Program Files/Unity/Hub/Editor/6000.2.6f2/Editor/Data/MonoBleedingEdge/lib/mono/unityjit-win32'
Mono config path = 'C:/Program Files/Unity/Hub/Editor/6000.2.6f2/Editor/Data/MonoBleedingEdge/etc'
Using monoOptions --debugger-agent=transport=dt_socket,embedding=1,server=y,suspend=n,address=127.0.0.1:56832
Begin MonoManager ReloadAssembly
Registering precompiled unity dll's ...
Register platform support module: C:/Program Files/Unity/Hub/Editor/6000.2.6f2/Editor/Data/PlaybackEngines/WindowsStandaloneSupport/UnityEditor.WindowsStandalone.Extensions.dll
[Licensing::Client] Successfully resolved entitlement details
[Licensing::Module] License group:
  Id: 14569174559127-UnityPersXXXX
  Product: Unity Personal
  Type: Assigned
  Expiration: Unlimited
Register platform support module: C:/Program Files/Unity/Hub/Editor/6000.2.6f2/Editor/Data/PlaybackEngines/AndroidPlayer/UnityEditor.Android.Extensions.dll
[Licensing::Client] Successfully resolved entitlement details
Register platform support module: C:/Program Files/Unity/Hub/Editor/6000.2.6f2/Editor/Data/PlaybackEngines/iOSSupport/UnityEditor.iOS.Extensions.dll
Registered in 0.010380 seconds.
- Loaded All Assemblies, in  0.532 seconds
[usbmuxd] Start listen thread
[usbmuxd] Listen thread started
Native extension for iOS target not found
Native extension for Android target not found
Android Extension - Scanning For ADB Devices 297 ms
Native extension for WindowsStandalone target not found
Mono: successfully reloaded assembly
- Finished resetting the current domain, in  0.706 seconds
Domain Reload Profiling: 1234ms
	BeginReloadAssembly (184ms)
		ExecutionOrderSort (0ms)
		DisableScriptedObjects (0ms)
		BackupInstance (0ms)
		ReleaseScriptingObjects (0ms)
		CreateAndSetChildDomain (1ms)
	RebuildCommonClasses (59ms)
	RebuildNativeTypeToScriptingClass (15ms)
	initialDomainReloadingComplete (71ms)
	LoadAllAssembliesAndSetupDomain (198ms)
		LoadAssemblies (180ms)
		RebuildTransferFunctionScriptingTraits (0ms)
		AnalyzeDomain (194ms)
			TypeCache.Refresh (192ms)
				TypeCache.ScanAssembly (176ms)
			BuildScriptInfoCaches (0ms)
			ResolveRequiredComponents (1ms)
	FinalizeReload (707ms)
		ReleaseScriptCaches (0ms)
		RebuildScriptCaches (0ms)
		SetupLoadedEditorAssemblies (662ms)
			LogAssemblyErrors (0ms)
			InitializePlatformSupportModulesInManaged (407ms)
			SetLoadedEditorAssemblies (4ms)
			BeforeProcessingInitializeOnLoad (68ms)
			ProcessInitializeOnLoadAttributes (123ms)
			ProcessInitializeOnLoadMethodAttributes (60ms)
			AfterProcessingInitializeOnLoad (0ms)
			EditorAssembliesLoaded (0ms)
		ExecutionOrderSort2 (0ms)
		AwakeInstancesAfterBackupRestoration (0ms)
========================================================================
Worker process is ready to serve import requests
Import Worker Mode flag is 0x00
Begin MonoManager ReloadAssembly
[Licensing::Client] Successfully resolved entitlement details
- Loaded All Assemblies, in  0.839 seconds
Refreshing native plugins compatible for Editor in 1.56 ms, found 3 plugins.
Native extension for iOS target not found
Native extension for Android target not found
Native extension for WindowsStandalone target not found
Package Manager log level set to [2]
[Package Manager] Failed to launch server process. Reason: Unity was launched with the -noUpm command-line argument
[Package Manager] Unable to send message (not connected to server process).
[Package Manager] Cannot connect to Unity Package Manager local server
Mono: successfully reloaded assembly
- Finished resetting the current domain, in  0.651 seconds
Domain Reload Profiling: 1484ms
	BeginReloadAssembly (215ms)
		ExecutionOrderSort (0ms)
		DisableScriptedObjects (6ms)
		BackupInstance (0ms)
		ReleaseScriptingObjects (0ms)
		CreateAndSetChildDomain (31ms)
	RebuildCommonClasses (43ms)
	RebuildNativeTypeToScriptingClass (14ms)
	initialDomainReloadingComplete (43ms)
	LoadAllAssembliesAndSetupDomain (518ms)
		LoadAssemblies (394ms)
		RebuildTransferFunctionScriptingTraits (0ms)
		AnalyzeDomain (247ms)
			TypeCache.Refresh (196ms)
				TypeCache.ScanAssembly (180ms)
			BuildScriptInfoCaches (42ms)
			ResolveRequiredComponents (6ms)
	FinalizeReload (652ms)
		ReleaseScriptCaches (0ms)
		RebuildScriptCaches (0ms)
		SetupLoadedEditorAssemblies (531ms)
			LogAssemblyErrors (0ms)
			InitializePlatformSupportModulesInManaged (14ms)
			SetLoadedEditorAssemblies (3ms)
			BeforeProcessingInitializeOnLoad (117ms)
			ProcessInitializeOnLoadAttributes (360ms)
			ProcessInitializeOnLoadMethodAttributes (28ms)
			AfterProcessingInitializeOnLoad (9ms)
			EditorAssembliesLoaded (0ms)
		ExecutionOrderSort2 (0ms)
		AwakeInstancesAfterBackupRestoration (12ms)
ETC Legacy compression has been deprecated and will be removed in a future release. You can review compressors in "Project Settings > Editor > Texture Compressors".
Launched and connected shader compiler UnityShaderCompiler.exe after 0.03 seconds
Refreshing native plugins compatible for Editor in 1.56 ms, found 3 plugins.
Preloading 0 native plugins for Editor in 0.00 ms.
Unloading 1 Unused Serialized files (Serialized files now loaded: 0)
Unloading 4151 unused Assets / (0.9 MB). Loaded Objects now: 4693.
Memory consumption went from 107.1 MB to 106.2 MB.
Total: 6.556700 ms (FindLiveObjects: 0.578000 ms CreateObjectMapping: 0.220600 ms MarkObjects: 4.777200 ms  DeleteObjects: 0.979800 ms)

========================================================================
Received Prepare
ETC Legacy compression has been deprecated and will be removed in a future release. You can review compressors in "Project Settings > Editor > Texture Compressors".
Begin MonoManager ReloadAssembly
- Loaded All Assemblies, in  0.847 seconds
Refreshing native plugins compatible for Editor in 1.82 ms, found 3 plugins.
Native extension for iOS target not found
Native extension for Android target not found
Native extension for WindowsStandalone target not found
[Package Manager] Failed to launch server process. Reason: Unity was launched with the -noUpm command-line argument
[Package Manager] Unable to send message (not connected to server process).
[Package Manager] Cannot connect to Unity Package Manager local server
Mono: successfully reloaded assembly
- Finished resetting the current domain, in  0.839 seconds
Domain Reload Profiling: 1682ms
	BeginReloadAssembly (259ms)
		ExecutionOrderSort (0ms)
		DisableScriptedObjects (6ms)
		BackupInstance (0ms)
		ReleaseScriptingObjects (0ms)
		CreateAndSetChildDomain (54ms)
	RebuildCommonClasses (47ms)
	RebuildNativeTypeToScriptingClass (16ms)
	initialDomainReloadingComplete (36ms)
	LoadAllAssembliesAndSetupDomain (484ms)
		LoadAssemblies (422ms)
		RebuildTransferFunctionScriptingTraits (0ms)
		AnalyzeDomain (201ms)
			TypeCache.Refresh (8ms)
				TypeCache.ScanAssembly (0ms)
			BuildScriptInfoCaches (178ms)
			ResolveRequiredComponents (8ms)
	FinalizeReload (840ms)
		ReleaseScriptCaches (0ms)
		RebuildScriptCaches (0ms)
		SetupLoadedEditorAssemblies (681ms)
			LogAssemblyErrors (0ms)
			InitializePlatformSupportModulesInManaged (19ms)
			SetLoadedEditorAssemblies (5ms)
			BeforeProcessingInitializeOnLoad (176ms)
			ProcessInitializeOnLoadAttributes (437ms)
			ProcessInitializeOnLoadMethodAttributes (33ms)
			AfterProcessingInitializeOnLoad (11ms)
			EditorAssembliesLoaded (0ms)
		ExecutionOrderSort2 (0ms)
		AwakeInstancesAfterBackupRestoration (16ms)
Refreshing native plugins compatible for Editor in 2.19 ms, found 3 plugins.
Preloading 0 native plugins for Editor in 0.00 ms.
Unloading 1 Unused Serialized files (Serialized files now loaded: 0)
Unloading 4150 unused Assets / (1.4 MB). Loaded Objects now: 4693.
Memory consumption went from 107.6 MB to 106.2 MB.
Total: 8.126700 ms (FindLiveObjects: 0.618800 ms CreateObjectMapping: 0.234500 ms MarkObjects: 5.418100 ms  DeleteObjects: 1.853200 ms)

Prepare: number of updated asset objects reloaded= 0
========================================================================
Received Prepare
ETC Legacy compression has been deprecated and will be removed in a future release. You can review compressors in "Project Settings > Editor > Texture Compressors".
Refreshing native plugins compatible for Editor in 2.11 ms, found 3 plugins.
Preloading 0 native plugins for Editor in 0.00 ms.
Unloading 1 Unused Serialized files (Serialized files now loaded: 0)
Unloading 4143 unused Assets / (1.1 MB). Loaded Objects now: 4693.
Memory consumption went from 108.1 MB to 107.0 MB.
Total: 9.684900 ms (FindLiveObjects: 0.842800 ms CreateObjectMapping: 0.315600 ms MarkObjects: 6.728300 ms  DeleteObjects: 1.796400 ms)

Prepare: number of updated asset objects reloaded= 0
========================================================================
Received Import Request.
  Time since last request: 922504.012946 seconds.
  path: Assets/Scripts/Manager/GameManager.cs
  artifactKey: Guid(db17f6c0d6963614b8d7359395ffadc5) Importer(815301076,1909f56bfc062723c751e8b465ee728b)
Start importing Assets/Scripts/Manager/GameManager.cs using Guid(db17f6c0d6963614b8d7359395ffadc5) Importer(815301076,1909f56bfc062723c751e8b465ee728b) (PreviewImporter) -> (artifact id: '92be0de51a377754ffc3e19c4fe6e4e4') in 0.0100001 seconds
Number of updated asset objects reloaded before import = 0Number of asset objects unloaded after import = 0

========================================================================
Received Prepare
ETC Legacy compression has been deprecated and will be removed in a future release. You can review compressors in "Project Settings > Editor > Texture Compressors".
Refreshing native plugins compatible for Editor in 2.24 ms, found 3 plugins.
Preloading 0 native plugins for Editor in 0.00 ms.
Unloading 1 Unused Serialized files (Serialized files now loaded: 0)
Unloading 4143 unused Assets / (1.0 MB). Loaded Objects now: 4695.
Memory consumption went from 108.6 MB to 107.6 MB.
Total: 8.609900 ms (FindLiveObjects: 0.752800 ms CreateObjectMapping: 0.238700 ms MarkObjects: 5.979100 ms  DeleteObjects: 1.637600 ms)

Prepare: number of updated asset objects reloaded= 0
========================================================================
Received Import Request.
  Time since last request: 143.473753 seconds.
  path: Assets/Scripts/Manager/GameManager.cs
  artifactKey: Guid(db17f6c0d6963614b8d7359395ffadc5) Importer(815301076,1909f56bfc062723c751e8b465ee728b)
Start importing Assets/Scripts/Manager/GameManager.cs using Guid(db17f6c0d6963614b8d7359395ffadc5) Importer(815301076,1909f56bfc062723c751e8b465ee728b) (PreviewImporter) -> (artifact id: 'ad4c068d4940e6812f08b5a759e9ebcc') in 0.0015561 seconds
Number of updated asset objects reloaded before import = 0Number of asset objects unloaded after import = 0

========================================================================
Received Prepare
ETC Legacy compression has been deprecated and will be removed in a future release. You can review compressors in "Project Settings > Editor > Texture Compressors".
Begin MonoManager ReloadAssembly
[Licensing::Client] Successfully resolved entitlement details
- Loaded All Assemblies, in  0.983 seconds
Refreshing native plugins compatible for Editor in 2.25 ms, found 3 plugins.
Native extension for iOS target not found
Native extension for Android target not found
Native extension for WindowsStandalone target not found
[Package Manager] Failed to launch server process. Reason: Unity was launched with the -noUpm command-line argument
[Package Manager] Unable to send message (not connected to server process).
[Package Manager] Cannot connect to Unity Package Manager local server
Mono: successfully reloaded assembly
- Finished resetting the current domain, in  0.868 seconds
Domain Reload Profiling: 1846ms
	BeginReloadAssembly (294ms)
		ExecutionOrderSort (0ms)
		DisableScriptedObjects (8ms)
		BackupInstance (0ms)
		ReleaseScriptingObjects (0ms)
		CreateAndSetChildDomain (56ms)
	RebuildCommonClasses (54ms)
	RebuildNativeTypeToScriptingClass (18ms)
	initialDomainReloadingComplete (42ms)
	LoadAllAssembliesAndSetupDomain (569ms)
		LoadAssemblies (502ms)
		RebuildTransferFunctionScriptingTraits (0ms)
		AnalyzeDomain (226ms)
			TypeCache.Refresh (11ms)
				TypeCache.ScanAssembly (1ms)
			BuildScriptInfoCaches (203ms)
			ResolveRequiredComponents (7ms)
	FinalizeReload (869ms)
		ReleaseScriptCaches (0ms)
		RebuildScriptCaches (0ms)
		SetupLoadedEditorAssemblies (680ms)
			LogAssemblyErrors (0ms)
			InitializePlatformSupportModulesInManaged (18ms)
			SetLoadedEditorAssemblies (5ms)
			BeforeProcessingInitializeOnLoad (167ms)
			ProcessInitializeOnLoadAttributes (438ms)
			ProcessInitializeOnLoadMethodAttributes (38ms)
			AfterProcessingInitializeOnLoad (12ms)
			EditorAssembliesLoaded (0ms)
		ExecutionOrderSort2 (0ms)
		AwakeInstancesAfterBackupRestoration (17ms)
Refreshing native plugins compatible for Editor in 2.19 ms, found 3 plugins.
Preloading 0 native plugins for Editor in 0.00 ms.
Unloading 1 Unused Serialized files (Serialized files now loaded: 0)
Unloading 4150 unused Assets / (1.2 MB). Loaded Objects now: 4695.
Memory consumption went from 108.4 MB to 107.3 MB.
Total: 6.886300 ms (FindLiveObjects: 0.638000 ms CreateObjectMapping: 0.209800 ms MarkObjects: 4.601500 ms  DeleteObjects: 1.435900 ms)

Prepare: number of updated asset objects reloaded= 0
========================================================================
Received Prepare
ETC Legacy compression has been deprecated and will be removed in a future release. You can review compressors in "Project Settings > Editor > Texture Compressors".
Refreshing native plugins compatible for Editor in 1.87 ms, found 3 plugins.
Preloading 0 native plugins for Editor in 0.00 ms.
Unloading 1 Unused Serialized files (Serialized files now loaded: 0)
Unloading 4143 unused Assets / (1.2 MB). Loaded Objects now: 4695.
Memory consumption went from 108.9 MB to 107.7 MB.
Total: 7.999600 ms (FindLiveObjects: 0.648000 ms CreateObjectMapping: 0.209400 ms MarkObjects: 5.605000 ms  DeleteObjects: 1.535700 ms)

Prepare: number of updated asset objects reloaded= 0
========================================================================
Received Prepare
ETC Legacy compression has been deprecated and will be removed in a future release. You can review compressors in "Project Settings > Editor > Texture Compressors".
Begin MonoManager ReloadAssembly
- Loaded All Assemblies, in  1.001 seconds
Refreshing native plugins compatible for Editor in 2.08 ms, found 3 plugins.
Native extension for iOS target not found
Native extension for Android target not found
Native extension for WindowsStandalone target not found
[Package Manager] Failed to launch server process. Reason: Unity was launched with the -noUpm command-line argument
[Package Manager] Unable to send message (not connected to server process).
[Package Manager] Cannot connect to Unity Package Manager local server
Mono: successfully reloaded assembly
- Finished resetting the current domain, in  0.829 seconds
Domain Reload Profiling: 1823ms
	BeginReloadAssembly (302ms)
		ExecutionOrderSort (0ms)
		DisableScriptedObjects (8ms)
		BackupInstance (0ms)
		ReleaseScriptingObjects (0ms)
		CreateAndSetChildDomain (51ms)
	RebuildCommonClasses (71ms)
	RebuildNativeTypeToScriptingClass (19ms)
	initialDomainReloadingComplete (41ms)
	LoadAllAssembliesAndSetupDomain (561ms)
		LoadAssemblies (512ms)
		RebuildTransferFunctionScriptingTraits (0ms)
		AnalyzeDomain (226ms)
			TypeCache.Refresh (12ms)
				TypeCache.ScanAssembly (1ms)
			BuildScriptInfoCaches (203ms)
			ResolveRequiredComponents (7ms)
	FinalizeReload (829ms)
		ReleaseScriptCaches (0ms)
		RebuildScriptCaches (0ms)
		SetupLoadedEditorAssemblies (665ms)
			LogAssemblyErrors (0ms)
			InitializePlatformSupportModulesInManaged (18ms)
			SetLoadedEditorAssemblies (5ms)
			BeforeProcessingInitializeOnLoad (158ms)
			ProcessInitializeOnLoadAttributes (433ms)
			ProcessInitializeOnLoadMethodAttributes (37ms)
			AfterProcessingInitializeOnLoad (14ms)
			EditorAssembliesLoaded (1ms)
		ExecutionOrderSort2 (0ms)
		AwakeInstancesAfterBackupRestoration (16ms)
Refreshing native plugins compatible for Editor in 2.08 ms, found 3 plugins.
Preloading 0 native plugins for Editor in 0.00 ms.
Unloading 1 Unused Serialized files (Serialized files now loaded: 0)
Unloading 4150 unused Assets / (1.3 MB). Loaded Objects now: 4695.
Memory consumption went from 109.1 MB to 107.8 MB.
Total: 7.067400 ms (FindLiveObjects: 0.712600 ms CreateObjectMapping: 0.232300 ms MarkObjects: 4.461000 ms  DeleteObjects: 1.659900 ms)

Prepare: number of updated asset objects reloaded= 0
========================================================================
Received Prepare
ETC Legacy compression has been deprecated and will be removed in a future release. You can review compressors in "Project Settings > Editor > Texture Compressors".
Refreshing native plugins compatible for Editor in 1.80 ms, found 3 plugins.
Preloading 0 native plugins for Editor in 0.00 ms.
Unloading 1 Unused Serialized files (Serialized files now loaded: 0)
Unloading 4143 unused Assets / (1.0 MB). Loaded Objects now: 4695.
Memory consumption went from 109.6 MB to 108.6 MB.
Total: 7.208600 ms (FindLiveObjects: 0.675400 ms CreateObjectMapping: 0.228500 ms MarkObjects: 5.034600 ms  DeleteObjects: 1.269000 ms)

Prepare: number of updated asset objects reloaded= 0
========================================================================
Received Prepare
ETC Legacy compression has been deprecated and will be removed in a future release. You can review compressors in "Project Settings > Editor > Texture Compressors".
Begin MonoManager ReloadAssembly
- Loaded All Assemblies, in  1.031 seconds
Refreshing native plugins compatible for Editor in 2.22 ms, found 3 plugins.
Native extension for iOS target not found
Native extension for Android target not found
Native extension for WindowsStandalone target not found
[Package Manager] Failed to launch server process. Reason: Unity was launched with the -noUpm command-line argument
[Package Manager] Unable to send message (not connected to server process).
[Package Manager] Cannot connect to Unity Package Manager local server
Mono: successfully reloaded assembly
- Finished resetting the current domain, in  0.843 seconds
Domain Reload Profiling: 1866ms
	BeginReloadAssembly (293ms)
		ExecutionOrderSort (0ms)
		DisableScriptedObjects (8ms)
		BackupInstance (0ms)
		ReleaseScriptingObjects (0ms)
		CreateAndSetChildDomain (53ms)
	RebuildCommonClasses (56ms)
	RebuildNativeTypeToScriptingClass (18ms)
	initialDomainReloadingComplete (92ms)
	LoadAllAssembliesAndSetupDomain (563ms)
		LoadAssemblies (503ms)
		RebuildTransferFunctionScriptingTraits (0ms)
		AnalyzeDomain (225ms)
			TypeCache.Refresh (11ms)
				TypeCache.ScanAssembly (1ms)
			BuildScriptInfoCaches (199ms)
			ResolveRequiredComponents (9ms)
	FinalizeReload (843ms)
		ReleaseScriptCaches (0ms)
		RebuildScriptCaches (0ms)
		SetupLoadedEditorAssemblies (681ms)
			LogAssemblyErrors (0ms)
			InitializePlatformSupportModulesInManaged (18ms)
			SetLoadedEditorAssemblies (5ms)
			BeforeProcessingInitializeOnLoad (163ms)
			ProcessInitializeOnLoadAttributes (446ms)
			ProcessInitializeOnLoadMethodAttributes (36ms)
			AfterProcessingInitializeOnLoad (13ms)
			EditorAssembliesLoaded (0ms)
		ExecutionOrderSort2 (0ms)
		AwakeInstancesAfterBackupRestoration (17ms)
Refreshing native plugins compatible for Editor in 2.15 ms, found 3 plugins.
Preloading 0 native plugins for Editor in 0.00 ms.
Unloading 1 Unused Serialized files (Serialized files now loaded: 0)
Unloading 4150 unused Assets / (1.0 MB). Loaded Objects now: 4695.
Memory consumption went from 109.8 MB to 108.7 MB.
Total: 7.736200 ms (FindLiveObjects: 0.673800 ms CreateObjectMapping: 0.236500 ms MarkObjects: 5.483100 ms  DeleteObjects: 1.340800 ms)

Prepare: number of updated asset objects reloaded= 0
========================================================================
Received Prepare
ETC Legacy compression has been deprecated and will be removed in a future release. You can review compressors in "Project Settings > Editor > Texture Compressors".
Begin MonoManager ReloadAssembly
- Loaded All Assemblies, in  0.769 seconds
Refreshing native plugins compatible for Editor in 1.56 ms, found 3 plugins.
Native extension for iOS target not found
Native extension for Android target not found
Native extension for WindowsStandalone target not found
[Package Manager] Failed to launch server process. Reason: Unity was launched with the -noUpm command-line argument
[Package Manager] Unable to send message (not connected to server process).
[Package Manager] Cannot connect to Unity Package Manager local server
Mono: successfully reloaded assembly
- Finished resetting the current domain, in  0.744 seconds
Domain Reload Profiling: 1510ms
	BeginReloadAssembly (233ms)
		ExecutionOrderSort (0ms)
		DisableScriptedObjects (6ms)
		BackupInstance (0ms)
		ReleaseScriptingObjects (0ms)
		CreateAndSetChildDomain (45ms)
	RebuildCommonClasses (48ms)
	RebuildNativeTypeToScriptingClass (16ms)
	initialDomainReloadingComplete (37ms)
	LoadAllAssembliesAndSetupDomain (432ms)
		LoadAssemblies (389ms)
		RebuildTransferFunctionScriptingTraits (0ms)
		AnalyzeDomain (170ms)
			TypeCache.Refresh (7ms)
				TypeCache.ScanAssembly (0ms)
			BuildScriptInfoCaches (152ms)
			ResolveRequiredComponents (6ms)
	FinalizeReload (745ms)
		ReleaseScriptCaches (0ms)
		RebuildScriptCaches (0ms)
		SetupLoadedEditorAssemblies (611ms)
			LogAssemblyErrors (0ms)
			InitializePlatformSupportModulesInManaged (17ms)
			SetLoadedEditorAssemblies (4ms)
			BeforeProcessingInitializeOnLoad (153ms)
			ProcessInitializeOnLoadAttributes (388ms)
			ProcessInitializeOnLoadMethodAttributes (37ms)
			AfterProcessingInitializeOnLoad (11ms)
			EditorAssembliesLoaded (0ms)
		ExecutionOrderSort2 (0ms)
		AwakeInstancesAfterBackupRestoration (14ms)
Refreshing native plugins compatible for Editor in 1.95 ms, found 3 plugins.
Preloading 0 native plugins for Editor in 0.00 ms.
Unloading 1 Unused Serialized files (Serialized files now loaded: 0)
Unloading 4150 unused Assets / (0.9 MB). Loaded Objects now: 4695.
Memory consumption went from 110.1 MB to 109.2 MB.
Total: 7.234200 ms (FindLiveObjects: 0.691200 ms CreateObjectMapping: 0.203100 ms MarkObjects: 5.118300 ms  DeleteObjects: 1.220200 ms)

Prepare: number of updated asset objects reloaded= 0
========================================================================
Received Prepare
ETC Legacy compression has been deprecated and will be removed in a future release. You can review compressors in "Project Settings > Editor > Texture Compressors".
Refreshing native plugins compatible for Editor in 2.43 ms, found 3 plugins.
Preloading 0 native plugins for Editor in 0.00 ms.
Unloading 1 Unused Serialized files (Serialized files now loaded: 0)
Unloading 4143 unused Assets / (1.2 MB). Loaded Objects now: 4695.
Memory consumption went from 110.6 MB to 109.4 MB.
Total: 8.180200 ms (FindLiveObjects: 0.643100 ms CreateObjectMapping: 0.234500 ms MarkObjects: 5.529100 ms  DeleteObjects: 1.771500 ms)

Prepare: number of updated asset objects reloaded= 0
========================================================================
Received Prepare
ETC Legacy compression has been deprecated and will be removed in a future release. You can review compressors in "Project Settings > Editor > Texture Compressors".
Begin MonoManager ReloadAssembly
[Licensing::Client] Successfully resolved entitlement details
- Loaded All Assemblies, in  1.046 seconds
Refreshing native plugins compatible for Editor in 2.06 ms, found 3 plugins.
Native extension for iOS target not found
Native extension for Android target not found
Native extension for WindowsStandalone target not found
[Package Manager] Failed to launch server process. Reason: Unity was launched with the -noUpm command-line argument
[Package Manager] Unable to send message (not connected to server process).
[Package Manager] Cannot connect to Unity Package Manager local server
Mono: successfully reloaded assembly
- Finished resetting the current domain, in  0.859 seconds
Domain Reload Profiling: 1902ms
	BeginReloadAssembly (286ms)
		ExecutionOrderSort (0ms)
		DisableScriptedObjects (8ms)
		BackupInstance (0ms)
		ReleaseScriptingObjects (0ms)
		CreateAndSetChildDomain (51ms)
	RebuildCommonClasses (62ms)
	RebuildNativeTypeToScriptingClass (20ms)
	initialDomainReloadingComplete (47ms)
	LoadAllAssembliesAndSetupDomain (627ms)
		LoadAssemblies (517ms)
		RebuildTransferFunctionScriptingTraits (0ms)
		AnalyzeDomain (268ms)
			TypeCache.Refresh (12ms)
				TypeCache.ScanAssembly (1ms)
			BuildScriptInfoCaches (241ms)
			ResolveRequiredComponents (9ms)
	FinalizeReload (860ms)
		ReleaseScriptCaches (0ms)
		RebuildScriptCaches (0ms)
		SetupLoadedEditorAssemblies (685ms)
			LogAssemblyErrors (0ms)
			InitializePlatformSupportModulesInManaged (19ms)
			SetLoadedEditorAssemblies (4ms)
			BeforeProcessingInitializeOnLoad (159ms)
			ProcessInitializeOnLoadAttributes (448ms)
			ProcessInitializeOnLoadMethodAttributes (41ms)
			AfterProcessingInitializeOnLoad (15ms)
			EditorAssembliesLoaded (0ms)
		ExecutionOrderSort2 (0ms)
		AwakeInstancesAfterBackupRestoration (17ms)
Refreshing native plugins compatible for Editor in 2.52 ms, found 3 plugins.
Preloading 0 native plugins for Editor in 0.00 ms.
Unloading 1 Unused Serialized files (Serialized files now loaded: 0)
Unloading 4150 unused Assets / (0.9 MB). Loaded Objects now: 4695.
Memory consumption went from 110.8 MB to 109.8 MB.
Total: 6.539500 ms (FindLiveObjects: 0.633500 ms CreateObjectMapping: 0.211600 ms MarkObjects: 4.540500 ms  DeleteObjects: 1.152600 ms)

Prepare: number of updated asset objects reloaded= 0
========================================================================
Received Import Request.
  Time since last request: 1252.561157 seconds.
  path: Assets/craftpix-895410-free-jungle-cartoon-2d-game-ui/PNG/you_lose/header.png
  artifactKey: Guid(762a2535a10464747a49bc6dd9d76d93) Importer(815301076,1909f56bfc062723c751e8b465ee728b)
Start importing Assets/craftpix-895410-free-jungle-cartoon-2d-game-ui/PNG/you_lose/header.png using Guid(762a2535a10464747a49bc6dd9d76d93) Importer(815301076,1909f56bfc062723c751e8b465ee728b) (PreviewImporter)[Licensing::Client] Successfully resolved entitlement details
[Licensing::Client] Successfully resolved entitlement details
 -> (artifact id: '79f0eb58738304f6b9dc1f8ac8608ec9') in 0.1259288 seconds
Number of updated asset objects reloaded before import = 0Number of asset objects unloaded after import = 2

========================================================================
Received Import Request.
  Time since last request: 1.242744 seconds.
  path: Assets/craftpix-895410-free-jungle-cartoon-2d-game-ui/PNG/shop/2.png
  artifactKey: Guid(6a71046fdf0f11c40a3ace71b43d5934) Importer(815301076,1909f56bfc062723c751e8b465ee728b)
Start importing Assets/craftpix-895410-free-jungle-cartoon-2d-game-ui/PNG/shop/2.png using Guid(6a71046fdf0f11c40a3ace71b43d5934) Importer(815301076,1909f56bfc062723c751e8b465ee728b) (PreviewImporter) -> (artifact id: '2516b51ae68d201b9cc6d23e986eac81') in 0.0178159 seconds
Number of updated asset objects reloaded before import = 0Number of asset objects unloaded after import = 2

========================================================================
Received Import Request.
  Time since last request: 0.000041 seconds.
  path: Assets/craftpix-895410-free-jungle-cartoon-2d-game-ui/PNG/shop/bg.png
  artifactKey: Guid(db33036cabd2e4e41977e2778769187d) Importer(815301076,1909f56bfc062723c751e8b465ee728b)
Start importing Assets/craftpix-895410-free-jungle-cartoon-2d-game-ui/PNG/shop/bg.png using Guid(db33036cabd2e4e41977e2778769187d) Importer(815301076,1909f56bfc062723c751e8b465ee728b) (PreviewImporter) -> (artifact id: '5e3629ae2b8e63ac018c709d22e46348') in 0.0215291 seconds
Number of updated asset objects reloaded before import = 0Number of asset objects unloaded after import = 2

========================================================================
Received Import Request.
  Time since last request: 0.000032 seconds.
  path: Assets/craftpix-895410-free-jungle-cartoon-2d-game-ui/PNG/shop/table.png
  artifactKey: Guid(0266d01c6280ccd43bdc7570b5573035) Importer(815301076,1909f56bfc062723c751e8b465ee728b)
Start importing Assets/craftpix-895410-free-jungle-cartoon-2d-game-ui/PNG/shop/table.png using Guid(0266d01c6280ccd43bdc7570b5573035) Importer(815301076,1909f56bfc062723c751e8b465ee728b) (PreviewImporter) -> (artifact id: '2a422e32ab0eb9bf6871cc6cbb076159') in 0.0197102 seconds
Number of updated asset objects reloaded before import = 0Number of asset objects unloaded after import = 2

========================================================================
Received Import Request.
  Time since last request: 0.000030 seconds.
  path: Assets/craftpix-895410-free-jungle-cartoon-2d-game-ui/PNG/shop/btn.png
  artifactKey: Guid(563869d9d51f34740bb81deb17a07a02) Importer(815301076,1909f56bfc062723c751e8b465ee728b)
Start importing Assets/craftpix-895410-free-jungle-cartoon-2d-game-ui/PNG/shop/btn.png using Guid(563869d9d51f34740bb81deb17a07a02) Importer(815301076,1909f56bfc062723c751e8b465ee728b) (PreviewImporter) -> (artifact id: '8462a6d7092da4ac7326a5c2cc6e1eb7') in 0.0184914 seconds
Number of updated asset objects reloaded before import = 0Number of asset objects unloaded after import = 2

========================================================================
Received Import Request.
  Time since last request: 0.000027 seconds.
  path: Assets/craftpix-895410-free-jungle-cartoon-2d-game-ui/PNG/shop/ico2.png
  artifactKey: Guid(969a98076c860e744994177d99f88b3b) Importer(815301076,1909f56bfc062723c751e8b465ee728b)
Start importing Assets/craftpix-895410-free-jungle-cartoon-2d-game-ui/PNG/shop/ico2.png using Guid(969a98076c860e744994177d99f88b3b) Importer(815301076,1909f56bfc062723c751e8b465ee728b) (PreviewImporter) -> (artifact id: '0807fdb4530811daf7a292de00493bd6') in 0.0185869 seconds
Number of updated asset objects reloaded before import = 0Number of asset objects unloaded after import = 2

========================================================================
Received Import Request.
  Time since last request: 0.405842 seconds.
  path: Assets/craftpix-895410-free-jungle-cartoon-2d-game-ui/PNG/rating/btn.png
  artifactKey: Guid(1df038dc9425be04a9334e807fa27ee3) Importer(815301076,1909f56bfc062723c751e8b465ee728b)
Start importing Assets/craftpix-895410-free-jungle-cartoon-2d-game-ui/PNG/rating/btn.png using Guid(1df038dc9425be04a9334e807fa27ee3) Importer(815301076,1909f56bfc062723c751e8b465ee728b) (PreviewImporter) -> (artifact id: 'dc17cf9446ce16fe63f656652e66f158') in 0.0179924 seconds
Number of updated asset objects reloaded before import = 0Number of asset objects unloaded after import = 2

========================================================================
Received Import Request.
  Time since last request: 0.000028 seconds.
  path: Assets/craftpix-895410-free-jungle-cartoon-2d-game-ui/PNG/rating/header.png
  artifactKey: Guid(0b3f156d4426ead46a1b2801384330e4) Importer(815301076,1909f56bfc062723c751e8b465ee728b)
Start importing Assets/craftpix-895410-free-jungle-cartoon-2d-game-ui/PNG/rating/header.png using Guid(0b3f156d4426ead46a1b2801384330e4) Importer(815301076,1909f56bfc062723c751e8b465ee728b) (PreviewImporter) -> (artifact id: 'd32e70499692d2f907c4b4ebb8b09731') in 0.0178523 seconds
Number of updated asset objects reloaded before import = 0Number of asset objects unloaded after import = 2

========================================================================
Received Import Request.
  Time since last request: 0.000025 seconds.
  path: Assets/craftpix-895410-free-jungle-cartoon-2d-game-ui/PNG/rating/dot.png
  artifactKey: Guid(ed28236839131a344b243f2cd2a2b8cf) Importer(815301076,1909f56bfc062723c751e8b465ee728b)
Start importing Assets/craftpix-895410-free-jungle-cartoon-2d-game-ui/PNG/rating/dot.png using Guid(ed28236839131a344b243f2cd2a2b8cf) Importer(815301076,1909f56bfc062723c751e8b465ee728b) (PreviewImporter) -> (artifact id: '11a8817f03ad7600ac545297efa5f59f') in 0.0199953 seconds
Number of updated asset objects reloaded before import = 0Number of asset objects unloaded after import = 2

========================================================================
Received Import Request.
  Time since last request: 0.000029 seconds.
  path: Assets/craftpix-895410-free-jungle-cartoon-2d-game-ui/PNG/rating/scroll.png
  artifactKey: Guid(cdff122b3b7d06d49adcafe2db972784) Importer(815301076,1909f56bfc062723c751e8b465ee728b)
Start importing Assets/craftpix-895410-free-jungle-cartoon-2d-game-ui/PNG/rating/scroll.png using Guid(cdff122b3b7d06d49adcafe2db972784) Importer(815301076,1909f56bfc062723c751e8b465ee728b) (PreviewImporter) -> (artifact id: 'bb7136838aca9104dd8fa661ecc16971') in 0.0178345 seconds
Number of updated asset objects reloaded before import = 0Number of asset objects unloaded after import = 2

========================================================================
Received Import Request.
  Time since last request: 0.800409 seconds.
  path: Assets/craftpix-895410-free-jungle-cartoon-2d-game-ui/PNG/menu/bg.png
  artifactKey: Guid(3b48e1bde17d1e04d84760c3d57ecc97) Importer(815301076,1909f56bfc062723c751e8b465ee728b)
Start importing Assets/craftpix-895410-free-jungle-cartoon-2d-game-ui/PNG/menu/bg.png using Guid(3b48e1bde17d1e04d84760c3d57ecc97) Importer(815301076,1909f56bfc062723c751e8b465ee728b) (PreviewImporter) -> (artifact id: '041395badbe728b6d49e9370d70485ba') in 0.021097 seconds
Number of updated asset objects reloaded before import = 0Number of asset objects unloaded after import = 2

========================================================================
Received Import Request.
  Time since last request: 0.000028 seconds.
  path: Assets/craftpix-895410-free-jungle-cartoon-2d-game-ui/PNG/menu/play.png
  artifactKey: Guid(2f90b05900b52844baa752fef0dbc94b) Importer(815301076,1909f56bfc062723c751e8b465ee728b)
Start importing Assets/craftpix-895410-free-jungle-cartoon-2d-game-ui/PNG/menu/play.png using Guid(2f90b05900b52844baa752fef0dbc94b) Importer(815301076,1909f56bfc062723c751e8b465ee728b) (PreviewImporter) -> (artifact id: 'b2cbc61cf0365795a0882b628c8ef1e4') in 0.0191582 seconds
Number of updated asset objects reloaded before import = 0Number of asset objects unloaded after import = 2

========================================================================
Received Import Request.
  Time since last request: 0.000032 seconds.
  path: Assets/craftpix-895410-free-jungle-cartoon-2d-game-ui/PNG/menu/leader.png
  artifactKey: Guid(a17f71e791422864dbbeaf9c30cde071) Importer(815301076,1909f56bfc062723c751e8b465ee728b)
Start importing Assets/craftpix-895410-free-jungle-cartoon-2d-game-ui/PNG/menu/leader.png using Guid(a17f71e791422864dbbeaf9c30cde071) Importer(815301076,1909f56bfc062723c751e8b465ee728b) (PreviewImporter) -> (artifact id: 'bcfcce0b9d3ce8a1dd9467960e9b6ac2') in 0.017367 seconds
Number of updated asset objects reloaded before import = 0Number of asset objects unloaded after import = 2

========================================================================
Received Import Request.
  Time since last request: 1.704982 seconds.
  path: Assets/craftpix-895410-free-jungle-cartoon-2d-game-ui/PNG/load_bar/2.png
  artifactKey: Guid(de5b5b542e30658489710cb549d20775) Importer(815301076,1909f56bfc062723c751e8b465ee728b)
Start importing Assets/craftpix-895410-free-jungle-cartoon-2d-game-ui/PNG/load_bar/2.png using Guid(de5b5b542e30658489710cb549d20775) Importer(815301076,1909f56bfc062723c751e8b465ee728b) (PreviewImporter) -> (artifact id: '274f82dd08791cd1a2f0a8619cd7840c') in 0.0150071 seconds
Number of updated asset objects reloaded before import = 0Number of asset objects unloaded after import = 2

========================================================================
Received Import Request.
  Time since last request: 0.000026 seconds.
  path: Assets/craftpix-895410-free-jungle-cartoon-2d-game-ui/PNG/load_bar/3.png
  artifactKey: Guid(ec976d1463704ad4dbff1e86c4abd209) Importer(815301076,1909f56bfc062723c751e8b465ee728b)
Start importing Assets/craftpix-895410-free-jungle-cartoon-2d-game-ui/PNG/load_bar/3.png using Guid(ec976d1463704ad4dbff1e86c4abd209) Importer(815301076,1909f56bfc062723c751e8b465ee728b) (PreviewImporter) -> (artifact id: '65104c9810da74d7a31e0fcdc0e0a019') in 0.0170621 seconds
Number of updated asset objects reloaded before import = 0Number of asset objects unloaded after import = 2

========================================================================
Received Import Request.
  Time since last request: 1.149953 seconds.
  path: Assets/craftpix-895410-free-jungle-cartoon-2d-game-ui/PNG/level_select/dot_a.png
  artifactKey: Guid(1c32dc7af3e39ad4fb71d36c72742f1d) Importer(815301076,1909f56bfc062723c751e8b465ee728b)
Start importing Assets/craftpix-895410-free-jungle-cartoon-2d-game-ui/PNG/level_select/dot_a.png using Guid(1c32dc7af3e39ad4fb71d36c72742f1d) Importer(815301076,1909f56bfc062723c751e8b465ee728b) (PreviewImporter) -> (artifact id: '6c6573795550f7a1ebf1de5f95dac88f') in 0.0181182 seconds
Number of updated asset objects reloaded before import = 0Number of asset objects unloaded after import = 2

========================================================================
Received Import Request.
  Time since last request: 0.000030 seconds.
  path: Assets/craftpix-895410-free-jungle-cartoon-2d-game-ui/PNG/level_select/table2.png
  artifactKey: Guid(551637a2f82459f4cace9856df60825d) Importer(815301076,1909f56bfc062723c751e8b465ee728b)
Start importing Assets/craftpix-895410-free-jungle-cartoon-2d-game-ui/PNG/level_select/table2.png using Guid(551637a2f82459f4cace9856df60825d) Importer(815301076,1909f56bfc062723c751e8b465ee728b) (PreviewImporter) -> (artifact id: '84f0c3227a5be38c4a980c04483ef53c') in 0.0177559 seconds
Number of updated asset objects reloaded before import = 0Number of asset objects unloaded after import = 2

========================================================================
Received Import Request.
  Time since last request: 0.000025 seconds.
  path: Assets/craftpix-895410-free-jungle-cartoon-2d-game-ui/PNG/level_select/star_2.png
  artifactKey: Guid(296f6c534e2e656499ae5cf27ba2f5d0) Importer(815301076,1909f56bfc062723c751e8b465ee728b)
Start importing Assets/craftpix-895410-free-jungle-cartoon-2d-game-ui/PNG/level_select/star_2.png using Guid(296f6c534e2e656499ae5cf27ba2f5d0) Importer(815301076,1909f56bfc062723c751e8b465ee728b) (PreviewImporter) -> (artifact id: 'edae5c7c287b875e728b83da2743cef9') in 0.0151703 seconds
Number of updated asset objects reloaded before import = 0Number of asset objects unloaded after import = 2

========================================================================
Received Import Request.
  Time since last request: 0.000029 seconds.
  path: Assets/craftpix-895410-free-jungle-cartoon-2d-game-ui/PNG/level_select/star_3.png
  artifactKey: Guid(959a3178ccef23948ac0e41837a64957) Importer(815301076,1909f56bfc062723c751e8b465ee728b)
Start importing Assets/craftpix-895410-free-jungle-cartoon-2d-game-ui/PNG/level_select/star_3.png using Guid(959a3178ccef23948ac0e41837a64957) Importer(815301076,1909f56bfc062723c751e8b465ee728b) (PreviewImporter) -> (artifact id: '5fe65d317d788a5d64d826697145bbaf') in 0.0164071 seconds
Number of updated asset objects reloaded before import = 0Number of asset objects unloaded after import = 2

========================================================================
Received Import Request.
  Time since last request: 0.000036 seconds.
  path: Assets/craftpix-895410-free-jungle-cartoon-2d-game-ui/PNG/level_select/dot_d.png
  artifactKey: Guid(a8527ec6077d0834694f123c4975b7e6) Importer(815301076,1909f56bfc062723c751e8b465ee728b)
Start importing Assets/craftpix-895410-free-jungle-cartoon-2d-game-ui/PNG/level_select/dot_d.png using Guid(a8527ec6077d0834694f123c4975b7e6) Importer(815301076,1909f56bfc062723c751e8b465ee728b) (PreviewImporter) -> (artifact id: '2789a868c96250cc2870c2b664e426c9') in 0.0179227 seconds
Number of updated asset objects reloaded before import = 0Number of asset objects unloaded after import = 2

========================================================================
Received Import Request.
  Time since last request: 0.000031 seconds.
  path: Assets/craftpix-895410-free-jungle-cartoon-2d-game-ui/PNG/level_select/star_4.png
  artifactKey: Guid(ce2c2d5884b6eb849a898e608966d517) Importer(815301076,1909f56bfc062723c751e8b465ee728b)
Start importing Assets/craftpix-895410-free-jungle-cartoon-2d-game-ui/PNG/level_select/star_4.png using Guid(ce2c2d5884b6eb849a898e608966d517) Importer(815301076,1909f56bfc062723c751e8b465ee728b) (PreviewImporter) -> (artifact id: '4007f6f1facc820513a3c3069fc33ce1') in 0.0153118 seconds
Number of updated asset objects reloaded before import = 0Number of asset objects unloaded after import = 2

========================================================================
Received Import Request.
  Time since last request: 0.699232 seconds.
  path: Assets/craftpix-895410-free-jungle-cartoon-2d-game-ui/PNG/clouds/3.png
  artifactKey: Guid(139973c9215b81942974d378aa96419f) Importer(815301076,1909f56bfc062723c751e8b465ee728b)
Start importing Assets/craftpix-895410-free-jungle-cartoon-2d-game-ui/PNG/clouds/3.png using Guid(139973c9215b81942974d378aa96419f) Importer(815301076,1909f56bfc062723c751e8b465ee728b) (PreviewImporter) -> (artifact id: '49c2ffc7400d1a61f66dd0f09aefea96') in 0.0192302 seconds
Number of updated asset objects reloaded before import = 0Number of asset objects unloaded after import = 2

========================================================================
Received Import Request.
  Time since last request: 0.000030 seconds.
  path: Assets/craftpix-895410-free-jungle-cartoon-2d-game-ui/PNG/clouds/4.png
  artifactKey: Guid(b20b14b57b0f6014483136f0c5836b8b) Importer(815301076,1909f56bfc062723c751e8b465ee728b)
Start importing Assets/craftpix-895410-free-jungle-cartoon-2d-game-ui/PNG/clouds/4.png using Guid(b20b14b57b0f6014483136f0c5836b8b) Importer(815301076,1909f56bfc062723c751e8b465ee728b) (PreviewImporter) -> (artifact id: '7292b4425a31ecb497cd3302c59c480e') in 0.0154622 seconds
Number of updated asset objects reloaded before import = 0Number of asset objects unloaded after import = 2

========================================================================
Received Import Request.
  Time since last request: 1.033246 seconds.
  path: Assets/craftpix-895410-free-jungle-cartoon-2d-game-ui/PNG/bubble/2.png
  artifactKey: Guid(146301f0b740e3442a8e363b2d331535) Importer(815301076,1909f56bfc062723c751e8b465ee728b)
Start importing Assets/craftpix-895410-free-jungle-cartoon-2d-game-ui/PNG/bubble/2.png using Guid(146301f0b740e3442a8e363b2d331535) Importer(815301076,1909f56bfc062723c751e8b465ee728b) (PreviewImporter) -> (artifact id: '00a757259aa77f2a8659b49e9d596037') in 0.0189315 seconds
Number of updated asset objects reloaded before import = 0Number of asset objects unloaded after import = 2

========================================================================
Received Import Request.
  Time since last request: 0.000029 seconds.
  path: Assets/craftpix-895410-free-jungle-cartoon-2d-game-ui/PNG/bubble/level.png
  artifactKey: Guid(732b50d2b445b134788fae78c5bcfe3d) Importer(815301076,1909f56bfc062723c751e8b465ee728b)
Start importing Assets/craftpix-895410-free-jungle-cartoon-2d-game-ui/PNG/bubble/level.png using Guid(732b50d2b445b134788fae78c5bcfe3d) Importer(815301076,1909f56bfc062723c751e8b465ee728b) (PreviewImporter) -> (artifact id: 'a6bea755752151ca15899f8bec5eff3f') in 0.0177357 seconds
Number of updated asset objects reloaded before import = 0Number of asset objects unloaded after import = 2

========================================================================
Received Import Request.
  Time since last request: 0.000025 seconds.
  path: Assets/craftpix-895410-free-jungle-cartoon-2d-game-ui/PNG/bubble/7.png
  artifactKey: Guid(89ee903dc80cccc418b6da4843a71f31) Importer(815301076,1909f56bfc062723c751e8b465ee728b)
Start importing Assets/craftpix-895410-free-jungle-cartoon-2d-game-ui/PNG/bubble/7.png using Guid(89ee903dc80cccc418b6da4843a71f31) Importer(815301076,1909f56bfc062723c751e8b465ee728b) (PreviewImporter) -> (artifact id: '8d0990667986051d945ce915156e8413') in 0.0178242 seconds
Number of updated asset objects reloaded before import = 0Number of asset objects unloaded after import = 2

========================================================================
Received Import Request.
  Time since last request: 0.000027 seconds.
  path: Assets/craftpix-895410-free-jungle-cartoon-2d-game-ui/PNG/bubble/star_3.png
  artifactKey: Guid(3e3d56177b92cf24cb25751b64fc0fc0) Importer(815301076,1909f56bfc062723c751e8b465ee728b)
Start importing Assets/craftpix-895410-free-jungle-cartoon-2d-game-ui/PNG/bubble/star_3.png using Guid(3e3d56177b92cf24cb25751b64fc0fc0) Importer(815301076,1909f56bfc062723c751e8b465ee728b) (PreviewImporter) -> (artifact id: '06f6d6005ab7ddbb8393ba240f2b97df') in 0.019074 seconds
Number of updated asset objects reloaded before import = 0Number of asset objects unloaded after import = 2

========================================================================
Received Import Request.
  Time since last request: 0.000024 seconds.
  path: Assets/craftpix-895410-free-jungle-cartoon-2d-game-ui/PNG/bubble/up.png
  artifactKey: Guid(7f9d4c583d5300948b4d851b0f0517c8) Importer(815301076,1909f56bfc062723c751e8b465ee728b)
Start importing Assets/craftpix-895410-free-jungle-cartoon-2d-game-ui/PNG/bubble/up.png using Guid(7f9d4c583d5300948b4d851b0f0517c8) Importer(815301076,1909f56bfc062723c751e8b465ee728b) (PreviewImporter) -> (artifact id: '451c317dcf3f69b9e7aef7e712424308') in 0.0185714 seconds
Number of updated asset objects reloaded before import = 0Number of asset objects unloaded after import = 2

========================================================================
Received Import Request.
  Time since last request: 0.000024 seconds.
  path: Assets/craftpix-895410-free-jungle-cartoon-2d-game-ui/PNG/bubble/star_1.png
  artifactKey: Guid(fa88df89b47901a4187f22d9cf4a25c8) Importer(815301076,1909f56bfc062723c751e8b465ee728b)
Start importing Assets/craftpix-895410-free-jungle-cartoon-2d-game-ui/PNG/bubble/star_1.png using Guid(fa88df89b47901a4187f22d9cf4a25c8) Importer(815301076,1909f56bfc062723c751e8b465ee728b) (PreviewImporter) -> (artifact id: '7e2fee3d71f97803a53dbbebde989bd8') in 0.0158439 seconds
Number of updated asset objects reloaded before import = 0Number of asset objects unloaded after import = 2

========================================================================
Received Import Request.
  Time since last request: 0.000024 seconds.
  path: Assets/craftpix-895410-free-jungle-cartoon-2d-game-ui/PNG/bubble/9.png
  artifactKey: Guid(02f8ae0b96e60a74d89fc9ad6470f004) Importer(815301076,1909f56bfc062723c751e8b465ee728b)
Start importing Assets/craftpix-895410-free-jungle-cartoon-2d-game-ui/PNG/bubble/9.png using Guid(02f8ae0b96e60a74d89fc9ad6470f004) Importer(815301076,1909f56bfc062723c751e8b465ee728b) (PreviewImporter) -> (artifact id: '3af4583d4dac5820765e5ee30180ff53') in 0.0166815 seconds
Number of updated asset objects reloaded before import = 0Number of asset objects unloaded after import = 2

========================================================================
Received Import Request.
  Time since last request: 0.000056 seconds.
  path: Assets/craftpix-895410-free-jungle-cartoon-2d-game-ui/PNG/bubble/pause.png
  artifactKey: Guid(1835d43ca2d8dc543af3f57e3a31607a) Importer(815301076,1909f56bfc062723c751e8b465ee728b)
Start importing Assets/craftpix-895410-free-jungle-cartoon-2d-game-ui/PNG/bubble/pause.png using Guid(1835d43ca2d8dc543af3f57e3a31607a) Importer(815301076,1909f56bfc062723c751e8b465ee728b) (PreviewImporter) -> (artifact id: 'dbdd453f83aff7e574826b69c23b27c2') in 0.0183751 seconds
Number of updated asset objects reloaded before import = 0Number of asset objects unloaded after import = 2

========================================================================
Received Import Request.
  Time since last request: 0.532610 seconds.
  path: Assets/craftpix-895410-free-jungle-cartoon-2d-game-ui/PNG/btn/close.png
  artifactKey: Guid(2d55542987f42a44d82c400b453de482) Importer(815301076,1909f56bfc062723c751e8b465ee728b)
Start importing Assets/craftpix-895410-free-jungle-cartoon-2d-game-ui/PNG/btn/close.png using Guid(2d55542987f42a44d82c400b453de482) Importer(815301076,1909f56bfc062723c751e8b465ee728b) (PreviewImporter) -> (artifact id: '3cca4bedaace639720dfc0a604d1a161') in 0.0165197 seconds
Number of updated asset objects reloaded before import = 0Number of asset objects unloaded after import = 2

========================================================================
Received Import Request.
  Time since last request: 0.000024 seconds.
  path: Assets/craftpix-895410-free-jungle-cartoon-2d-game-ui/PNG/btn/settings.png
  artifactKey: Guid(979588c360ae04d40814bdaa257343df) Importer(815301076,1909f56bfc062723c751e8b465ee728b)
Start importing Assets/craftpix-895410-free-jungle-cartoon-2d-game-ui/PNG/btn/settings.png using Guid(979588c360ae04d40814bdaa257343df) Importer(815301076,1909f56bfc062723c751e8b465ee728b) (PreviewImporter) -> (artifact id: '36d80de4446fa58e924d194df3d7447f') in 0.0182624 seconds
Number of updated asset objects reloaded before import = 0Number of asset objects unloaded after import = 2

========================================================================
Received Import Request.
  Time since last request: 0.000036 seconds.
  path: Assets/craftpix-895410-free-jungle-cartoon-2d-game-ui/PNG/btn/upgrade.png
  artifactKey: Guid(918f3da82b29d3348b4721e700083a54) Importer(815301076,1909f56bfc062723c751e8b465ee728b)
Start importing Assets/craftpix-895410-free-jungle-cartoon-2d-game-ui/PNG/btn/upgrade.png using Guid(918f3da82b29d3348b4721e700083a54) Importer(815301076,1909f56bfc062723c751e8b465ee728b) (PreviewImporter) -> (artifact id: '6f342c247ad3bcdafdcade066f7fe16d') in 0.0194083 seconds
Number of updated asset objects reloaded before import = 0Number of asset objects unloaded after import = 2

========================================================================
Received Import Request.
  Time since last request: 0.000021 seconds.
  path: Assets/craftpix-895410-free-jungle-cartoon-2d-game-ui/PNG/btn/prize.png
  artifactKey: Guid(ce4035583b165e44ab729cb56c8da3b5) Importer(815301076,1909f56bfc062723c751e8b465ee728b)
Start importing Assets/craftpix-895410-free-jungle-cartoon-2d-game-ui/PNG/btn/prize.png using Guid(ce4035583b165e44ab729cb56c8da3b5) Importer(815301076,1909f56bfc062723c751e8b465ee728b) (PreviewImporter) -> (artifact id: 'c83f77028c727a99575f22e5fd5671a4') in 0.0158142 seconds
Number of updated asset objects reloaded before import = 0Number of asset objects unloaded after import = 2

========================================================================
Received Import Request.
  Time since last request: 0.000026 seconds.
  path: Assets/craftpix-895410-free-jungle-cartoon-2d-game-ui/PNG/btn/misic.png
  artifactKey: Guid(aaa363bf67feb774dbc1364fbbce9d9e) Importer(815301076,1909f56bfc062723c751e8b465ee728b)
Start importing Assets/craftpix-895410-free-jungle-cartoon-2d-game-ui/PNG/btn/misic.png using Guid(aaa363bf67feb774dbc1364fbbce9d9e) Importer(815301076,1909f56bfc062723c751e8b465ee728b) (PreviewImporter) -> (artifact id: '4b1516b5023e15e0b58b078c6c150bbb') in 0.0186677 seconds
Number of updated asset objects reloaded before import = 0Number of asset objects unloaded after import = 2

========================================================================
Received Import Request.
  Time since last request: 0.000027 seconds.
  path: Assets/craftpix-895410-free-jungle-cartoon-2d-game-ui/PNG/btn/faq.png
  artifactKey: Guid(1e16b6c7b7821c24cb9d745c39a569ab) Importer(815301076,1909f56bfc062723c751e8b465ee728b)
Start importing Assets/craftpix-895410-free-jungle-cartoon-2d-game-ui/PNG/btn/faq.png using Guid(1e16b6c7b7821c24cb9d745c39a569ab) Importer(815301076,1909f56bfc062723c751e8b465ee728b) (PreviewImporter) -> (artifact id: '5bc68e409f3763fd77b3069525e86850') in 0.0160048 seconds
Number of updated asset objects reloaded before import = 0Number of asset objects unloaded after import = 2

========================================================================
Received Import Request.
  Time since last request: 0.000032 seconds.
  path: Assets/craftpix-895410-free-jungle-cartoon-2d-game-ui/PNG/btn/sound_off.png
  artifactKey: Guid(620a29d1051a53e4f9db5a30e7ee4ddb) Importer(815301076,1909f56bfc062723c751e8b465ee728b)
Start importing Assets/craftpix-895410-free-jungle-cartoon-2d-game-ui/PNG/btn/sound_off.png using Guid(620a29d1051a53e4f9db5a30e7ee4ddb) Importer(815301076,1909f56bfc062723c751e8b465ee728b) (PreviewImporter) -> (artifact id: '747b454f39db7e1ac9e8b763c1e772d3') in 0.0176163 seconds
Number of updated asset objects reloaded before import = 0Number of asset objects unloaded after import = 2

========================================================================
Received Import Request.
  Time since last request: 1.304914 seconds.
  path: Assets/craftpix-895410-free-jungle-cartoon-2d-game-ui/PNG/you_win/star_1.png
  artifactKey: Guid(7f410402ca383794dbd9c957c5f81383) Importer(815301076,1909f56bfc062723c751e8b465ee728b)
Start importing Assets/craftpix-895410-free-jungle-cartoon-2d-game-ui/PNG/you_win/star_1.png using Guid(7f410402ca383794dbd9c957c5f81383) Importer(815301076,1909f56bfc062723c751e8b465ee728b) (PreviewImporter) -> (artifact id: '1d3fcb5f62ae50cde62cb52361909c5d') in 0.0185888 seconds
Number of updated asset objects reloaded before import = 0Number of asset objects unloaded after import = 2

========================================================================
Received Import Request.
  Time since last request: 0.000029 seconds.
  path: Assets/craftpix-895410-free-jungle-cartoon-2d-game-ui/PNG/you_win/table.png
  artifactKey: Guid(a77dc68be79e3d84b9aaef3f54cd8613) Importer(815301076,1909f56bfc062723c751e8b465ee728b)
Start importing Assets/craftpix-895410-free-jungle-cartoon-2d-game-ui/PNG/you_win/table.png using Guid(a77dc68be79e3d84b9aaef3f54cd8613) Importer(815301076,1909f56bfc062723c751e8b465ee728b) (PreviewImporter) -> (artifact id: 'e6d70d3b9ffe81ea36e506ec5e7b2caa') in 0.0097024 seconds
Number of updated asset objects reloaded before import = 0Number of asset objects unloaded after import = 2

========================================================================
Received Import Request.
  Time since last request: 0.000029 seconds.
  path: Assets/craftpix-895410-free-jungle-cartoon-2d-game-ui/PNG/you_win/star_4.png
  artifactKey: Guid(03627ec88d00dfe4ea029cb598bba78b) Importer(815301076,1909f56bfc062723c751e8b465ee728b)
Start importing Assets/craftpix-895410-free-jungle-cartoon-2d-game-ui/PNG/you_win/star_4.png using Guid(03627ec88d00dfe4ea029cb598bba78b) Importer(815301076,1909f56bfc062723c751e8b465ee728b) (PreviewImporter) -> (artifact id: '2166faac49d90810cf7407d768d08e75') in 0.0092032 seconds
Number of updated asset objects reloaded before import = 0Number of asset objects unloaded after import = 2

========================================================================
Received Import Request.
  Time since last request: 5.565963 seconds.
  path: Assets/craftpix-895410-free-jungle-cartoon-2d-game-ui/PNG/match3/load.png
  artifactKey: Guid(c3a22bc0183b80945aa23880db0ae6ea) Importer(815301076,1909f56bfc062723c751e8b465ee728b)
Start importing Assets/craftpix-895410-free-jungle-cartoon-2d-game-ui/PNG/match3/load.png using Guid(c3a22bc0183b80945aa23880db0ae6ea) Importer(815301076,1909f56bfc062723c751e8b465ee728b) (PreviewImporter) -> (artifact id: 'ccb52bb13804d7e5b75fef47b0becd0c') in 0.0208327 seconds
Number of updated asset objects reloaded before import = 0Number of asset objects unloaded after import = 2

========================================================================
Received Import Request.
  Time since last request: 0.000022 seconds.
  path: Assets/craftpix-895410-free-jungle-cartoon-2d-game-ui/PNG/match3/star_2.png
  artifactKey: Guid(974abaa7e5cec1840983a512b5f6fbaa) Importer(815301076,1909f56bfc062723c751e8b465ee728b)
Start importing Assets/craftpix-895410-free-jungle-cartoon-2d-game-ui/PNG/match3/star_2.png using Guid(974abaa7e5cec1840983a512b5f6fbaa) Importer(815301076,1909f56bfc062723c751e8b465ee728b) (PreviewImporter) -> (artifact id: '7fe795adb0d4ea0c798b1873e8adac2c') in 0.017762 seconds
Number of updated asset objects reloaded before import = 0Number of asset objects unloaded after import = 2

========================================================================
Received Import Request.
  Time since last request: 0.000020 seconds.
  path: Assets/craftpix-895410-free-jungle-cartoon-2d-game-ui/PNG/match3/moves.png
  artifactKey: Guid(e53e81f765e740c439166818d6134746) Importer(815301076,1909f56bfc062723c751e8b465ee728b)
Start importing Assets/craftpix-895410-free-jungle-cartoon-2d-game-ui/PNG/match3/moves.png using Guid(e53e81f765e740c439166818d6134746) Importer(815301076,1909f56bfc062723c751e8b465ee728b) (PreviewImporter) -> (artifact id: '39ef8969cab24c30eaa928e69bb74828') in 0.0159474 seconds
Number of updated asset objects reloaded before import = 0Number of asset objects unloaded after import = 2

========================================================================
Received Import Request.
  Time since last request: 0.000033 seconds.
  path: Assets/craftpix-895410-free-jungle-cartoon-2d-game-ui/PNG/match3/star_3.png
  artifactKey: Guid(590a4e3643361924687b2eb52cae6102) Importer(815301076,1909f56bfc062723c751e8b465ee728b)
Start importing Assets/craftpix-895410-free-jungle-cartoon-2d-game-ui/PNG/match3/star_3.png using Guid(590a4e3643361924687b2eb52cae6102) Importer(815301076,1909f56bfc062723c751e8b465ee728b) (PreviewImporter) -> (artifact id: '90da17c5f3baea9ae80507e5c708444a') in 0.0150664 seconds
Number of updated asset objects reloaded before import = 0Number of asset objects unloaded after import = 2

========================================================================
Received Import Request.
  Time since last request: 17.234933 seconds.
  path: Assets/craftpix-895410-free-jungle-cartoon-2d-game-ui/PNG/pause/table.png
  artifactKey: Guid(3f71ac48879db11479e84afef7c93eaa) Importer(815301076,1909f56bfc062723c751e8b465ee728b)
Start importing Assets/craftpix-895410-free-jungle-cartoon-2d-game-ui/PNG/pause/table.png using Guid(3f71ac48879db11479e84afef7c93eaa) Importer(815301076,1909f56bfc062723c751e8b465ee728b) (PreviewImporter) -> (artifact id: 'd28c38a4bd6121ca6351f92ec44ecec2') in 0.0098441 seconds
Number of updated asset objects reloaded before import = 0Number of asset objects unloaded after import = 2

========================================================================
Received Import Request.
  Time since last request: 0.000029 seconds.
  path: Assets/craftpix-895410-free-jungle-cartoon-2d-game-ui/PNG/pause/text.png
  artifactKey: Guid(e98d959c80d2b14428ab9be0c7077afa) Importer(815301076,1909f56bfc062723c751e8b465ee728b)
Start importing Assets/craftpix-895410-free-jungle-cartoon-2d-game-ui/PNG/pause/text.png using Guid(e98d959c80d2b14428ab9be0c7077afa) Importer(815301076,1909f56bfc062723c751e8b465ee728b) (PreviewImporter) -> (artifact id: '7d5b5915d8a7bb32d4e42cac17f8eb0e') in 0.0165123 seconds
Number of updated asset objects reloaded before import = 0Number of asset objects unloaded after import = 2

========================================================================
Received Import Request.
  Time since last request: 3.034817 seconds.
  path: Assets/craftpix-895410-free-jungle-cartoon-2d-game-ui/PNG/settings/94.png
  artifactKey: Guid(d890072ecba023444b56764d6a9f1eb0) Importer(815301076,1909f56bfc062723c751e8b465ee728b)
Start importing Assets/craftpix-895410-free-jungle-cartoon-2d-game-ui/PNG/settings/94.png using Guid(d890072ecba023444b56764d6a9f1eb0) Importer(815301076,1909f56bfc062723c751e8b465ee728b) (PreviewImporter) -> (artifact id: 'c7ce1c4106950afa228633d03f349b16') in 0.0174473 seconds
Number of updated asset objects reloaded before import = 0Number of asset objects unloaded after import = 2

========================================================================
Received Import Request.
  Time since last request: 0.000024 seconds.
  path: Assets/craftpix-895410-free-jungle-cartoon-2d-game-ui/PNG/settings/bg.png
  artifactKey: Guid(41cd61cecdd000d488a91413d2f94301) Importer(815301076,1909f56bfc062723c751e8b465ee728b)
Start importing Assets/craftpix-895410-free-jungle-cartoon-2d-game-ui/PNG/settings/bg.png using Guid(41cd61cecdd000d488a91413d2f94301) Importer(815301076,1909f56bfc062723c751e8b465ee728b) (PreviewImporter) -> (artifact id: 'da1d46959e66d2b771bd06ec6dd6e20f') in 0.0194228 seconds
Number of updated asset objects reloaded before import = 0Number of asset objects unloaded after import = 2

========================================================================
Received Import Request.
  Time since last request: 0.000038 seconds.
  path: Assets/craftpix-895410-free-jungle-cartoon-2d-game-ui/PNG/settings/98.png
  artifactKey: Guid(bd4eb7ba6f111a7449917cb24423ff60) Importer(815301076,1909f56bfc062723c751e8b465ee728b)
Start importing Assets/craftpix-895410-free-jungle-cartoon-2d-game-ui/PNG/settings/98.png using Guid(bd4eb7ba6f111a7449917cb24423ff60) Importer(815301076,1909f56bfc062723c751e8b465ee728b) (PreviewImporter) -> (artifact id: 'fcd142e7825056caca73dc59c537546c') in 0.0179449 seconds
Number of updated asset objects reloaded before import = 0Number of asset objects unloaded after import = 2

========================================================================
Received Import Request.
  Time since last request: 5.339781 seconds.
  path: Assets/craftpix-895410-free-jungle-cartoon-2d-game-ui/PNG/upgrade/bg.png
  artifactKey: Guid(40bb5f5e09791dd4aae608701c2e100f) Importer(815301076,1909f56bfc062723c751e8b465ee728b)
Start importing Assets/craftpix-895410-free-jungle-cartoon-2d-game-ui/PNG/upgrade/bg.png using Guid(40bb5f5e09791dd4aae608701c2e100f) Importer(815301076,1909f56bfc062723c751e8b465ee728b) (PreviewImporter) -> (artifact id: '2151273baf0f34fac60f1ebf72b4767c') in 0.0179763 seconds
Number of updated asset objects reloaded before import = 0Number of asset objects unloaded after import = 2

========================================================================
Received Import Request.
  Time since last request: 0.000029 seconds.
  path: Assets/craftpix-895410-free-jungle-cartoon-2d-game-ui/PNG/upgrade/close_2.png
  artifactKey: Guid(11e04c50cdb84bd419978e1bf076711a) Importer(815301076,1909f56bfc062723c751e8b465ee728b)
Start importing Assets/craftpix-895410-free-jungle-cartoon-2d-game-ui/PNG/upgrade/close_2.png using Guid(11e04c50cdb84bd419978e1bf076711a) Importer(815301076,1909f56bfc062723c751e8b465ee728b) (PreviewImporter) -> (artifact id: '81ee9c5da8a1a994e1505c9014bb56e8') in 0.0192273 seconds
Number of updated asset objects reloaded before import = 0Number of asset objects unloaded after import = 2

========================================================================
Received Import Request.
  Time since last request: 0.000031 seconds.
  path: Assets/craftpix-895410-free-jungle-cartoon-2d-game-ui/PNG/upgrade/luck.png
  artifactKey: Guid(26d6ac7b2620a1c4d9ea2db75dc7b02e) Importer(815301076,1909f56bfc062723c751e8b465ee728b)
Start importing Assets/craftpix-895410-free-jungle-cartoon-2d-game-ui/PNG/upgrade/luck.png using Guid(26d6ac7b2620a1c4d9ea2db75dc7b02e) Importer(815301076,1909f56bfc062723c751e8b465ee728b) (PreviewImporter) -> (artifact id: '5f324a57984293a3cdc7f6e740515872') in 0.0172636 seconds
Number of updated asset objects reloaded before import = 0Number of asset objects unloaded after import = 2

========================================================================
Received Import Request.
  Time since last request: 0.000025 seconds.
  path: Assets/craftpix-895410-free-jungle-cartoon-2d-game-ui/PNG/upgrade/header.png
  artifactKey: Guid(1d9f0b1f0fcbb4d488dc9d7539c631b7) Importer(815301076,1909f56bfc062723c751e8b465ee728b)
Start importing Assets/craftpix-895410-free-jungle-cartoon-2d-game-ui/PNG/upgrade/header.png using Guid(1d9f0b1f0fcbb4d488dc9d7539c631b7) Importer(815301076,1909f56bfc062723c751e8b465ee728b) (PreviewImporter) -> (artifact id: 'e977a647e26df86baf2d2c6173201958') in 0.0177782 seconds
Number of updated asset objects reloaded before import = 0Number of asset objects unloaded after import = 2

========================================================================
Received Import Request.
  Time since last request: 10.959633 seconds.
  path: Assets/craftpix-895410-free-jungle-cartoon-2d-game-ui/PNG/rating/btn.png
  artifactKey: Guid(1df038dc9425be04a9334e807fa27ee3) Importer(815301076,1909f56bfc062723c751e8b465ee728b)
Start importing Assets/craftpix-895410-free-jungle-cartoon-2d-game-ui/PNG/rating/btn.png using Guid(1df038dc9425be04a9334e807fa27ee3) Importer(815301076,1909f56bfc062723c751e8b465ee728b) (PreviewImporter) -> (artifact id: 'c62de1683a0c964802df484136761be7') in 0.0829948 seconds
Number of updated asset objects reloaded before import = 0Number of asset objects unloaded after import = 3

========================================================================
Received Import Request.
  Time since last request: 0.000034 seconds.
  path: Assets/craftpix-895410-free-jungle-cartoon-2d-game-ui/PNG/rating/close_2.png
  artifactKey: Guid(a549801ad32a3614c90fca556bdba9b3) Importer(815301076,1909f56bfc062723c751e8b465ee728b)
Start importing Assets/craftpix-895410-free-jungle-cartoon-2d-game-ui/PNG/rating/close_2.png using Guid(a549801ad32a3614c90fca556bdba9b3) Importer(815301076,1909f56bfc062723c751e8b465ee728b) (PreviewImporter) -> (artifact id: '023d2c703fd6ad3d023167f4ba106545') in 0.0210969 seconds
Number of updated asset objects reloaded before import = 0Number of asset objects unloaded after import = 3

========================================================================
Received Prepare
ETC Legacy compression has been deprecated and will be removed in a future release. You can review compressors in "Project Settings > Editor > Texture Compressors".
Begin MonoManager ReloadAssembly
[Licensing::Client] Successfully resolved entitlement details
- Loaded All Assemblies, in  1.004 seconds
Refreshing native plugins compatible for Editor in 1.59 ms, found 3 plugins.
Native extension for iOS target not found
Native extension for Android target not found
Native extension for WindowsStandalone target not found
[Package Manager] Failed to launch server process. Reason: Unity was launched with the -noUpm command-line argument
[Package Manager] Unable to send message (not connected to server process).
[Package Manager] Cannot connect to Unity Package Manager local server
Mono: successfully reloaded assembly
- Finished resetting the current domain, in  0.819 seconds
Domain Reload Profiling: 1817ms
	BeginReloadAssembly (289ms)
		ExecutionOrderSort (0ms)
		DisableScriptedObjects (8ms)
		BackupInstance (0ms)
		ReleaseScriptingObjects (0ms)
		CreateAndSetChildDomain (54ms)
	RebuildCommonClasses (57ms)
	RebuildNativeTypeToScriptingClass (19ms)
	initialDomainReloadingComplete (44ms)
	LoadAllAssembliesAndSetupDomain (590ms)
		LoadAssemblies (523ms)
		RebuildTransferFunctionScriptingTraits (0ms)
		AnalyzeDomain (225ms)
			TypeCache.Refresh (8ms)
				TypeCache.ScanAssembly (0ms)
			BuildScriptInfoCaches (203ms)
			ResolveRequiredComponents (8ms)
	FinalizeReload (820ms)
		ReleaseScriptCaches (0ms)
		RebuildScriptCaches (0ms)
		SetupLoadedEditorAssemblies (659ms)
			LogAssemblyErrors (0ms)
			InitializePlatformSupportModulesInManaged (19ms)
			SetLoadedEditorAssemblies (4ms)
			BeforeProcessingInitializeOnLoad (157ms)
			ProcessInitializeOnLoadAttributes (431ms)
			ProcessInitializeOnLoadMethodAttributes (36ms)
			AfterProcessingInitializeOnLoad (12ms)
			EditorAssembliesLoaded (0ms)
		ExecutionOrderSort2 (0ms)
		AwakeInstancesAfterBackupRestoration (16ms)
Refreshing native plugins compatible for Editor in 2.70 ms, found 3 plugins.
Preloading 0 native plugins for Editor in 0.00 ms.
Unloading 1 Unused Serialized files (Serialized files now loaded: 0)
Unloading 4150 unused Assets / (1.2 MB). Loaded Objects now: 4712.
Memory consumption went from 112.9 MB to 111.7 MB.
Total: 8.714000 ms (FindLiveObjects: 0.867900 ms CreateObjectMapping: 0.791800 ms MarkObjects: 5.361900 ms  DeleteObjects: 1.690700 ms)

Prepare: number of updated asset objects reloaded= 0
========================================================================
Received Prepare
ETC Legacy compression has been deprecated and will be removed in a future release. You can review compressors in "Project Settings > Editor > Texture Compressors".
Begin MonoManager ReloadAssembly
[Licensing::Client] Successfully resolved entitlement details
- Loaded All Assemblies, in  0.785 seconds
Refreshing native plugins compatible for Editor in 1.64 ms, found 3 plugins.
Native extension for iOS target not found
Native extension for Android target not found
Native extension for WindowsStandalone target not found
[Package Manager] Failed to launch server process. Reason: Unity was launched with the -noUpm command-line argument
[Package Manager] Unable to send message (not connected to server process).
[Package Manager] Cannot connect to Unity Package Manager local server
Mono: successfully reloaded assembly
- Finished resetting the current domain, in  0.774 seconds
Domain Reload Profiling: 1555ms
	BeginReloadAssembly (245ms)
		ExecutionOrderSort (0ms)
		DisableScriptedObjects (7ms)
		BackupInstance (0ms)
		ReleaseScriptingObjects (0ms)
		CreateAndSetChildDomain (47ms)
	RebuildCommonClasses (42ms)
	RebuildNativeTypeToScriptingClass (15ms)
	initialDomainReloadingComplete (33ms)
	LoadAllAssembliesAndSetupDomain (445ms)
		LoadAssemblies (391ms)
		RebuildTransferFunctionScriptingTraits (0ms)
		AnalyzeDomain (186ms)
			TypeCache.Refresh (7ms)
				TypeCache.ScanAssembly (0ms)
			BuildScriptInfoCaches (167ms)
			ResolveRequiredComponents (6ms)
	FinalizeReload (775ms)
		ReleaseScriptCaches (0ms)
		RebuildScriptCaches (0ms)
		SetupLoadedEditorAssemblies (632ms)
			LogAssemblyErrors (0ms)
			InitializePlatformSupportModulesInManaged (19ms)
			SetLoadedEditorAssemblies (4ms)
			BeforeProcessingInitializeOnLoad (156ms)
			ProcessInitializeOnLoadAttributes (409ms)
			ProcessInitializeOnLoadMethodAttributes (34ms)
			AfterProcessingInitializeOnLoad (10ms)
			EditorAssembliesLoaded (0ms)
		ExecutionOrderSort2 (0ms)
		AwakeInstancesAfterBackupRestoration (14ms)
Refreshing native plugins compatible for Editor in 2.38 ms, found 3 plugins.
Preloading 0 native plugins for Editor in 0.00 ms.
Unloading 1 Unused Serialized files (Serialized files now loaded: 0)
Unloading 4150 unused Assets / (1.1 MB). Loaded Objects now: 4712.
Memory consumption went from 113.2 MB to 112.1 MB.
Total: 8.217500 ms (FindLiveObjects: 0.771100 ms CreateObjectMapping: 0.297700 ms MarkObjects: 5.614200 ms  DeleteObjects: 1.532700 ms)

Prepare: number of updated asset objects reloaded= 0
========================================================================
Received Prepare
ETC Legacy compression has been deprecated and will be removed in a future release. You can review compressors in "Project Settings > Editor > Texture Compressors".
Begin MonoManager ReloadAssembly
[Licensing::Client] Successfully resolved entitlement details
- Loaded All Assemblies, in  0.774 seconds
Refreshing native plugins compatible for Editor in 2.14 ms, found 3 plugins.
Native extension for iOS target not found
Native extension for Android target not found
Native extension for WindowsStandalone target not found
[Package Manager] Failed to launch server process. Reason: Unity was launched with the -noUpm command-line argument
[Package Manager] Unable to send message (not connected to server process).
[Package Manager] Cannot connect to Unity Package Manager local server
Mono: successfully reloaded assembly
- Finished resetting the current domain, in  0.769 seconds
Domain Reload Profiling: 1539ms
	BeginReloadAssembly (239ms)
		ExecutionOrderSort (0ms)
		DisableScriptedObjects (8ms)
		BackupInstance (0ms)
		ReleaseScriptingObjects (0ms)
		CreateAndSetChildDomain (44ms)
	RebuildCommonClasses (42ms)
	RebuildNativeTypeToScriptingClass (15ms)
	initialDomainReloadingComplete (32ms)
	LoadAllAssembliesAndSetupDomain (442ms)
		LoadAssemblies (388ms)
		RebuildTransferFunctionScriptingTraits (0ms)
		AnalyzeDomain (182ms)
			TypeCache.Refresh (7ms)
				TypeCache.ScanAssembly (0ms)
			BuildScriptInfoCaches (164ms)
			ResolveRequiredComponents (6ms)
	FinalizeReload (769ms)
		ReleaseScriptCaches (0ms)
		RebuildScriptCaches (0ms)
		SetupLoadedEditorAssemblies (630ms)
			LogAssemblyErrors (0ms)
			InitializePlatformSupportModulesInManaged (16ms)
			SetLoadedEditorAssemblies (4ms)
			BeforeProcessingInitializeOnLoad (155ms)
			ProcessInitializeOnLoadAttributes (407ms)
			ProcessInitializeOnLoadMethodAttributes (36ms)
			AfterProcessingInitializeOnLoad (12ms)
			EditorAssembliesLoaded (0ms)
		ExecutionOrderSort2 (0ms)
		AwakeInstancesAfterBackupRestoration (15ms)
Refreshing native plugins compatible for Editor in 2.57 ms, found 3 plugins.
Preloading 0 native plugins for Editor in 0.00 ms.
Unloading 1 Unused Serialized files (Serialized files now loaded: 0)
Unloading 4150 unused Assets / (1.0 MB). Loaded Objects now: 4712.
Memory consumption went from 113.6 MB to 112.5 MB.
Total: 6.701800 ms (FindLiveObjects: 0.712400 ms CreateObjectMapping: 0.346900 ms MarkObjects: 4.343400 ms  DeleteObjects: 1.297700 ms)

Prepare: number of updated asset objects reloaded= 0
========================================================================
Received Prepare
ETC Legacy compression has been deprecated and will be removed in a future release. You can review compressors in "Project Settings > Editor > Texture Compressors".
Refreshing native plugins compatible for Editor in 2.19 ms, found 3 plugins.
Preloading 0 native plugins for Editor in 0.00 ms.
Unloading 1 Unused Serialized files (Serialized files now loaded: 0)
Unloading 4143 unused Assets / (1.0 MB). Loaded Objects now: 4712.
Memory consumption went from 114.1 MB to 113.0 MB.
Total: 7.465300 ms (FindLiveObjects: 0.652200 ms CreateObjectMapping: 0.246400 ms MarkObjects: 5.146700 ms  DeleteObjects: 1.418600 ms)

Prepare: number of updated asset objects reloaded= 0
========================================================================
Received Prepare
ETC Legacy compression has been deprecated and will be removed in a future release. You can review compressors in "Project Settings > Editor > Texture Compressors".
Refreshing native plugins compatible for Editor in 2.23 ms, found 3 plugins.
Preloading 0 native plugins for Editor in 0.00 ms.
Unloading 1 Unused Serialized files (Serialized files now loaded: 0)
Unloading 4143 unused Assets / (1.0 MB). Loaded Objects now: 4712.
Memory consumption went from 114.4 MB to 113.4 MB.
Total: 7.171200 ms (FindLiveObjects: 0.658300 ms CreateObjectMapping: 0.244100 ms MarkObjects: 4.771000 ms  DeleteObjects: 1.496200 ms)

Prepare: number of updated asset objects reloaded= 0
========================================================================
Received Prepare
ETC Legacy compression has been deprecated and will be removed in a future release. You can review compressors in "Project Settings > Editor > Texture Compressors".
Begin MonoManager ReloadAssembly
[Licensing::Client] Successfully resolved entitlement details
- Loaded All Assemblies, in  0.793 seconds
Refreshing native plugins compatible for Editor in 1.80 ms, found 3 plugins.
Native extension for iOS target not found
Native extension for Android target not found
Native extension for WindowsStandalone target not found
[Package Manager] Failed to launch server process. Reason: Unity was launched with the -noUpm command-line argument
[Package Manager] Unable to send message (not connected to server process).
[Package Manager] Cannot connect to Unity Package Manager local server
Mono: successfully reloaded assembly
- Finished resetting the current domain, in  0.649 seconds
Domain Reload Profiling: 1437ms
	BeginReloadAssembly (243ms)
		ExecutionOrderSort (0ms)
		DisableScriptedObjects (8ms)
		BackupInstance (0ms)
		ReleaseScriptingObjects (0ms)
		CreateAndSetChildDomain (43ms)
	RebuildCommonClasses (45ms)
	RebuildNativeTypeToScriptingClass (15ms)
	initialDomainReloadingComplete (35ms)
	LoadAllAssembliesAndSetupDomain (449ms)
		LoadAssemblies (405ms)
		RebuildTransferFunctionScriptingTraits (0ms)
		AnalyzeDomain (177ms)
			TypeCache.Refresh (9ms)
				TypeCache.ScanAssembly (0ms)
			BuildScriptInfoCaches (155ms)
			ResolveRequiredComponents (6ms)
	FinalizeReload (650ms)
		ReleaseScriptCaches (0ms)
		RebuildScriptCaches (0ms)
		SetupLoadedEditorAssemblies (521ms)
			LogAssemblyErrors (0ms)
			InitializePlatformSupportModulesInManaged (14ms)
			SetLoadedEditorAssemblies (3ms)
			BeforeProcessingInitializeOnLoad (125ms)
			ProcessInitializeOnLoadAttributes (343ms)
			ProcessInitializeOnLoadMethodAttributes (27ms)
			AfterProcessingInitializeOnLoad (9ms)
			EditorAssembliesLoaded (0ms)
		ExecutionOrderSort2 (0ms)
		AwakeInstancesAfterBackupRestoration (13ms)
Refreshing native plugins compatible for Editor in 1.88 ms, found 3 plugins.
Preloading 0 native plugins for Editor in 0.00 ms.
Unloading 1 Unused Serialized files (Serialized files now loaded: 0)
Unloading 4150 unused Assets / (1.0 MB). Loaded Objects now: 4712.
Memory consumption went from 114.6 MB to 113.6 MB.
Total: 6.414900 ms (FindLiveObjects: 0.686100 ms CreateObjectMapping: 0.214100 ms MarkObjects: 4.411300 ms  DeleteObjects: 1.102200 ms)

Prepare: number of updated asset objects reloaded= 0
========================================================================
Received Prepare
ETC Legacy compression has been deprecated and will be removed in a future release. You can review compressors in "Project Settings > Editor > Texture Compressors".
Begin MonoManager ReloadAssembly
- Loaded All Assemblies, in  0.750 seconds
Refreshing native plugins compatible for Editor in 1.73 ms, found 3 plugins.
Native extension for iOS target not found
Native extension for Android target not found
Native extension for WindowsStandalone target not found
[Package Manager] Failed to launch server process. Reason: Unity was launched with the -noUpm command-line argument
[Package Manager] Unable to send message (not connected to server process).
[Package Manager] Cannot connect to Unity Package Manager local server
Mono: successfully reloaded assembly
- Finished resetting the current domain, in  0.740 seconds
Domain Reload Profiling: 1487ms
	BeginReloadAssembly (230ms)
		ExecutionOrderSort (0ms)
		DisableScriptedObjects (7ms)
		BackupInstance (0ms)
		ReleaseScriptingObjects (0ms)
		CreateAndSetChildDomain (42ms)
	RebuildCommonClasses (42ms)
	RebuildNativeTypeToScriptingClass (14ms)
	initialDomainReloadingComplete (32ms)
	LoadAllAssembliesAndSetupDomain (427ms)
		LoadAssemblies (382ms)
		RebuildTransferFunctionScriptingTraits (0ms)
		AnalyzeDomain (172ms)
			TypeCache.Refresh (7ms)
				TypeCache.ScanAssembly (0ms)
			BuildScriptInfoCaches (153ms)
			ResolveRequiredComponents (7ms)
	FinalizeReload (741ms)
		ReleaseScriptCaches (0ms)
		RebuildScriptCaches (0ms)
		SetupLoadedEditorAssemblies (597ms)
			LogAssemblyErrors (0ms)
			InitializePlatformSupportModulesInManaged (15ms)
			SetLoadedEditorAssemblies (3ms)
			BeforeProcessingInitializeOnLoad (136ms)
			ProcessInitializeOnLoadAttributes (398ms)
			ProcessInitializeOnLoadMethodAttributes (35ms)
			AfterProcessingInitializeOnLoad (11ms)
			EditorAssembliesLoaded (0ms)
		ExecutionOrderSort2 (0ms)
		AwakeInstancesAfterBackupRestoration (13ms)
Refreshing native plugins compatible for Editor in 2.40 ms, found 3 plugins.
Preloading 0 native plugins for Editor in 0.00 ms.
Unloading 1 Unused Serialized files (Serialized files now loaded: 0)
Unloading 4150 unused Assets / (1.2 MB). Loaded Objects now: 4712.
Memory consumption went from 114.9 MB to 113.7 MB.
Total: 7.540200 ms (FindLiveObjects: 0.718600 ms CreateObjectMapping: 0.410400 ms MarkObjects: 4.762100 ms  DeleteObjects: 1.647700 ms)

Prepare: number of updated asset objects reloaded= 0
